sys.path: ['/Users/schmidtj/MalariaVaccineEfficacyPrediction/results/RLR/whole/featureEvaluation', '/Users/schmidtj/opt/anaconda3/envs/malaria_env/lib/python37.zip', '/Users/schmidtj/opt/anaconda3/envs/malaria_env/lib/python3.7', '/Users/schmidtj/opt/anaconda3/envs/malaria_env/lib/python3.7/lib-dynload', '/Users/schmidtj/opt/anaconda3/envs/malaria_env/lib/python3.7/site-packages', '/Users/schmidtj/MalariaVaccineEfficacyPrediction']
scikit-learn version: 1.0.2
pandas version: 1.3.5
numpy version: 1.21.2
scipy version: 1.7.3
Parameter combination for best mean AUC at time point C-1 :
Parameters: {'logisticregression__C': 0.1, 'logisticregression__l1_ratio': 0.7}

Start feature evaluation with dose as auxillary feature:
Pipeline(steps=[('standardscaler', StandardScaler()),
                ('logisticregression',
                 LogisticRegression(C=0.1, l1_ratio=0.7, max_iter=10000,
                                    penalty='elasticnet', solver='saga'))])
Number of non-zero weights: 14
                                 Pf_antigen_ID    weight
40    PFC10_API0059.iso1.exon1.amp1_short_1180 -0.139557
5570        PF3D7_0618300.iso1.exon1.amp1_1184 -0.113564
1101        PF3D7_1404600.iso3.exon5.amp1_1181 -0.100585
6065        PF3D7_0511700.iso1.exon4.amp1_2340 -0.099223
1144        PF3D7_1401900.iso1.exon4.amp1_3493 -0.052938
7176        PF3D7_0201800.iso1.exon3.amp1_2338 -0.046509
2428        PF3D7_1229000.iso1.exon1.amp2_2206 -0.020725
4277        PF3D7_0916200.iso1.exon1.amp1_2352 -0.019174
2804        PF3D7_1202000.iso1.exon7.amp1_4210 -0.014744
740         PF3D7_1432700.iso1.exon2.amp1_1183 -0.008041
3290        PF3D7_1115900.iso1.exon2.amp1_4360 -0.006709
1516        PF3D7_1345000.iso1.exon2.amp1_1187 -0.002820
1106       PF3D7_1404600.iso2.exon16.amp1_1470 -0.002357
0                                         Dose  0.377711
Results are saved in: /Users/schmidtj/MalariaVaccineEfficacyPrediction/results/RLR/whole/featureEvaluation/RLR_informative_features_whole_data_C-1.tsv
