sys.path: ['/Users/schmidtj/MalariaVaccineEfficacyPrediction/results/RLR/selective/featureEvaluation', '/Users/schmidtj/opt/anaconda3/envs/malaria_env/lib/python37.zip', '/Users/schmidtj/opt/anaconda3/envs/malaria_env/lib/python3.7', '/Users/schmidtj/opt/anaconda3/envs/malaria_env/lib/python3.7/lib-dynload', '/Users/schmidtj/opt/anaconda3/envs/malaria_env/lib/python3.7/site-packages', '/Users/schmidtj/MalariaVaccineEfficacyPrediction']
scikit-learn version: 1.0.2
pandas version: 1.3.5
numpy version: 1.21.2
scipy version: 1.7.3
Parameter combination for best mean AUC at time point C28 :
Parameters: {'logisticregression__C': 1.0, 'logisticregression__l1_ratio': 0.8}

Start feature evaluation with dose as auxillary feature:
Pipeline(steps=[('standardscaler', StandardScaler()),
                ('logisticregression',
                 LogisticRegression(l1_ratio=0.8, max_iter=10000,
                                    penalty='elasticnet', solver='saga'))])
Number of non-zero weights: 25
                           Pf_antigen_ID    weight
383   PF3D7_1121600.iso1.exon2.amp1_2679 -0.808079
1073  PF3D7_0223300.iso1.exon2.amp1_3611 -0.593777
3                          PFB0300c_4064 -0.338357
594   PF3D7_0833300.iso1.exon1.amp1_1870 -0.321710
439                PF3D7_1035200.1o1_117 -0.306759
416   PF3D7_1041100.iso1.exon2.amp1_3013 -0.297019
606   PF3D7_0831500.iso1.exon2.amp1_2951 -0.296179
593   PF3D7_0833400.iso1.exon3.amp1_4185 -0.236339
1015  PF3D7_0401000.iso1.exon1.amp1_2432 -0.111554
805              PF3D7_0703700.e1s1_4460 -0.103676
721              PF3D7_0726400.e5s1_1866 -0.081996
1039              PF3D7_0315400.1o1_3943 -0.074891
834    PF3D7_0632300.iso1.exon2.amp1_423 -0.037611
978               PF3D7_0419700.1o1_3942 -0.026091
939   PF3D7_0425800.iso1.exon2.amp1_4183 -0.025202
1023  PF3D7_0400400.iso1.exon1.amp1_1294 -0.013678
1078  PF3D7_0222700.iso1.exon2.amp1_1289 -0.010402
1072  PF3D7_0223400.iso1.exon2.amp1_1856 -0.001297
849    PF3D7_0619800.iso1.exon1.amp3_747  0.000925
531    PF3D7_0936500.iso1.exon1.amp1_973  0.040684
989   PF3D7_0412700.iso1.exon2.amp2_1081  0.090979
1151               PF3D7_0113300.2o2_759  0.177013
663                PF3D7_0804500.e3_3113  0.421812
2                          PFC0210c_2763  0.661862
0                                   Dose  0.683764
Results are saved in: /Users/schmidtj/MalariaVaccineEfficacyPrediction/results/RLR/selective/featureEvaluation/RLR_informative_features_selective_data_C28.tsv
