/home/breuter/anaconda3/envs/malaria_env/lib/python3.7/site-packages/sklearn/metrics/_classification.py:1318: UndefinedMetricWarning: Precision is ill-defined and being set to 0.0 due to no predicted samples. Use `zero_division` parameter to control this behavior.
  _warn_prf(average, modifier, msg_start, len(result))
  File "rncv.py", line 665, in <module>
    kernel_dir=args.kernel_dir,
  File "rncv.py", line 216, in main
    clf_grid.fit(X, y, None, groups)
  File "/home/breuter/NestedCV/nestedcv/_nestedcv.py", line 2654, in fit
    y_p['proba'][key], scoring=inner_key
  File "/home/breuter/NestedCV/nestedcv/_nestedcv.py", line 2000, in _score
    score = markedness(y, y_pred)
  File "/home/breuter/NestedCV/nestedcv/_nestedcv.py", line 452, in markedness
    sample_weight=None, zero_division='warn')
  File "/home/breuter/anaconda3/envs/malaria_env/lib/python3.7/site-packages/sklearn/metrics/_classification.py", line 1765, in precision_score
    zero_division=zero_division,
  File "/home/breuter/anaconda3/envs/malaria_env/lib/python3.7/site-packages/sklearn/metrics/_classification.py", line 1570, in precision_recall_fscore_support
    tp_sum, pred_sum, "precision", "predicted", average, warn_for, zero_division
  File "/home/breuter/anaconda3/envs/malaria_env/lib/python3.7/site-packages/sklearn/metrics/_classification.py", line 1318, in _prf_divide
    _warn_prf(average, modifier, msg_start, len(result))
  File "/home/breuter/anaconda3/envs/malaria_env/lib/python3.7/site-packages/sklearn/metrics/_classification.py", line 1336, in _warn_prf
    warnings.warn(msg, UndefinedMetricWarning, stacklevel=2)
  File "/home/breuter/anaconda3/envs/malaria_env/lib/python3.7/warnings.py", line 110, in _showwarnmsg
    msg.file, msg.line)
  File "rncv.py", line 536, in warn_with_traceback
    traceback.print_stack(file=warning_file)
/home/breuter/anaconda3/envs/malaria_env/lib/python3.7/site-packages/sklearn/metrics/_classification.py:1318: UndefinedMetricWarning: Precision is ill-defined and being set to 0.0 due to no predicted samples. Use `zero_division` parameter to control this behavior.
  _warn_prf(average, modifier, msg_start, len(result))
  File "rncv.py", line 665, in <module>
    kernel_dir=args.kernel_dir,
  File "rncv.py", line 216, in main
    clf_grid.fit(X, y, None, groups)
  File "/home/breuter/NestedCV/nestedcv/_nestedcv.py", line 2654, in fit
    y_p['proba'][key], scoring=inner_key
  File "/home/breuter/NestedCV/nestedcv/_nestedcv.py", line 2017, in _score
    sample_weight=None, zero_division='warn'
  File "/home/breuter/anaconda3/envs/malaria_env/lib/python3.7/site-packages/sklearn/metrics/_classification.py", line 1765, in precision_score
    zero_division=zero_division,
  File "/home/breuter/anaconda3/envs/malaria_env/lib/python3.7/site-packages/sklearn/metrics/_classification.py", line 1570, in precision_recall_fscore_support
    tp_sum, pred_sum, "precision", "predicted", average, warn_for, zero_division
  File "/home/breuter/anaconda3/envs/malaria_env/lib/python3.7/site-packages/sklearn/metrics/_classification.py", line 1318, in _prf_divide
    _warn_prf(average, modifier, msg_start, len(result))
  File "/home/breuter/anaconda3/envs/malaria_env/lib/python3.7/site-packages/sklearn/metrics/_classification.py", line 1336, in _warn_prf
    warnings.warn(msg, UndefinedMetricWarning, stacklevel=2)
  File "/home/breuter/anaconda3/envs/malaria_env/lib/python3.7/warnings.py", line 110, in _showwarnmsg
    msg.file, msg.line)
  File "rncv.py", line 536, in warn_with_traceback
    traceback.print_stack(file=warning_file)
/home/breuter/anaconda3/envs/malaria_env/lib/python3.7/site-packages/sklearn/metrics/_classification.py:1318: UndefinedMetricWarning: Precision is ill-defined and being set to 0.0 due to no predicted samples. Use `zero_division` parameter to control this behavior.
  _warn_prf(average, modifier, msg_start, len(result))
  File "rncv.py", line 665, in <module>
    kernel_dir=args.kernel_dir,
  File "rncv.py", line 216, in main
    clf_grid.fit(X, y, None, groups)
  File "/home/breuter/NestedCV/nestedcv/_nestedcv.py", line 2654, in fit
    y_p['proba'][key], scoring=inner_key
  File "/home/breuter/NestedCV/nestedcv/_nestedcv.py", line 2000, in _score
    score = markedness(y, y_pred)
  File "/home/breuter/NestedCV/nestedcv/_nestedcv.py", line 452, in markedness
    sample_weight=None, zero_division='warn')
  File "/home/breuter/anaconda3/envs/malaria_env/lib/python3.7/site-packages/sklearn/metrics/_classification.py", line 1765, in precision_score
    zero_division=zero_division,
  File "/home/breuter/anaconda3/envs/malaria_env/lib/python3.7/site-packages/sklearn/metrics/_classification.py", line 1570, in precision_recall_fscore_support
    tp_sum, pred_sum, "precision", "predicted", average, warn_for, zero_division
  File "/home/breuter/anaconda3/envs/malaria_env/lib/python3.7/site-packages/sklearn/metrics/_classification.py", line 1318, in _prf_divide
    _warn_prf(average, modifier, msg_start, len(result))
  File "/home/breuter/anaconda3/envs/malaria_env/lib/python3.7/site-packages/sklearn/metrics/_classification.py", line 1336, in _warn_prf
    warnings.warn(msg, UndefinedMetricWarning, stacklevel=2)
  File "/home/breuter/anaconda3/envs/malaria_env/lib/python3.7/warnings.py", line 110, in _showwarnmsg
    msg.file, msg.line)
  File "rncv.py", line 536, in warn_with_traceback
    traceback.print_stack(file=warning_file)
/home/breuter/anaconda3/envs/malaria_env/lib/python3.7/site-packages/sklearn/metrics/_classification.py:1318: UndefinedMetricWarning: Precision is ill-defined and being set to 0.0 due to no predicted samples. Use `zero_division` parameter to control this behavior.
  _warn_prf(average, modifier, msg_start, len(result))
  File "rncv.py", line 665, in <module>
    kernel_dir=args.kernel_dir,
  File "rncv.py", line 216, in main
    clf_grid.fit(X, y, None, groups)
  File "/home/breuter/NestedCV/nestedcv/_nestedcv.py", line 2654, in fit
    y_p['proba'][key], scoring=inner_key
  File "/home/breuter/NestedCV/nestedcv/_nestedcv.py", line 2017, in _score
    sample_weight=None, zero_division='warn'
  File "/home/breuter/anaconda3/envs/malaria_env/lib/python3.7/site-packages/sklearn/metrics/_classification.py", line 1765, in precision_score
    zero_division=zero_division,
  File "/home/breuter/anaconda3/envs/malaria_env/lib/python3.7/site-packages/sklearn/metrics/_classification.py", line 1570, in precision_recall_fscore_support
    tp_sum, pred_sum, "precision", "predicted", average, warn_for, zero_division
  File "/home/breuter/anaconda3/envs/malaria_env/lib/python3.7/site-packages/sklearn/metrics/_classification.py", line 1318, in _prf_divide
    _warn_prf(average, modifier, msg_start, len(result))
  File "/home/breuter/anaconda3/envs/malaria_env/lib/python3.7/site-packages/sklearn/metrics/_classification.py", line 1336, in _warn_prf
    warnings.warn(msg, UndefinedMetricWarning, stacklevel=2)
  File "/home/breuter/anaconda3/envs/malaria_env/lib/python3.7/warnings.py", line 110, in _showwarnmsg
    msg.file, msg.line)
  File "rncv.py", line 536, in warn_with_traceback
    traceback.print_stack(file=warning_file)
/home/breuter/anaconda3/envs/malaria_env/lib/python3.7/site-packages/sklearn/metrics/_classification.py:1318: UndefinedMetricWarning: Precision is ill-defined and being set to 0.0 due to no predicted samples. Use `zero_division` parameter to control this behavior.
  _warn_prf(average, modifier, msg_start, len(result))
  File "rncv.py", line 665, in <module>
    kernel_dir=args.kernel_dir,
  File "rncv.py", line 216, in main
    clf_grid.fit(X, y, None, groups)
  File "/home/breuter/NestedCV/nestedcv/_nestedcv.py", line 2654, in fit
    y_p['proba'][key], scoring=inner_key
  File "/home/breuter/NestedCV/nestedcv/_nestedcv.py", line 2000, in _score
    score = markedness(y, y_pred)
  File "/home/breuter/NestedCV/nestedcv/_nestedcv.py", line 452, in markedness
    sample_weight=None, zero_division='warn')
  File "/home/breuter/anaconda3/envs/malaria_env/lib/python3.7/site-packages/sklearn/metrics/_classification.py", line 1765, in precision_score
    zero_division=zero_division,
  File "/home/breuter/anaconda3/envs/malaria_env/lib/python3.7/site-packages/sklearn/metrics/_classification.py", line 1570, in precision_recall_fscore_support
    tp_sum, pred_sum, "precision", "predicted", average, warn_for, zero_division
  File "/home/breuter/anaconda3/envs/malaria_env/lib/python3.7/site-packages/sklearn/metrics/_classification.py", line 1318, in _prf_divide
    _warn_prf(average, modifier, msg_start, len(result))
  File "/home/breuter/anaconda3/envs/malaria_env/lib/python3.7/site-packages/sklearn/metrics/_classification.py", line 1336, in _warn_prf
    warnings.warn(msg, UndefinedMetricWarning, stacklevel=2)
  File "/home/breuter/anaconda3/envs/malaria_env/lib/python3.7/warnings.py", line 110, in _showwarnmsg
    msg.file, msg.line)
  File "rncv.py", line 536, in warn_with_traceback
    traceback.print_stack(file=warning_file)
/home/breuter/anaconda3/envs/malaria_env/lib/python3.7/site-packages/sklearn/metrics/_classification.py:1318: UndefinedMetricWarning: Precision is ill-defined and being set to 0.0 due to no predicted samples. Use `zero_division` parameter to control this behavior.
  _warn_prf(average, modifier, msg_start, len(result))
  File "rncv.py", line 665, in <module>
    kernel_dir=args.kernel_dir,
  File "rncv.py", line 216, in main
    clf_grid.fit(X, y, None, groups)
  File "/home/breuter/NestedCV/nestedcv/_nestedcv.py", line 2654, in fit
    y_p['proba'][key], scoring=inner_key
  File "/home/breuter/NestedCV/nestedcv/_nestedcv.py", line 2017, in _score
    sample_weight=None, zero_division='warn'
  File "/home/breuter/anaconda3/envs/malaria_env/lib/python3.7/site-packages/sklearn/metrics/_classification.py", line 1765, in precision_score
    zero_division=zero_division,
  File "/home/breuter/anaconda3/envs/malaria_env/lib/python3.7/site-packages/sklearn/metrics/_classification.py", line 1570, in precision_recall_fscore_support
    tp_sum, pred_sum, "precision", "predicted", average, warn_for, zero_division
  File "/home/breuter/anaconda3/envs/malaria_env/lib/python3.7/site-packages/sklearn/metrics/_classification.py", line 1318, in _prf_divide
    _warn_prf(average, modifier, msg_start, len(result))
  File "/home/breuter/anaconda3/envs/malaria_env/lib/python3.7/site-packages/sklearn/metrics/_classification.py", line 1336, in _warn_prf
    warnings.warn(msg, UndefinedMetricWarning, stacklevel=2)
  File "/home/breuter/anaconda3/envs/malaria_env/lib/python3.7/warnings.py", line 110, in _showwarnmsg
    msg.file, msg.line)
  File "rncv.py", line 536, in warn_with_traceback
    traceback.print_stack(file=warning_file)
/home/breuter/anaconda3/envs/malaria_env/lib/python3.7/site-packages/sklearn/metrics/_classification.py:1318: UndefinedMetricWarning: Precision is ill-defined and being set to 0.0 due to no predicted samples. Use `zero_division` parameter to control this behavior.
  _warn_prf(average, modifier, msg_start, len(result))
  File "rncv.py", line 665, in <module>
    kernel_dir=args.kernel_dir,
  File "rncv.py", line 216, in main
    clf_grid.fit(X, y, None, groups)
  File "/home/breuter/NestedCV/nestedcv/_nestedcv.py", line 2654, in fit
    y_p['proba'][key], scoring=inner_key
  File "/home/breuter/NestedCV/nestedcv/_nestedcv.py", line 2000, in _score
    score = markedness(y, y_pred)
  File "/home/breuter/NestedCV/nestedcv/_nestedcv.py", line 452, in markedness
    sample_weight=None, zero_division='warn')
  File "/home/breuter/anaconda3/envs/malaria_env/lib/python3.7/site-packages/sklearn/metrics/_classification.py", line 1765, in precision_score
    zero_division=zero_division,
  File "/home/breuter/anaconda3/envs/malaria_env/lib/python3.7/site-packages/sklearn/metrics/_classification.py", line 1570, in precision_recall_fscore_support
    tp_sum, pred_sum, "precision", "predicted", average, warn_for, zero_division
  File "/home/breuter/anaconda3/envs/malaria_env/lib/python3.7/site-packages/sklearn/metrics/_classification.py", line 1318, in _prf_divide
    _warn_prf(average, modifier, msg_start, len(result))
  File "/home/breuter/anaconda3/envs/malaria_env/lib/python3.7/site-packages/sklearn/metrics/_classification.py", line 1336, in _warn_prf
    warnings.warn(msg, UndefinedMetricWarning, stacklevel=2)
  File "/home/breuter/anaconda3/envs/malaria_env/lib/python3.7/warnings.py", line 110, in _showwarnmsg
    msg.file, msg.line)
  File "rncv.py", line 536, in warn_with_traceback
    traceback.print_stack(file=warning_file)
/home/breuter/anaconda3/envs/malaria_env/lib/python3.7/site-packages/sklearn/metrics/_classification.py:1318: UndefinedMetricWarning: Precision is ill-defined and being set to 0.0 due to no predicted samples. Use `zero_division` parameter to control this behavior.
  _warn_prf(average, modifier, msg_start, len(result))
  File "rncv.py", line 665, in <module>
    kernel_dir=args.kernel_dir,
  File "rncv.py", line 216, in main
    clf_grid.fit(X, y, None, groups)
  File "/home/breuter/NestedCV/nestedcv/_nestedcv.py", line 2654, in fit
    y_p['proba'][key], scoring=inner_key
  File "/home/breuter/NestedCV/nestedcv/_nestedcv.py", line 2017, in _score
    sample_weight=None, zero_division='warn'
  File "/home/breuter/anaconda3/envs/malaria_env/lib/python3.7/site-packages/sklearn/metrics/_classification.py", line 1765, in precision_score
    zero_division=zero_division,
  File "/home/breuter/anaconda3/envs/malaria_env/lib/python3.7/site-packages/sklearn/metrics/_classification.py", line 1570, in precision_recall_fscore_support
    tp_sum, pred_sum, "precision", "predicted", average, warn_for, zero_division
  File "/home/breuter/anaconda3/envs/malaria_env/lib/python3.7/site-packages/sklearn/metrics/_classification.py", line 1318, in _prf_divide
    _warn_prf(average, modifier, msg_start, len(result))
  File "/home/breuter/anaconda3/envs/malaria_env/lib/python3.7/site-packages/sklearn/metrics/_classification.py", line 1336, in _warn_prf
    warnings.warn(msg, UndefinedMetricWarning, stacklevel=2)
  File "/home/breuter/anaconda3/envs/malaria_env/lib/python3.7/warnings.py", line 110, in _showwarnmsg
    msg.file, msg.line)
  File "rncv.py", line 536, in warn_with_traceback
    traceback.print_stack(file=warning_file)
/home/breuter/anaconda3/envs/malaria_env/lib/python3.7/site-packages/sklearn/metrics/_classification.py:1318: UndefinedMetricWarning: Precision is ill-defined and being set to 0.0 due to no predicted samples. Use `zero_division` parameter to control this behavior.
  _warn_prf(average, modifier, msg_start, len(result))
  File "rncv.py", line 665, in <module>
    kernel_dir=args.kernel_dir,
  File "rncv.py", line 216, in main
    clf_grid.fit(X, y, None, groups)
  File "/home/breuter/NestedCV/nestedcv/_nestedcv.py", line 2654, in fit
    y_p['proba'][key], scoring=inner_key
  File "/home/breuter/NestedCV/nestedcv/_nestedcv.py", line 2000, in _score
    score = markedness(y, y_pred)
  File "/home/breuter/NestedCV/nestedcv/_nestedcv.py", line 452, in markedness
    sample_weight=None, zero_division='warn')
  File "/home/breuter/anaconda3/envs/malaria_env/lib/python3.7/site-packages/sklearn/metrics/_classification.py", line 1765, in precision_score
    zero_division=zero_division,
  File "/home/breuter/anaconda3/envs/malaria_env/lib/python3.7/site-packages/sklearn/metrics/_classification.py", line 1570, in precision_recall_fscore_support
    tp_sum, pred_sum, "precision", "predicted", average, warn_for, zero_division
  File "/home/breuter/anaconda3/envs/malaria_env/lib/python3.7/site-packages/sklearn/metrics/_classification.py", line 1318, in _prf_divide
    _warn_prf(average, modifier, msg_start, len(result))
  File "/home/breuter/anaconda3/envs/malaria_env/lib/python3.7/site-packages/sklearn/metrics/_classification.py", line 1336, in _warn_prf
    warnings.warn(msg, UndefinedMetricWarning, stacklevel=2)
  File "/home/breuter/anaconda3/envs/malaria_env/lib/python3.7/warnings.py", line 110, in _showwarnmsg
    msg.file, msg.line)
  File "rncv.py", line 536, in warn_with_traceback
    traceback.print_stack(file=warning_file)
/home/breuter/anaconda3/envs/malaria_env/lib/python3.7/site-packages/sklearn/metrics/_classification.py:1318: UndefinedMetricWarning: Precision is ill-defined and being set to 0.0 due to no predicted samples. Use `zero_division` parameter to control this behavior.
  _warn_prf(average, modifier, msg_start, len(result))
  File "rncv.py", line 665, in <module>
    kernel_dir=args.kernel_dir,
  File "rncv.py", line 216, in main
    clf_grid.fit(X, y, None, groups)
  File "/home/breuter/NestedCV/nestedcv/_nestedcv.py", line 2654, in fit
    y_p['proba'][key], scoring=inner_key
  File "/home/breuter/NestedCV/nestedcv/_nestedcv.py", line 2017, in _score
    sample_weight=None, zero_division='warn'
  File "/home/breuter/anaconda3/envs/malaria_env/lib/python3.7/site-packages/sklearn/metrics/_classification.py", line 1765, in precision_score
    zero_division=zero_division,
  File "/home/breuter/anaconda3/envs/malaria_env/lib/python3.7/site-packages/sklearn/metrics/_classification.py", line 1570, in precision_recall_fscore_support
    tp_sum, pred_sum, "precision", "predicted", average, warn_for, zero_division
  File "/home/breuter/anaconda3/envs/malaria_env/lib/python3.7/site-packages/sklearn/metrics/_classification.py", line 1318, in _prf_divide
    _warn_prf(average, modifier, msg_start, len(result))
  File "/home/breuter/anaconda3/envs/malaria_env/lib/python3.7/site-packages/sklearn/metrics/_classification.py", line 1336, in _warn_prf
    warnings.warn(msg, UndefinedMetricWarning, stacklevel=2)
  File "/home/breuter/anaconda3/envs/malaria_env/lib/python3.7/warnings.py", line 110, in _showwarnmsg
    msg.file, msg.line)
  File "rncv.py", line 536, in warn_with_traceback
    traceback.print_stack(file=warning_file)
/home/breuter/anaconda3/envs/malaria_env/lib/python3.7/site-packages/sklearn/metrics/_classification.py:1318: UndefinedMetricWarning: Precision is ill-defined and being set to 0.0 due to no predicted samples. Use `zero_division` parameter to control this behavior.
  _warn_prf(average, modifier, msg_start, len(result))
  File "rncv.py", line 665, in <module>
    kernel_dir=args.kernel_dir,
  File "rncv.py", line 216, in main
    clf_grid.fit(X, y, None, groups)
  File "/home/breuter/NestedCV/nestedcv/_nestedcv.py", line 2654, in fit
    y_p['proba'][key], scoring=inner_key
  File "/home/breuter/NestedCV/nestedcv/_nestedcv.py", line 2000, in _score
    score = markedness(y, y_pred)
  File "/home/breuter/NestedCV/nestedcv/_nestedcv.py", line 452, in markedness
    sample_weight=None, zero_division='warn')
  File "/home/breuter/anaconda3/envs/malaria_env/lib/python3.7/site-packages/sklearn/metrics/_classification.py", line 1765, in precision_score
    zero_division=zero_division,
  File "/home/breuter/anaconda3/envs/malaria_env/lib/python3.7/site-packages/sklearn/metrics/_classification.py", line 1570, in precision_recall_fscore_support
    tp_sum, pred_sum, "precision", "predicted", average, warn_for, zero_division
  File "/home/breuter/anaconda3/envs/malaria_env/lib/python3.7/site-packages/sklearn/metrics/_classification.py", line 1318, in _prf_divide
    _warn_prf(average, modifier, msg_start, len(result))
  File "/home/breuter/anaconda3/envs/malaria_env/lib/python3.7/site-packages/sklearn/metrics/_classification.py", line 1336, in _warn_prf
    warnings.warn(msg, UndefinedMetricWarning, stacklevel=2)
  File "/home/breuter/anaconda3/envs/malaria_env/lib/python3.7/warnings.py", line 110, in _showwarnmsg
    msg.file, msg.line)
  File "rncv.py", line 536, in warn_with_traceback
    traceback.print_stack(file=warning_file)
/home/breuter/anaconda3/envs/malaria_env/lib/python3.7/site-packages/sklearn/metrics/_classification.py:1318: UndefinedMetricWarning: Precision is ill-defined and being set to 0.0 due to no predicted samples. Use `zero_division` parameter to control this behavior.
  _warn_prf(average, modifier, msg_start, len(result))
  File "rncv.py", line 665, in <module>
    kernel_dir=args.kernel_dir,
  File "rncv.py", line 216, in main
    clf_grid.fit(X, y, None, groups)
  File "/home/breuter/NestedCV/nestedcv/_nestedcv.py", line 2654, in fit
    y_p['proba'][key], scoring=inner_key
  File "/home/breuter/NestedCV/nestedcv/_nestedcv.py", line 2017, in _score
    sample_weight=None, zero_division='warn'
  File "/home/breuter/anaconda3/envs/malaria_env/lib/python3.7/site-packages/sklearn/metrics/_classification.py", line 1765, in precision_score
    zero_division=zero_division,
  File "/home/breuter/anaconda3/envs/malaria_env/lib/python3.7/site-packages/sklearn/metrics/_classification.py", line 1570, in precision_recall_fscore_support
    tp_sum, pred_sum, "precision", "predicted", average, warn_for, zero_division
  File "/home/breuter/anaconda3/envs/malaria_env/lib/python3.7/site-packages/sklearn/metrics/_classification.py", line 1318, in _prf_divide
    _warn_prf(average, modifier, msg_start, len(result))
  File "/home/breuter/anaconda3/envs/malaria_env/lib/python3.7/site-packages/sklearn/metrics/_classification.py", line 1336, in _warn_prf
    warnings.warn(msg, UndefinedMetricWarning, stacklevel=2)
  File "/home/breuter/anaconda3/envs/malaria_env/lib/python3.7/warnings.py", line 110, in _showwarnmsg
    msg.file, msg.line)
  File "rncv.py", line 536, in warn_with_traceback
    traceback.print_stack(file=warning_file)
/home/breuter/anaconda3/envs/malaria_env/lib/python3.7/site-packages/sklearn/metrics/_classification.py:1318: UndefinedMetricWarning: Precision is ill-defined and being set to 0.0 due to no predicted samples. Use `zero_division` parameter to control this behavior.
  _warn_prf(average, modifier, msg_start, len(result))
  File "rncv.py", line 665, in <module>
    kernel_dir=args.kernel_dir,
  File "rncv.py", line 216, in main
    clf_grid.fit(X, y, None, groups)
  File "/home/breuter/NestedCV/nestedcv/_nestedcv.py", line 2654, in fit
    y_p['proba'][key], scoring=inner_key
  File "/home/breuter/NestedCV/nestedcv/_nestedcv.py", line 2000, in _score
    score = markedness(y, y_pred)
  File "/home/breuter/NestedCV/nestedcv/_nestedcv.py", line 452, in markedness
    sample_weight=None, zero_division='warn')
  File "/home/breuter/anaconda3/envs/malaria_env/lib/python3.7/site-packages/sklearn/metrics/_classification.py", line 1765, in precision_score
    zero_division=zero_division,
  File "/home/breuter/anaconda3/envs/malaria_env/lib/python3.7/site-packages/sklearn/metrics/_classification.py", line 1570, in precision_recall_fscore_support
    tp_sum, pred_sum, "precision", "predicted", average, warn_for, zero_division
  File "/home/breuter/anaconda3/envs/malaria_env/lib/python3.7/site-packages/sklearn/metrics/_classification.py", line 1318, in _prf_divide
    _warn_prf(average, modifier, msg_start, len(result))
  File "/home/breuter/anaconda3/envs/malaria_env/lib/python3.7/site-packages/sklearn/metrics/_classification.py", line 1336, in _warn_prf
    warnings.warn(msg, UndefinedMetricWarning, stacklevel=2)
  File "/home/breuter/anaconda3/envs/malaria_env/lib/python3.7/warnings.py", line 110, in _showwarnmsg
    msg.file, msg.line)
  File "rncv.py", line 536, in warn_with_traceback
    traceback.print_stack(file=warning_file)
/home/breuter/anaconda3/envs/malaria_env/lib/python3.7/site-packages/sklearn/metrics/_classification.py:1318: UndefinedMetricWarning: Precision is ill-defined and being set to 0.0 due to no predicted samples. Use `zero_division` parameter to control this behavior.
  _warn_prf(average, modifier, msg_start, len(result))
  File "rncv.py", line 665, in <module>
    kernel_dir=args.kernel_dir,
  File "rncv.py", line 216, in main
    clf_grid.fit(X, y, None, groups)
  File "/home/breuter/NestedCV/nestedcv/_nestedcv.py", line 2654, in fit
    y_p['proba'][key], scoring=inner_key
  File "/home/breuter/NestedCV/nestedcv/_nestedcv.py", line 2017, in _score
    sample_weight=None, zero_division='warn'
  File "/home/breuter/anaconda3/envs/malaria_env/lib/python3.7/site-packages/sklearn/metrics/_classification.py", line 1765, in precision_score
    zero_division=zero_division,
  File "/home/breuter/anaconda3/envs/malaria_env/lib/python3.7/site-packages/sklearn/metrics/_classification.py", line 1570, in precision_recall_fscore_support
    tp_sum, pred_sum, "precision", "predicted", average, warn_for, zero_division
  File "/home/breuter/anaconda3/envs/malaria_env/lib/python3.7/site-packages/sklearn/metrics/_classification.py", line 1318, in _prf_divide
    _warn_prf(average, modifier, msg_start, len(result))
  File "/home/breuter/anaconda3/envs/malaria_env/lib/python3.7/site-packages/sklearn/metrics/_classification.py", line 1336, in _warn_prf
    warnings.warn(msg, UndefinedMetricWarning, stacklevel=2)
  File "/home/breuter/anaconda3/envs/malaria_env/lib/python3.7/warnings.py", line 110, in _showwarnmsg
    msg.file, msg.line)
  File "rncv.py", line 536, in warn_with_traceback
    traceback.print_stack(file=warning_file)
/home/breuter/anaconda3/envs/malaria_env/lib/python3.7/site-packages/sklearn/metrics/_classification.py:1318: UndefinedMetricWarning: Precision is ill-defined and being set to 0.0 due to no predicted samples. Use `zero_division` parameter to control this behavior.
  _warn_prf(average, modifier, msg_start, len(result))
  File "rncv.py", line 665, in <module>
    kernel_dir=args.kernel_dir,
  File "rncv.py", line 216, in main
    clf_grid.fit(X, y, None, groups)
  File "/home/breuter/NestedCV/nestedcv/_nestedcv.py", line 2654, in fit
    y_p['proba'][key], scoring=inner_key
  File "/home/breuter/NestedCV/nestedcv/_nestedcv.py", line 2000, in _score
    score = markedness(y, y_pred)
  File "/home/breuter/NestedCV/nestedcv/_nestedcv.py", line 452, in markedness
    sample_weight=None, zero_division='warn')
  File "/home/breuter/anaconda3/envs/malaria_env/lib/python3.7/site-packages/sklearn/metrics/_classification.py", line 1765, in precision_score
    zero_division=zero_division,
  File "/home/breuter/anaconda3/envs/malaria_env/lib/python3.7/site-packages/sklearn/metrics/_classification.py", line 1570, in precision_recall_fscore_support
    tp_sum, pred_sum, "precision", "predicted", average, warn_for, zero_division
  File "/home/breuter/anaconda3/envs/malaria_env/lib/python3.7/site-packages/sklearn/metrics/_classification.py", line 1318, in _prf_divide
    _warn_prf(average, modifier, msg_start, len(result))
  File "/home/breuter/anaconda3/envs/malaria_env/lib/python3.7/site-packages/sklearn/metrics/_classification.py", line 1336, in _warn_prf
    warnings.warn(msg, UndefinedMetricWarning, stacklevel=2)
  File "/home/breuter/anaconda3/envs/malaria_env/lib/python3.7/warnings.py", line 110, in _showwarnmsg
    msg.file, msg.line)
  File "rncv.py", line 536, in warn_with_traceback
    traceback.print_stack(file=warning_file)
/home/breuter/anaconda3/envs/malaria_env/lib/python3.7/site-packages/sklearn/metrics/_classification.py:1318: UndefinedMetricWarning: Precision is ill-defined and being set to 0.0 due to no predicted samples. Use `zero_division` parameter to control this behavior.
  _warn_prf(average, modifier, msg_start, len(result))
  File "rncv.py", line 665, in <module>
    kernel_dir=args.kernel_dir,
  File "rncv.py", line 216, in main
    clf_grid.fit(X, y, None, groups)
  File "/home/breuter/NestedCV/nestedcv/_nestedcv.py", line 2654, in fit
    y_p['proba'][key], scoring=inner_key
  File "/home/breuter/NestedCV/nestedcv/_nestedcv.py", line 2017, in _score
    sample_weight=None, zero_division='warn'
  File "/home/breuter/anaconda3/envs/malaria_env/lib/python3.7/site-packages/sklearn/metrics/_classification.py", line 1765, in precision_score
    zero_division=zero_division,
  File "/home/breuter/anaconda3/envs/malaria_env/lib/python3.7/site-packages/sklearn/metrics/_classification.py", line 1570, in precision_recall_fscore_support
    tp_sum, pred_sum, "precision", "predicted", average, warn_for, zero_division
  File "/home/breuter/anaconda3/envs/malaria_env/lib/python3.7/site-packages/sklearn/metrics/_classification.py", line 1318, in _prf_divide
    _warn_prf(average, modifier, msg_start, len(result))
  File "/home/breuter/anaconda3/envs/malaria_env/lib/python3.7/site-packages/sklearn/metrics/_classification.py", line 1336, in _warn_prf
    warnings.warn(msg, UndefinedMetricWarning, stacklevel=2)
  File "/home/breuter/anaconda3/envs/malaria_env/lib/python3.7/warnings.py", line 110, in _showwarnmsg
    msg.file, msg.line)
  File "rncv.py", line 536, in warn_with_traceback
    traceback.print_stack(file=warning_file)
/home/breuter/anaconda3/envs/malaria_env/lib/python3.7/site-packages/sklearn/metrics/_classification.py:1318: UndefinedMetricWarning: Precision is ill-defined and being set to 0.0 due to no predicted samples. Use `zero_division` parameter to control this behavior.
  _warn_prf(average, modifier, msg_start, len(result))
  File "rncv.py", line 665, in <module>
    kernel_dir=args.kernel_dir,
  File "rncv.py", line 216, in main
    clf_grid.fit(X, y, None, groups)
  File "/home/breuter/NestedCV/nestedcv/_nestedcv.py", line 2654, in fit
    y_p['proba'][key], scoring=inner_key
  File "/home/breuter/NestedCV/nestedcv/_nestedcv.py", line 2000, in _score
    score = markedness(y, y_pred)
  File "/home/breuter/NestedCV/nestedcv/_nestedcv.py", line 452, in markedness
    sample_weight=None, zero_division='warn')
  File "/home/breuter/anaconda3/envs/malaria_env/lib/python3.7/site-packages/sklearn/metrics/_classification.py", line 1765, in precision_score
    zero_division=zero_division,
  File "/home/breuter/anaconda3/envs/malaria_env/lib/python3.7/site-packages/sklearn/metrics/_classification.py", line 1570, in precision_recall_fscore_support
    tp_sum, pred_sum, "precision", "predicted", average, warn_for, zero_division
  File "/home/breuter/anaconda3/envs/malaria_env/lib/python3.7/site-packages/sklearn/metrics/_classification.py", line 1318, in _prf_divide
    _warn_prf(average, modifier, msg_start, len(result))
  File "/home/breuter/anaconda3/envs/malaria_env/lib/python3.7/site-packages/sklearn/metrics/_classification.py", line 1336, in _warn_prf
    warnings.warn(msg, UndefinedMetricWarning, stacklevel=2)
  File "/home/breuter/anaconda3/envs/malaria_env/lib/python3.7/warnings.py", line 110, in _showwarnmsg
    msg.file, msg.line)
  File "rncv.py", line 536, in warn_with_traceback
    traceback.print_stack(file=warning_file)
/home/breuter/anaconda3/envs/malaria_env/lib/python3.7/site-packages/sklearn/metrics/_classification.py:1318: UndefinedMetricWarning: Precision is ill-defined and being set to 0.0 due to no predicted samples. Use `zero_division` parameter to control this behavior.
  _warn_prf(average, modifier, msg_start, len(result))
  File "rncv.py", line 665, in <module>
    kernel_dir=args.kernel_dir,
  File "rncv.py", line 216, in main
    clf_grid.fit(X, y, None, groups)
  File "/home/breuter/NestedCV/nestedcv/_nestedcv.py", line 2654, in fit
    y_p['proba'][key], scoring=inner_key
  File "/home/breuter/NestedCV/nestedcv/_nestedcv.py", line 2017, in _score
    sample_weight=None, zero_division='warn'
  File "/home/breuter/anaconda3/envs/malaria_env/lib/python3.7/site-packages/sklearn/metrics/_classification.py", line 1765, in precision_score
    zero_division=zero_division,
  File "/home/breuter/anaconda3/envs/malaria_env/lib/python3.7/site-packages/sklearn/metrics/_classification.py", line 1570, in precision_recall_fscore_support
    tp_sum, pred_sum, "precision", "predicted", average, warn_for, zero_division
  File "/home/breuter/anaconda3/envs/malaria_env/lib/python3.7/site-packages/sklearn/metrics/_classification.py", line 1318, in _prf_divide
    _warn_prf(average, modifier, msg_start, len(result))
  File "/home/breuter/anaconda3/envs/malaria_env/lib/python3.7/site-packages/sklearn/metrics/_classification.py", line 1336, in _warn_prf
    warnings.warn(msg, UndefinedMetricWarning, stacklevel=2)
  File "/home/breuter/anaconda3/envs/malaria_env/lib/python3.7/warnings.py", line 110, in _showwarnmsg
    msg.file, msg.line)
  File "rncv.py", line 536, in warn_with_traceback
    traceback.print_stack(file=warning_file)
/home/breuter/anaconda3/envs/malaria_env/lib/python3.7/site-packages/sklearn/metrics/_classification.py:1318: UndefinedMetricWarning: Precision is ill-defined and being set to 0.0 due to no predicted samples. Use `zero_division` parameter to control this behavior.
  _warn_prf(average, modifier, msg_start, len(result))
  File "rncv.py", line 665, in <module>
    kernel_dir=args.kernel_dir,
  File "rncv.py", line 216, in main
    clf_grid.fit(X, y, None, groups)
  File "/home/breuter/NestedCV/nestedcv/_nestedcv.py", line 2654, in fit
    y_p['proba'][key], scoring=inner_key
  File "/home/breuter/NestedCV/nestedcv/_nestedcv.py", line 2000, in _score
    score = markedness(y, y_pred)
  File "/home/breuter/NestedCV/nestedcv/_nestedcv.py", line 452, in markedness
    sample_weight=None, zero_division='warn')
  File "/home/breuter/anaconda3/envs/malaria_env/lib/python3.7/site-packages/sklearn/metrics/_classification.py", line 1765, in precision_score
    zero_division=zero_division,
  File "/home/breuter/anaconda3/envs/malaria_env/lib/python3.7/site-packages/sklearn/metrics/_classification.py", line 1570, in precision_recall_fscore_support
    tp_sum, pred_sum, "precision", "predicted", average, warn_for, zero_division
  File "/home/breuter/anaconda3/envs/malaria_env/lib/python3.7/site-packages/sklearn/metrics/_classification.py", line 1318, in _prf_divide
    _warn_prf(average, modifier, msg_start, len(result))
  File "/home/breuter/anaconda3/envs/malaria_env/lib/python3.7/site-packages/sklearn/metrics/_classification.py", line 1336, in _warn_prf
    warnings.warn(msg, UndefinedMetricWarning, stacklevel=2)
  File "/home/breuter/anaconda3/envs/malaria_env/lib/python3.7/warnings.py", line 110, in _showwarnmsg
    msg.file, msg.line)
  File "rncv.py", line 536, in warn_with_traceback
    traceback.print_stack(file=warning_file)
/home/breuter/anaconda3/envs/malaria_env/lib/python3.7/site-packages/sklearn/metrics/_classification.py:1318: UndefinedMetricWarning: Precision is ill-defined and being set to 0.0 due to no predicted samples. Use `zero_division` parameter to control this behavior.
  _warn_prf(average, modifier, msg_start, len(result))
  File "rncv.py", line 665, in <module>
    kernel_dir=args.kernel_dir,
  File "rncv.py", line 216, in main
    clf_grid.fit(X, y, None, groups)
  File "/home/breuter/NestedCV/nestedcv/_nestedcv.py", line 2654, in fit
    y_p['proba'][key], scoring=inner_key
  File "/home/breuter/NestedCV/nestedcv/_nestedcv.py", line 2017, in _score
    sample_weight=None, zero_division='warn'
  File "/home/breuter/anaconda3/envs/malaria_env/lib/python3.7/site-packages/sklearn/metrics/_classification.py", line 1765, in precision_score
    zero_division=zero_division,
  File "/home/breuter/anaconda3/envs/malaria_env/lib/python3.7/site-packages/sklearn/metrics/_classification.py", line 1570, in precision_recall_fscore_support
    tp_sum, pred_sum, "precision", "predicted", average, warn_for, zero_division
  File "/home/breuter/anaconda3/envs/malaria_env/lib/python3.7/site-packages/sklearn/metrics/_classification.py", line 1318, in _prf_divide
    _warn_prf(average, modifier, msg_start, len(result))
  File "/home/breuter/anaconda3/envs/malaria_env/lib/python3.7/site-packages/sklearn/metrics/_classification.py", line 1336, in _warn_prf
    warnings.warn(msg, UndefinedMetricWarning, stacklevel=2)
  File "/home/breuter/anaconda3/envs/malaria_env/lib/python3.7/warnings.py", line 110, in _showwarnmsg
    msg.file, msg.line)
  File "rncv.py", line 536, in warn_with_traceback
    traceback.print_stack(file=warning_file)
