========================================
numpy version: 1.21.2
pandas version: 1.3.5
scikit-learn version: 1.0.2
scipy version: 1.7.3
========================================

data file: /beegfs/work/tu_iizre01/MalariaVaccineEfficacyPrediction/data/proteome_data/correlationFiltering/preprocessed_whole_data_spearman_filtered_threshold0.1.csv

start time: 17.09.2022_07-31-20

++++++++++++++++++++++++++++++++++++++++
III14 start: 17.09.2022_07-31-20

shape of running index array: (120, 120)

estimator: <class 'sklearn.pipeline.Pipeline'>
parameter grid: {'dataselector__SA': [0.25, 0.5, 0.75], 'dataselector__SO': [-2.0, -1.0, 0.0, 1.0, 2.0], 'dataselector__R0': ['X'], 'dataselector__R1': [1e-06, 1e-05, 0.0001, 0.001, 0.01, 0.1, 1.0, 10.0, 100.0, 1000.0, 10000.0, 100000.0], 'dataselector__R2': [1e-06, 1e-05, 0.0001, 0.001, 0.01, 0.1, 1.0, 10.0, 100.0, 1000.0, 10000.0, 100000.0], 'dataselector__P1': ['X'], 'dataselector__P2': ['X'], 'svc__C': array([1.e-04, 1.e-03, 1.e-02, 1.e-01, 1.e+00, 1.e+01, 1.e+02, 1.e+03,
       1.e+04])}

shape of binary response array: 120
number of positives: 54
number of positives divided by total number of samples: 0.45

----------------------------------------
Predefined CV folds:

CV folds for repetition 0:
train_fold: [0 2 1 4 4 4 0 2 2 3 3 4 3 1 2 0 0 1 0 4 4 3 2 2 3 2 1 1 3 2 4 3 1 1 0 0 0
 1 4 3 0 2 1 4 4 4 0 2 2 3 3 4 3 1 2 0 0 1 0 4 4 3 2 2 3 2 1 1 3 2 4 3 1 1
 0 0 0 1 4 3 0 2 1 4 4 4 0 2 2 3 3 4 3 1 2 0 0 1 0 4 4 3 2 2 3 2 1 1 3 2 4
 3 1 1 0 0 0 1 4 3] test_fold: [ 0  2  1  4  4  4  0  2  2  3  3  4  3  1  2  0  0  1  0  4  4  3  2  2
  3  2  1  1  3  2  4  3  1  1  0  0  0  1  4  3 -1 -1 -1 -1 -1 -1 -1 -1
 -1 -1 -1 -1 -1 -1 -1 -1 -1 -1 -1 -1 -1 -1 -1 -1 -1 -1 -1 -1 -1 -1 -1 -1
 -1 -1 -1 -1 -1 -1 -1 -1 -1 -1 -1 -1 -1 -1 -1 -1 -1 -1 -1 -1 -1 -1 -1 -1
 -1 -1 -1 -1 -1 -1 -1 -1 -1 -1 -1 -1 -1 -1 -1 -1 -1 -1 -1 -1 -1 -1 -1 -1]
TRAIN (len=96): [  1   2   3   4   5   7   8   9  10  11  12  13  14  17  19  20  21  22
  23  24  25  26  27  28  29  30  31  32  33  37  38  39  41  42  43  44
  45  47  48  49  50  51  52  53  54  57  59  60  61  62  63  64  65  66
  67  68  69  70  71  72  73  77  78  79  81  82  83  84  85  87  88  89
  90  91  92  93  94  97  99 100 101 102 103 104 105 106 107 108 109 110
 111 112 113 117 118 119] TEST (len=8): [ 0  6 15 16 18 34 35 36]
TRAIN (len=96): [  0   1   3   4   5   6   7   8   9  10  11  12  14  15  16  18  19  20
  21  22  23  24  25  28  29  30  31  34  35  36  38  39  40  41  43  44
  45  46  47  48  49  50  51  52  54  55  56  58  59  60  61  62  63  64
  65  68  69  70  71  74  75  76  78  79  80  81  83  84  85  86  87  88
  89  90  91  92  94  95  96  98  99 100 101 102 103 104 105 108 109 110
 111 114 115 116 118 119] TEST (len=8): [ 2 13 17 26 27 32 33 37]
TRAIN (len=96): [  0   2   3   4   5   6   9  10  11  12  13  15  16  17  18  19  20  21
  24  26  27  28  30  31  32  33  34  35  36  37  38  39  40  42  43  44
  45  46  49  50  51  52  53  55  56  57  58  59  60  61  64  66  67  68
  70  71  72  73  74  75  76  77  78  79  80  82  83  84  85  86  89  90
  91  92  93  95  96  97  98  99 100 101 104 106 107 108 110 111 112 113
 114 115 116 117 118 119] TEST (len=8): [ 1  7  8 14 22 23 25 29]
TRAIN (len=96): [  0   1   2   3   4   5   6   7   8  11  13  14  15  16  17  18  19  20
  22  23  25  26  27  29  30  32  33  34  35  36  37  38  40  41  42  43
  44  45  46  47  48  51  53  54  55  56  57  58  59  60  62  63  65  66
  67  69  70  72  73  74  75  76  77  78  80  81  82  83  84  85  86  87
  88  91  93  94  95  96  97  98  99 100 102 103 105 106 107 109 110 112
 113 114 115 116 117 118] TEST (len=8): [ 9 10 12 21 24 28 31 39]
TRAIN (len=96): [  0   1   2   6   7   8   9  10  12  13  14  15  16  17  18  21  22  23
  24  25  26  27  28  29  31  32  33  34  35  36  37  39  40  41  42  46
  47  48  49  50  52  53  54  55  56  57  58  61  62  63  64  65  66  67
  68  69  71  72  73  74  75  76  77  79  80  81  82  86  87  88  89  90
  92  93  94  95  96  97  98 101 102 103 104 105 106 107 108 109 111 112
 113 114 115 116 117 119] TEST (len=8): [ 3  4  5 11 19 20 30 38]

CV folds for repetition 1:
train_fold: [1 0 0 3 0 4 3 3 0 3 3 4 2 1 4 1 0 4 4 1 0 0 2 2 3 1 0 1 4 4 3 2 2 4 2 2 1
 3 2 1 1 0 0 3 0 4 3 3 0 3 3 4 2 1 4 1 0 4 4 1 0 0 2 2 3 1 0 1 4 4 3 2 2 4
 2 2 1 3 2 1 1 0 0 3 0 4 3 3 0 3 3 4 2 1 4 1 0 4 4 1 0 0 2 2 3 1 0 1 4 4 3
 2 2 4 2 2 1 3 2 1] test_fold: [ 1  0  0  3  0  4  3  3  0  3  3  4  2  1  4  1  0  4  4  1  0  0  2  2
  3  1  0  1  4  4  3  2  2  4  2  2  1  3  2  1 -1 -1 -1 -1 -1 -1 -1 -1
 -1 -1 -1 -1 -1 -1 -1 -1 -1 -1 -1 -1 -1 -1 -1 -1 -1 -1 -1 -1 -1 -1 -1 -1
 -1 -1 -1 -1 -1 -1 -1 -1 -1 -1 -1 -1 -1 -1 -1 -1 -1 -1 -1 -1 -1 -1 -1 -1
 -1 -1 -1 -1 -1 -1 -1 -1 -1 -1 -1 -1 -1 -1 -1 -1 -1 -1 -1 -1 -1 -1 -1 -1]
TRAIN (len=96): [  0   3   5   6   7   9  10  11  12  13  14  15  17  18  19  22  23  24
  25  27  28  29  30  31  32  33  34  35  36  37  38  39  40  43  45  46
  47  49  50  51  52  53  54  55  57  58  59  62  63  64  65  67  68  69
  70  71  72  73  74  75  76  77  78  79  80  83  85  86  87  89  90  91
  92  93  94  95  97  98  99 102 103 104 105 107 108 109 110 111 112 113
 114 115 116 117 118 119] TEST (len=8): [ 1  2  4  8 16 20 21 26]
TRAIN (len=96): [  1   2   3   4   5   6   7   8   9  10  11  12  14  16  17  18  20  21
  22  23  24  26  28  29  30  31  32  33  34  35  37  38  41  42  43  44
  45  46  47  48  49  50  51  52  54  56  57  58  60  61  62  63  64  66
  68  69  70  71  72  73  74  75  77  78  81  82  83  84  85  86  87  88
  89  90  91  92  94  96  97  98 100 101 102 103 104 106 108 109 110 111
 112 113 114 115 117 118] TEST (len=8): [ 0 13 15 19 25 27 36 39]
TRAIN (len=96): [  0   1   2   3   4   5   6   7   8   9  10  11  13  14  15  16  17  18
  19  20  21  24  25  26  27  28  29  30  33  36  37  39  40  41  42  43
  44  45  46  47  48  49  50  51  53  54  55  56  57  58  59  60  61  64
  65  66  67  68  69  70  73  76  77  79  80  81  82  83  84  85  86  87
  88  89  90  91  93  94  95  96  97  98  99 100 101 104 105 106 107 108
 109 110 113 116 117 119] TEST (len=8): [12 22 23 31 32 34 35 38]
TRAIN (len=96): [  0   1   2   4   5   8  11  12  13  14  15  16  17  18  19  20  21  22
  23  25  26  27  28  29  31  32  33  34  35  36  38  39  40  41  42  44
  45  48  51  52  53  54  55  56  57  58  59  60  61  62  63  65  66  67
  68  69  71  72  73  74  75  76  78  79  80  81  82  84  85  88  91  92
  93  94  95  96  97  98  99 100 101 102 103 105 106 107 108 109 111 112
 113 114 115 116 118 119] TEST (len=8): [ 3  6  7  9 10 24 30 37]
TRAIN (len=96): [  0   1   2   3   4   6   7   8   9  10  12  13  15  16  19  20  21  22
  23  24  25  26  27  30  31  32  34  35  36  37  38  39  40  41  42  43
  44  46  47  48  49  50  52  53  55  56  59  60  61  62  63  64  65  66
  67  70  71  72  74  75  76  77  78  79  80  81  82  83  84  86  87  88
  89  90  92  93  95  96  99 100 101 102 103 104 105 106 107 110 111 112
 114 115 116 117 118 119] TEST (len=8): [ 5 11 14 17 18 28 29 33]

CV folds for repetition 2:
train_fold: [2 3 1 3 0 2 3 4 0 2 2 4 0 1 4 3 0 3 0 0 3 4 1 4 4 2 3 2 0 2 1 1 0 1 1 4 1
 3 4 2 2 3 1 3 0 2 3 4 0 2 2 4 0 1 4 3 0 3 0 0 3 4 1 4 4 2 3 2 0 2 1 1 0 1
 1 4 1 3 4 2 2 3 1 3 0 2 3 4 0 2 2 4 0 1 4 3 0 3 0 0 3 4 1 4 4 2 3 2 0 2 1
 1 0 1 1 4 1 3 4 2] test_fold: [ 2  3  1  3  0  2  3  4  0  2  2  4  0  1  4  3  0  3  0  0  3  4  1  4
  4  2  3  2  0  2  1  1  0  1  1  4  1  3  4  2 -1 -1 -1 -1 -1 -1 -1 -1
 -1 -1 -1 -1 -1 -1 -1 -1 -1 -1 -1 -1 -1 -1 -1 -1 -1 -1 -1 -1 -1 -1 -1 -1
 -1 -1 -1 -1 -1 -1 -1 -1 -1 -1 -1 -1 -1 -1 -1 -1 -1 -1 -1 -1 -1 -1 -1 -1
 -1 -1 -1 -1 -1 -1 -1 -1 -1 -1 -1 -1 -1 -1 -1 -1 -1 -1 -1 -1 -1 -1 -1 -1]
TRAIN (len=96): [  0   1   2   3   5   6   7   9  10  11  13  14  15  17  20  21  22  23
  24  25  26  27  29  30  31  33  34  35  36  37  38  39  40  41  42  43
  45  46  47  49  50  51  53  54  55  57  60  61  62  63  64  65  66  67
  69  70  71  73  74  75  76  77  78  79  80  81  82  83  85  86  87  89
  90  91  93  94  95  97 100 101 102 103 104 105 106 107 109 110 111 113
 114 115 116 117 118 119] TEST (len=8): [ 4  8 12 16 18 19 28 32]
TRAIN (len=96): [  0   1   3   4   5   6   7   8   9  10  11  12  14  15  16  17  18  19
  20  21  23  24  25  26  27  28  29  32  35  37  38  39  40  41  43  44
  45  46  47  48  49  50  51  52  54  55  56  57  58  59  60  61  63  64
  65  66  67  68  69  72  75  77  78  79  80  81  83  84  85  86  87  88
  89  90  91  92  94  95  96  97  98  99 100 101 103 104 105 106 107 108
 109 112 115 117 118 119] TEST (len=8): [ 2 13 22 30 31 33 34 36]
TRAIN (len=96): [  1   2   3   4   6   7   8  11  12  13  14  15  16  17  18  19  20  21
  22  23  24  26  28  30  31  32  33  34  35  36  37  38  41  42  43  44
  46  47  48  51  52  53  54  55  56  57  58  59  60  61  62  63  64  66
  68  70  71  72  73  74  75  76  77  78  81  82  83  84  86  87  88  91
  92  93  94  95  96  97  98  99 100 101 102 103 104 106 108 110 111 112
 113 114 115 116 117 118] TEST (len=8): [ 0  5  9 10 25 27 29 39]
TRAIN (len=96): [  0   2   4   5   7   8   9  10  11  12  13  14  16  18  19  21  22  23
  24  25  27  28  29  30  31  32  33  34  35  36  38  39  40  42  44  45
  47  48  49  50  51  52  53  54  56  58  59  61  62  63  64  65  67  68
  69  70  71  72  73  74  75  76  78  79  80  82  84  85  87  88  89  90
  91  92  93  94  96  98  99 101 102 103 104 105 107 108 109 110 111 112
 113 114 115 116 118 119] TEST (len=8): [ 1  3  6 15 17 20 26 37]
TRAIN (len=96): [  0   1   2   3   4   5   6   8   9  10  12  13  15  16  17  18  19  20
  22  25  26  27  28  29  30  31  32  33  34  36  37  39  40  41  42  43
  44  45  46  48  49  50  52  53  55  56  57  58  59  60  62  65  66  67
  68  69  70  71  72  73  74  76  77  79  80  81  82  83  84  85  86  88
  89  90  92  93  95  96  97  98  99 100 102 105 106 107 108 109 110 111
 112 113 114 116 117 119] TEST (len=8): [ 7 11 14 21 23 24 35 38]

CV folds for repetition 3:
train_fold: [2 1 0 3 2 4 1 0 3 1 3 0 0 3 3 2 1 3 1 1 3 2 2 4 4 2 4 1 4 1 0 4 0 4 0 4 3
 2 0 2 2 1 0 3 2 4 1 0 3 1 3 0 0 3 3 2 1 3 1 1 3 2 2 4 4 2 4 1 4 1 0 4 0 4
 0 4 3 2 0 2 2 1 0 3 2 4 1 0 3 1 3 0 0 3 3 2 1 3 1 1 3 2 2 4 4 2 4 1 4 1 0
 4 0 4 0 4 3 2 0 2] test_fold: [ 2  1  0  3  2  4  1  0  3  1  3  0  0  3  3  2  1  3  1  1  3  2  2  4
  4  2  4  1  4  1  0  4  0  4  0  4  3  2  0  2 -1 -1 -1 -1 -1 -1 -1 -1
 -1 -1 -1 -1 -1 -1 -1 -1 -1 -1 -1 -1 -1 -1 -1 -1 -1 -1 -1 -1 -1 -1 -1 -1
 -1 -1 -1 -1 -1 -1 -1 -1 -1 -1 -1 -1 -1 -1 -1 -1 -1 -1 -1 -1 -1 -1 -1 -1
 -1 -1 -1 -1 -1 -1 -1 -1 -1 -1 -1 -1 -1 -1 -1 -1 -1 -1 -1 -1 -1 -1 -1 -1]
TRAIN (len=96): [  0   1   3   4   5   6   8   9  10  13  14  15  16  17  18  19  20  21
  22  23  24  25  26  27  28  29  31  33  35  36  37  39  40  41  43  44
  45  46  48  49  50  53  54  55  56  57  58  59  60  61  62  63  64  65
  66  67  68  69  71  73  75  76  77  79  80  81  83  84  85  86  88  89
  90  93  94  95  96  97  98  99 100 101 102 103 104 105 106 107 108 109
 111 113 115 116 117 119] TEST (len=8): [ 2  7 11 12 30 32 34 38]
TRAIN (len=96): [  0   2   3   4   5   7   8  10  11  12  13  14  15  17  20  21  22  23
  24  25  26  28  30  31  32  33  34  35  36  37  38  39  40  42  43  44
  45  47  48  50  51  52  53  54  55  57  60  61  62  63  64  65  66  68
  70  71  72  73  74  75  76  77  78  79  80  82  83  84  85  87  88  90
  91  92  93  94  95  97 100 101 102 103 104 105 106 108 110 111 112 113
 114 115 116 117 118 119] TEST (len=8): [ 1  6  9 16 18 19 27 29]
TRAIN (len=96): [  1   2   3   5   6   7   8   9  10  11  12  13  14  16  17  18  19  20
  23  24  26  27  28  29  30  31  32  33  34  35  36  38  41  42  43  45
  46  47  48  49  50  51  52  53  54  56  57  58  59  60  63  64  66  67
  68  69  70  71  72  73  74  75  76  78  81  82  83  85  86  87  88  89
  90  91  92  93  94  96  97  98  99 100 103 104 106 107 108 109 110 111
 112 113 114 115 116 118] TEST (len=8): [ 0  4 15 21 22 25 37 39]
TRAIN (len=96): [  0   1   2   4   5   6   7   9  11  12  15  16  18  19  21  22  23  24
  25  26  27  28  29  30  31  32  33  34  35  37  38  39  40  41  42  44
  45  46  47  49  51  52  55  56  58  59  61  62  63  64  65  66  67  68
  69  70  71  72  73  74  75  77  78  79  80  81  82  84  85  86  87  89
  91  92  95  96  98  99 101 102 103 104 105 106 107 108 109 110 111 112
 113 114 115 117 118 119] TEST (len=8): [ 3  8 10 13 14 17 20 36]
TRAIN (len=96): [  0   1   2   3   4   6   7   8   9  10  11  12  13  14  15  16  17  18
  19  20  21  22  25  27  29  30  32  34  36  37  38  39  40  41  42  43
  44  46  47  48  49  50  51  52  53  54  55  56  57  58  59  60  61  62
  65  67  69  70  72  74  76  77  78  79  80  81  82  83  84  86  87  88
  89  90  91  92  93  94  95  96  97  98  99 100 101 102 105 107 109 110
 112 114 116 117 118 119] TEST (len=8): [ 5 23 24 26 28 31 33 35]

CV folds for repetition 4:
train_fold: [1 2 0 1 4 1 4 4 2 1 3 4 4 0 3 0 3 1 4 3 2 0 3 2 3 3 2 1 0 4 2 0 0 4 1 2 2
 0 1 3 1 2 0 1 4 1 4 4 2 1 3 4 4 0 3 0 3 1 4 3 2 0 3 2 3 3 2 1 0 4 2 0 0 4
 1 2 2 0 1 3 1 2 0 1 4 1 4 4 2 1 3 4 4 0 3 0 3 1 4 3 2 0 3 2 3 3 2 1 0 4 2
 0 0 4 1 2 2 0 1 3] test_fold: [ 1  2  0  1  4  1  4  4  2  1  3  4  4  0  3  0  3  1  4  3  2  0  3  2
  3  3  2  1  0  4  2  0  0  4  1  2  2  0  1  3 -1 -1 -1 -1 -1 -1 -1 -1
 -1 -1 -1 -1 -1 -1 -1 -1 -1 -1 -1 -1 -1 -1 -1 -1 -1 -1 -1 -1 -1 -1 -1 -1
 -1 -1 -1 -1 -1 -1 -1 -1 -1 -1 -1 -1 -1 -1 -1 -1 -1 -1 -1 -1 -1 -1 -1 -1
 -1 -1 -1 -1 -1 -1 -1 -1 -1 -1 -1 -1 -1 -1 -1 -1 -1 -1 -1 -1 -1 -1 -1 -1]
TRAIN (len=96): [  0   1   3   4   5   6   7   8   9  10  11  12  14  16  17  18  19  20
  22  23  24  25  26  27  29  30  33  34  35  36  38  39  40  41  43  44
  45  46  47  48  49  50  51  52  54  56  57  58  59  60  62  63  64  65
  66  67  69  70  73  74  75  76  78  79  80  81  83  84  85  86  87  88
  89  90  91  92  94  96  97  98  99 100 102 103 104 105 106 107 109 110
 113 114 115 116 118 119] TEST (len=8): [ 2 13 15 21 28 31 32 37]
TRAIN (len=96): [  1   2   4   6   7   8  10  11  12  13  14  15  16  18  19  20  21  22
  23  24  25  26  28  29  30  31  32  33  35  36  37  39  41  42  44  46
  47  48  50  51  52  53  54  55  56  58  59  60  61  62  63  64  65  66
  68  69  70  71  72  73  75  76  77  79  81  82  84  86  87  88  90  91
  92  93  94  95  96  98  99 100 101 102 103 104 105 106 108 109 110 111
 112 113 115 116 117 119] TEST (len=8): [ 0  3  5  9 17 27 34 38]
TRAIN (len=96): [  0   2   3   4   5   6   7   9  10  11  12  13  14  15  16  17  18  19
  21  22  24  25  27  28  29  31  32  33  34  37  38  39  40  42  43  44
  45  46  47  49  50  51  52  53  54  55  56  57  58  59  61  62  64  65
  67  68  69  71  72  73  74  77  78  79  80  82  83  84  85  86  87  89
  90  91  92  93  94  95  96  97  98  99 101 102 104 105 107 108 109 111
 112 113 114 117 118 119] TEST (len=8): [ 1  8 20 23 26 30 35 36]
TRAIN (len=96): [  0   1   2   3   4   5   6   7   8   9  11  12  13  15  17  18  20  21
  23  26  27  28  29  30  31  32  33  34  35  36  37  38  40  41  42  43
  44  45  46  47  48  49  51  52  53  55  57  58  60  61  63  66  67  68
  69  70  71  72  73  74  75  76  77  78  80  81  82  83  84  85  86  87
  88  89  91  92  93  95  97  98 100 101 103 106 107 108 109 110 111 112
 113 114 115 116 117 118] TEST (len=8): [10 14 16 19 22 24 25 39]
TRAIN (len=96): [  0   1   2   3   5   8   9  10  13  14  15  16  17  19  20  21  22  23
  24  25  26  27  28  30  31  32  34  35  36  37  38  39  40  41  42  43
  45  48  49  50  53  54  55  56  57  59  60  61  62  63  64  65  66  67
  68  70  71  72  74  75  76  77  78  79  80  81  82  83  85  88  89  90
  93  94  95  96  97  99 100 101 102 103 104 105 106 107 108 110 111 112
 114 115 116 117 118 119] TEST (len=8): [ 4  6  7 11 12 18 29 33]

CV folds for repetition 5:
train_fold: [1 2 0 4 0 3 4 2 0 2 1 0 2 4 4 2 0 1 3 1 1 1 2 0 2 3 2 4 0 4 3 1 4 3 1 3 3
 4 3 0 1 2 0 4 0 3 4 2 0 2 1 0 2 4 4 2 0 1 3 1 1 1 2 0 2 3 2 4 0 4 3 1 4 3
 1 3 3 4 3 0 1 2 0 4 0 3 4 2 0 2 1 0 2 4 4 2 0 1 3 1 1 1 2 0 2 3 2 4 0 4 3
 1 4 3 1 3 3 4 3 0] test_fold: [ 1  2  0  4  0  3  4  2  0  2  1  0  2  4  4  2  0  1  3  1  1  1  2  0
  2  3  2  4  0  4  3  1  4  3  1  3  3  4  3  0 -1 -1 -1 -1 -1 -1 -1 -1
 -1 -1 -1 -1 -1 -1 -1 -1 -1 -1 -1 -1 -1 -1 -1 -1 -1 -1 -1 -1 -1 -1 -1 -1
 -1 -1 -1 -1 -1 -1 -1 -1 -1 -1 -1 -1 -1 -1 -1 -1 -1 -1 -1 -1 -1 -1 -1 -1
 -1 -1 -1 -1 -1 -1 -1 -1 -1 -1 -1 -1 -1 -1 -1 -1 -1 -1 -1 -1 -1 -1 -1 -1]
TRAIN (len=96): [  0   1   3   5   6   7   9  10  12  13  14  15  17  18  19  20  21  22
  24  25  26  27  29  30  31  32  33  34  35  36  37  38  40  41  43  45
  46  47  49  50  52  53  54  55  57  58  59  60  61  62  64  65  66  67
  69  70  71  72  73  74  75  76  77  78  80  81  83  85  86  87  89  90
  92  93  94  95  97  98  99 100 101 102 104 105 106 107 109 110 111 112
 113 114 115 116 117 118] TEST (len=8): [ 2  4  8 11 16 23 28 39]
TRAIN (len=96): [  1   2   3   4   5   6   7   8   9  11  12  13  14  15  16  18  22  23
  24  25  26  27  28  29  30  32  33  35  36  37  38  39  41  42  43  44
  45  46  47  48  49  51  52  53  54  55  56  58  62  63  64  65  66  67
  68  69  70  72  73  75  76  77  78  79  81  82  83  84  85  86  87  88
  89  91  92  93  94  95  96  98 102 103 104 105 106 107 108 109 110 112
 113 115 116 117 118 119] TEST (len=8): [ 0 10 17 19 20 21 31 34]
TRAIN (len=96): [  0   2   3   4   5   6   8  10  11  13  14  16  17  18  19  20  21  23
  25  27  28  29  30  31  32  33  34  35  36  37  38  39  40  42  43  44
  45  46  48  50  51  53  54  56  57  58  59  60  61  63  65  67  68  69
  70  71  72  73  74  75  76  77  78  79  80  82  83  84  85  86  88  90
  91  93  94  96  97  98  99 100 101 103 105 107 108 109 110 111 112 113
 114 115 116 117 118 119] TEST (len=8): [ 1  7  9 12 15 22 24 26]
TRAIN (len=96): [  0   1   2   3   4   6   7   8   9  10  11  12  13  14  15  16  17  19
  20  21  22  23  24  26  27  28  29  31  32  34  37  39  40  41  42  43
  44  46  47  48  49  50  51  52  53  54  55  56  57  59  60  61  62  63
  64  66  67  68  69  71  72  74  77  79  80  81  82  83  84  86  87  88
  89  90  91  92  93  94  95  96  97  99 100 101 102 103 104 106 107 108
 109 111 112 114 117 119] TEST (len=8): [ 5 18 25 30 33 35 36 38]
TRAIN (len=96): [  0   1   2   4   5   7   8   9  10  11  12  15  16  17  18  19  20  21
  22  23  24  25  26  28  30  31  33  34  35  36  38  39  40  41  42  44
  45  47  48  49  50  51  52  55  56  57  58  59  60  61  62  63  64  65
  66  68  70  71  73  74  75  76  78  79  80  81  82  84  85  87  88  89
  90  91  92  95  96  97  98  99 100 101 102 103 104 105 106 108 110 111
 113 114 115 116 118 119] TEST (len=8): [ 3  6 13 14 27 29 32 37]

CV folds for repetition 6:
train_fold: [1 2 4 4 1 3 2 0 2 2 1 3 3 1 0 2 4 0 1 3 3 4 0 1 0 3 4 4 0 3 2 3 1 0 4 1 4
 0 2 2 1 2 4 4 1 3 2 0 2 2 1 3 3 1 0 2 4 0 1 3 3 4 0 1 0 3 4 4 0 3 2 3 1 0
 4 1 4 0 2 2 1 2 4 4 1 3 2 0 2 2 1 3 3 1 0 2 4 0 1 3 3 4 0 1 0 3 4 4 0 3 2
 3 1 0 4 1 4 0 2 2] test_fold: [ 1  2  4  4  1  3  2  0  2  2  1  3  3  1  0  2  4  0  1  3  3  4  0  1
  0  3  4  4  0  3  2  3  1  0  4  1  4  0  2  2 -1 -1 -1 -1 -1 -1 -1 -1
 -1 -1 -1 -1 -1 -1 -1 -1 -1 -1 -1 -1 -1 -1 -1 -1 -1 -1 -1 -1 -1 -1 -1 -1
 -1 -1 -1 -1 -1 -1 -1 -1 -1 -1 -1 -1 -1 -1 -1 -1 -1 -1 -1 -1 -1 -1 -1 -1
 -1 -1 -1 -1 -1 -1 -1 -1 -1 -1 -1 -1 -1 -1 -1 -1 -1 -1 -1 -1 -1 -1 -1 -1]
TRAIN (len=96): [  0   1   2   3   4   5   6   8   9  10  11  12  13  15  16  18  19  20
  21  23  25  26  27  29  30  31  32  34  35  36  38  39  40  41  42  43
  44  45  46  48  49  50  51  52  53  55  56  58  59  60  61  63  65  66
  67  69  70  71  72  74  75  76  78  79  80  81  82  83  84  85  86  88
  89  90  91  92  93  95  96  98  99 100 101 103 105 106 107 109 110 111
 112 114 115 116 118 119] TEST (len=8): [ 7 14 17 22 24 28 33 37]
TRAIN (len=96): [  1   2   3   5   6   7   8   9  11  12  14  15  16  17  19  20  21  22
  24  25  26  27  28  29  30  31  33  34  36  37  38  39  41  42  43  45
  46  47  48  49  51  52  54  55  56  57  59  60  61  62  64  65  66  67
  68  69  70  71  73  74  76  77  78  79  81  82  83  85  86  87  88  89
  91  92  94  95  96  97  99 100 101 102 104 105 106 107 108 109 110 111
 113 114 116 117 118 119] TEST (len=8): [ 0  4 10 13 18 23 32 35]
TRAIN (len=96): [  0   2   3   4   5   7  10  11  12  13  14  16  17  18  19  20  21  22
  23  24  25  26  27  28  29  31  32  33  34  35  36  37  40  42  43  44
  45  47  50  51  52  53  54  56  57  58  59  60  61  62  63  64  65  66
  67  68  69  71  72  73  74  75  76  77  80  82  83  84  85  87  90  91
  92  93  94  96  97  98  99 100 101 102 103 104 105 106 107 108 109 111
 112 113 114 115 116 117] TEST (len=8): [ 1  6  8  9 15 30 38 39]
TRAIN (len=96): [  0   1   2   3   4   6   7   8   9  10  13  14  15  16  17  18  21  22
  23  24  26  27  28  30  32  33  34  35  36  37  38  39  40  41  42  43
  44  46  47  48  49  50  53  54  55  56  57  58  61  62  63  64  66  67
  68  70  72  73  74  75  76  77  78  79  80  81  82  83  84  86  87  88
  89  90  93  94  95  96  97  98 101 102 103 104 106 107 108 110 112 113
 114 115 116 117 118 119] TEST (len=8): [ 5 11 12 19 20 25 29 31]
TRAIN (len=96): [  0   1   4   5   6   7   8   9  10  11  12  13  14  15  17  18  19  20
  22  23  24  25  28  29  30  31  32  33  35  37  38  39  40  41  44  45
  46  47  48  49  50  51  52  53  54  55  57  58  59  60  62  63  64  65
  68  69  70  71  72  73  75  77  78  79  80  81  84  85  86  87  88  89
  90  91  92  93  94  95  97  98  99 100 102 103 104 105 108 109 110 111
 112 113 115 117 118 119] TEST (len=8): [ 2  3 16 21 26 27 34 36]

CV folds for repetition 7:
train_fold: [3 4 3 0 1 0 2 4 2 1 2 3 4 0 3 4 4 2 0 0 2 1 4 3 4 0 2 1 1 3 2 0 3 1 0 1 3
 2 1 4 3 4 3 0 1 0 2 4 2 1 2 3 4 0 3 4 4 2 0 0 2 1 4 3 4 0 2 1 1 3 2 0 3 1
 0 1 3 2 1 4 3 4 3 0 1 0 2 4 2 1 2 3 4 0 3 4 4 2 0 0 2 1 4 3 4 0 2 1 1 3 2
 0 3 1 0 1 3 2 1 4] test_fold: [ 3  4  3  0  1  0  2  4  2  1  2  3  4  0  3  4  4  2  0  0  2  1  4  3
  4  0  2  1  1  3  2  0  3  1  0  1  3  2  1  4 -1 -1 -1 -1 -1 -1 -1 -1
 -1 -1 -1 -1 -1 -1 -1 -1 -1 -1 -1 -1 -1 -1 -1 -1 -1 -1 -1 -1 -1 -1 -1 -1
 -1 -1 -1 -1 -1 -1 -1 -1 -1 -1 -1 -1 -1 -1 -1 -1 -1 -1 -1 -1 -1 -1 -1 -1
 -1 -1 -1 -1 -1 -1 -1 -1 -1 -1 -1 -1 -1 -1 -1 -1 -1 -1 -1 -1 -1 -1 -1 -1]
TRAIN (len=96): [  0   1   2   4   6   7   8   9  10  11  12  14  15  16  17  20  21  22
  23  24  26  27  28  29  30  32  33  35  36  37  38  39  40  41  42  44
  46  47  48  49  50  51  52  54  55  56  57  60  61  62  63  64  66  67
  68  69  70  72  73  75  76  77  78  79  80  81  82  84  86  87  88  89
  90  91  92  94  95  96  97 100 101 102 103 104 106 107 108 109 110 112
 113 115 116 117 118 119] TEST (len=8): [ 3  5 13 18 19 25 31 34]
TRAIN (len=96): [  0   1   2   3   5   6   7   8  10  11  12  13  14  15  16  17  18  19
  20  22  23  24  25  26  29  30  31  32  34  36  37  39  40  41  42  43
  45  46  47  48  50  51  52  53  54  55  56  57  58  59  60  62  63  64
  65  66  69  70  71  72  74  76  77  79  80  81  82  83  85  86  87  88
  90  91  92  93  94  95  96  97  98  99 100 102 103 104 105 106 109 110
 111 112 114 116 117 119] TEST (len=8): [ 4  9 21 27 28 33 35 38]
TRAIN (len=96): [  0   1   2   3   4   5   7   9  11  12  13  14  15  16  18  19  21  22
  23  24  25  27  28  29  31  32  33  34  35  36  38  39  40  41  42  43
  44  45  47  49  51  52  53  54  55  56  58  59  61  62  63  64  65  67
  68  69  71  72  73  74  75  76  78  79  80  81  82  83  84  85  87  89
  91  92  93  94  95  96  98  99 101 102 103 104 105 107 108 109 111 112
 113 114 115 116 118 119] TEST (len=8): [ 6  8 10 17 20 26 30 37]
TRAIN (len=96): [  1   3   4   5   6   7   8   9  10  12  13  15  16  17  18  19  20  21
  22  24  25  26  27  28  30  31  33  34  35  37  38  39  41  43  44  45
  46  47  48  49  50  52  53  55  56  57  58  59  60  61  62  64  65  66
  67  68  70  71  73  74  75  77  78  79  81  83  84  85  86  87  88  89
  90  92  93  95  96  97  98  99 100 101 102 104 105 106 107 108 110 111
 113 114 115 117 118 119] TEST (len=8): [ 0  2 11 14 23 29 32 36]
TRAIN (len=96): [  0   2   3   4   5   6   8   9  10  11  13  14  17  18  19  20  21  23
  25  26  27  28  29  30  31  32  33  34  35  36  37  38  40  42  43  44
  45  46  48  49  50  51  53  54  57  58  59  60  61  63  65  66  67  68
  69  70  71  72  73  74  75  76  77  78  80  82  83  84  85  86  88  89
  90  91  93  94  97  98  99 100 101 103 105 106 107 108 109 110 111 112
 113 114 115 116 117 118] TEST (len=8): [ 1  7 12 15 16 22 24 39]

CV folds for repetition 8:
train_fold: [3 2 1 4 0 4 2 4 2 1 3 0 4 1 4 3 2 1 0 3 0 3 4 1 1 0 0 2 3 4 1 3 4 0 2 2 3
 1 2 0 3 2 1 4 0 4 2 4 2 1 3 0 4 1 4 3 2 1 0 3 0 3 4 1 1 0 0 2 3 4 1 3 4 0
 2 2 3 1 2 0 3 2 1 4 0 4 2 4 2 1 3 0 4 1 4 3 2 1 0 3 0 3 4 1 1 0 0 2 3 4 1
 3 4 0 2 2 3 1 2 0] test_fold: [ 3  2  1  4  0  4  2  4  2  1  3  0  4  1  4  3  2  1  0  3  0  3  4  1
  1  0  0  2  3  4  1  3  4  0  2  2  3  1  2  0 -1 -1 -1 -1 -1 -1 -1 -1
 -1 -1 -1 -1 -1 -1 -1 -1 -1 -1 -1 -1 -1 -1 -1 -1 -1 -1 -1 -1 -1 -1 -1 -1
 -1 -1 -1 -1 -1 -1 -1 -1 -1 -1 -1 -1 -1 -1 -1 -1 -1 -1 -1 -1 -1 -1 -1 -1
 -1 -1 -1 -1 -1 -1 -1 -1 -1 -1 -1 -1 -1 -1 -1 -1 -1 -1 -1 -1 -1 -1 -1 -1]
TRAIN (len=96): [  0   1   2   3   5   6   7   8   9  10  12  13  14  15  16  17  19  21
  22  23  24  27  28  29  30  31  32  34  35  36  37  38  40  41  42  43
  45  46  47  48  49  50  52  53  54  55  56  57  59  61  62  63  64  67
  68  69  70  71  72  74  75  76  77  78  80  81  82  83  85  86  87  88
  89  90  92  93  94  95  96  97  99 101 102 103 104 107 108 109 110 111
 112 114 115 116 117 118] TEST (len=8): [ 4 11 18 20 25 26 33 39]
TRAIN (len=96): [  0   1   3   4   5   6   7   8  10  11  12  14  15  16  18  19  20  21
  22  25  26  27  28  29  31  32  33  34  35  36  38  39  40  41  43  44
  45  46  47  48  50  51  52  54  55  56  58  59  60  61  62  65  66  67
  68  69  71  72  73  74  75  76  78  79  80  81  83  84  85  86  87  88
  90  91  92  94  95  96  98  99 100 101 102 105 106 107 108 109 111 112
 113 114 115 116 118 119] TEST (len=8): [ 2  9 13 17 23 24 30 37]
TRAIN (len=96): [  0   2   3   4   5   7   9  10  11  12  13  14  15  17  18  19  20  21
  22  23  24  25  26  28  29  30  31  32  33  36  37  39  40  42  43  44
  45  47  49  50  51  52  53  54  55  57  58  59  60  61  62  63  64  65
  66  68  69  70  71  72  73  76  77  79  80  82  83  84  85  87  89  90
  91  92  93  94  95  97  98  99 100 101 102 103 104 105 106 108 109 110
 111 112 113 116 117 119] TEST (len=8): [ 1  6  8 16 27 34 35 38]
TRAIN (len=96): [  1   2   3   4   5   6   7   8   9  11  12  13  14  16  17  18  20  22
  23  24  25  26  27  29  30  32  33  34  35  37  38  39  41  42  43  44
  45  46  47  48  49  51  52  53  54  56  57  58  60  62  63  64  65  66
  67  69  70  72  73  74  75  77  78  79  81  82  83  84  85  86  87  88
  89  91  92  93  94  96  97  98 100 102 103 104 105 106 107 109 110 112
 113 114 115 117 118 119] TEST (len=8): [ 0 10 15 19 21 28 31 36]
TRAIN (len=96): [  0   1   2   4   6   8   9  10  11  13  15  16  17  18  19  20  21  23
  24  25  26  27  28  30  31  33  34  35  36  37  38  39  40  41  42  44
  46  48  49  50  51  53  55  56  57  58  59  60  61  63  64  65  66  67
  68  70  71  73  74  75  76  77  78  79  80  81  82  84  86  88  89  90
  91  93  95  96  97  98  99 100 101 103 104 105 106 107 108 110 111 113
 114 115 116 117 118 119] TEST (len=8): [ 3  5  7 12 14 22 29 32]

CV folds for repetition 9:
train_fold: [4 4 1 4 3 1 3 0 1 1 0 2 3 3 3 4 3 4 2 0 3 2 0 0 2 1 3 1 2 1 1 2 0 0 4 4 4
 2 2 0 4 4 1 4 3 1 3 0 1 1 0 2 3 3 3 4 3 4 2 0 3 2 0 0 2 1 3 1 2 1 1 2 0 0
 4 4 4 2 2 0 4 4 1 4 3 1 3 0 1 1 0 2 3 3 3 4 3 4 2 0 3 2 0 0 2 1 3 1 2 1 1
 2 0 0 4 4 4 2 2 0] test_fold: [ 4  4  1  4  3  1  3  0  1  1  0  2  3  3  3  4  3  4  2  0  3  2  0  0
  2  1  3  1  2  1  1  2  0  0  4  4  4  2  2  0 -1 -1 -1 -1 -1 -1 -1 -1
 -1 -1 -1 -1 -1 -1 -1 -1 -1 -1 -1 -1 -1 -1 -1 -1 -1 -1 -1 -1 -1 -1 -1 -1
 -1 -1 -1 -1 -1 -1 -1 -1 -1 -1 -1 -1 -1 -1 -1 -1 -1 -1 -1 -1 -1 -1 -1 -1
 -1 -1 -1 -1 -1 -1 -1 -1 -1 -1 -1 -1 -1 -1 -1 -1 -1 -1 -1 -1 -1 -1 -1 -1]
TRAIN (len=96): [  0   1   2   3   4   5   6   8   9  11  12  13  14  15  16  17  18  20
  21  24  25  26  27  28  29  30  31  34  35  36  37  38  40  41  42  43
  44  45  46  48  49  51  52  53  54  55  56  57  58  60  61  64  65  66
  67  68  69  70  71  74  75  76  77  78  80  81  82  83  84  85  86  88
  89  91  92  93  94  95  96  97  98 100 101 104 105 106 107 108 109 110
 111 114 115 116 117 118] TEST (len=8): [ 7 10 19 22 23 32 33 39]
TRAIN (len=96): [  0   1   3   4   6   7  10  11  12  13  14  15  16  17  18  19  20  21
  22  23  24  26  28  31  32  33  34  35  36  37  38  39  40  41  43  44
  46  47  50  51  52  53  54  55  56  57  58  59  60  61  62  63  64  66
  68  71  72  73  74  75  76  77  78  79  80  81  83  84  86  87  90  91
  92  93  94  95  96  97  98  99 100 101 102 103 104 106 108 111 112 113
 114 115 116 117 118 119] TEST (len=8): [ 2  5  8  9 25 27 29 30]
TRAIN (len=96): [  0   1   2   3   4   5   6   7   8   9  10  12  13  14  15  16  17  19
  20  22  23  25  26  27  29  30  32  33  34  35  36  39  40  41  42  43
  44  45  46  47  48  49  50  52  53  54  55  56  57  59  60  62  63  65
  66  67  69  70  72  73  74  75  76  79  80  81  82  83  84  85  86  87
  88  89  90  92  93  94  95  96  97  99 100 102 103 105 106 107 109 110
 112 113 114 115 116 119] TEST (len=8): [11 18 21 24 28 31 37 38]
TRAIN (len=96): [  0   1   2   3   5   7   8   9  10  11  15  17  18  19  21  22  23  24
  25  27  28  29  30  31  32  33  34  35  36  37  38  39  40  41  42  43
  45  47  48  49  50  51  55  57  58  59  61  62  63  64  65  67  68  69
  70  71  72  73  74  75  76  77  78  79  80  81  82  83  85  87  88  89
  90  91  95  97  98  99 101 102 103 104 105 107 108 109 110 111 112 113
 114 115 116 117 118 119] TEST (len=8): [ 4  6 12 13 14 16 20 26]
TRAIN (len=96): [  2   4   5   6   7   8   9  10  11  12  13  14  16  18  19  20  21  22
  23  24  25  26  27  28  29  30  31  32  33  37  38  39  42  44  45  46
  47  48  49  50  51  52  53  54  56  58  59  60  61  62  63  64  65  66
  67  68  69  70  71  72  73  77  78  79  82  84  85  86  87  88  89  90
  91  92  93  94  96  98  99 100 101 102 103 104 105 106 107 108 109 110
 111 112 113 117 118 119] TEST (len=8): [ 0  1  3 15 17 34 35 36]

----------------------------------------

Repetition 0, outer split 0:
Beginning of grid search at 17.09.2022_07-31-20.
End of grid search at 17.09.2022_07-32-28.

Repetition 0, outer split 1:
Beginning of grid search at 17.09.2022_07-32-28.
End of grid search at 17.09.2022_07-33-34.

Repetition 0, outer split 2:
Beginning of grid search at 17.09.2022_07-33-34.
End of grid search at 17.09.2022_07-34-40.

Repetition 0, outer split 3:
Beginning of grid search at 17.09.2022_07-34-40.
End of grid search at 17.09.2022_07-35-48.

Repetition 0, outer split 4:
Beginning of grid search at 17.09.2022_07-35-48.
End of grid search at 17.09.2022_07-36-56.

Repetition 1, outer split 0:
Beginning of grid search at 17.09.2022_07-36-56.
End of grid search at 17.09.2022_07-38-15.

Repetition 1, outer split 1:
Beginning of grid search at 17.09.2022_07-38-15.
End of grid search at 17.09.2022_07-39-31.

Repetition 1, outer split 2:
Beginning of grid search at 17.09.2022_07-39-31.
End of grid search at 17.09.2022_07-40-52.

Repetition 1, outer split 3:
Beginning of grid search at 17.09.2022_07-40-52.
End of grid search at 17.09.2022_07-42-06.

Repetition 1, outer split 4:
Beginning of grid search at 17.09.2022_07-42-06.
End of grid search at 17.09.2022_07-43-20.

Repetition 2, outer split 0:
Beginning of grid search at 17.09.2022_07-43-21.
End of grid search at 17.09.2022_07-44-35.

Repetition 2, outer split 1:
Beginning of grid search at 17.09.2022_07-44-35.
End of grid search at 17.09.2022_07-45-51.

Repetition 2, outer split 2:
Beginning of grid search at 17.09.2022_07-45-51.
End of grid search at 17.09.2022_07-47-08.

Repetition 2, outer split 3:
Beginning of grid search at 17.09.2022_07-47-08.
End of grid search at 17.09.2022_07-48-25.

Repetition 2, outer split 4:
Beginning of grid search at 17.09.2022_07-48-25.
End of grid search at 17.09.2022_07-49-41.

Repetition 3, outer split 0:
Beginning of grid search at 17.09.2022_07-49-42.
End of grid search at 17.09.2022_07-50-59.

Repetition 3, outer split 1:
Beginning of grid search at 17.09.2022_07-50-59.
End of grid search at 17.09.2022_07-52-17.

Repetition 3, outer split 2:
Beginning of grid search at 17.09.2022_07-52-17.
End of grid search at 17.09.2022_07-53-29.

Repetition 3, outer split 3:
Beginning of grid search at 17.09.2022_07-53-29.
End of grid search at 17.09.2022_07-54-47.

Repetition 3, outer split 4:
Beginning of grid search at 17.09.2022_07-54-47.
End of grid search at 17.09.2022_07-56-07.

Repetition 4, outer split 0:
Beginning of grid search at 17.09.2022_07-56-07.
End of grid search at 17.09.2022_07-57-20.

Repetition 4, outer split 1:
Beginning of grid search at 17.09.2022_07-57-20.
End of grid search at 17.09.2022_07-58-38.

Repetition 4, outer split 2:
Beginning of grid search at 17.09.2022_07-58-38.
End of grid search at 17.09.2022_07-59-57.

Repetition 4, outer split 3:
Beginning of grid search at 17.09.2022_07-59-57.
End of grid search at 17.09.2022_08-01-09.

Repetition 4, outer split 4:
Beginning of grid search at 17.09.2022_08-01-09.
End of grid search at 17.09.2022_08-02-23.

Repetition 5, outer split 0:
Beginning of grid search at 17.09.2022_08-02-23.
End of grid search at 17.09.2022_08-03-43.

Repetition 5, outer split 1:
Beginning of grid search at 17.09.2022_08-03-43.
End of grid search at 17.09.2022_08-04-56.

Repetition 5, outer split 2:
Beginning of grid search at 17.09.2022_08-04-56.
End of grid search at 17.09.2022_08-06-14.

Repetition 5, outer split 3:
Beginning of grid search at 17.09.2022_08-06-14.
End of grid search at 17.09.2022_08-07-32.

Repetition 5, outer split 4:
Beginning of grid search at 17.09.2022_08-07-32.
End of grid search at 17.09.2022_08-08-49.

Repetition 6, outer split 0:
Beginning of grid search at 17.09.2022_08-08-50.
End of grid search at 17.09.2022_08-10-05.

Repetition 6, outer split 1:
Beginning of grid search at 17.09.2022_08-10-05.
End of grid search at 17.09.2022_08-11-23.

Repetition 6, outer split 2:
Beginning of grid search at 17.09.2022_08-11-23.
End of grid search at 17.09.2022_08-12-38.

Repetition 6, outer split 3:
Beginning of grid search at 17.09.2022_08-12-38.
End of grid search at 17.09.2022_08-13-55.

Repetition 6, outer split 4:
Beginning of grid search at 17.09.2022_08-13-55.
End of grid search at 17.09.2022_08-15-11.

Repetition 7, outer split 0:
Beginning of grid search at 17.09.2022_08-15-11.
End of grid search at 17.09.2022_08-16-32.

Repetition 7, outer split 1:
Beginning of grid search at 17.09.2022_08-16-32.
End of grid search at 17.09.2022_08-17-45.

Repetition 7, outer split 2:
Beginning of grid search at 17.09.2022_08-17-45.
End of grid search at 17.09.2022_08-19-05.

Repetition 7, outer split 3:
Beginning of grid search at 17.09.2022_08-19-05.
End of grid search at 17.09.2022_08-20-23.

Repetition 7, outer split 4:
Beginning of grid search at 17.09.2022_08-20-23.
End of grid search at 17.09.2022_08-21-42.

Repetition 8, outer split 0:
Beginning of grid search at 17.09.2022_08-21-42.
End of grid search at 17.09.2022_08-23-02.

Repetition 8, outer split 1:
Beginning of grid search at 17.09.2022_08-23-02.
End of grid search at 17.09.2022_08-24-21.

Repetition 8, outer split 2:
Beginning of grid search at 17.09.2022_08-24-21.
End of grid search at 17.09.2022_08-25-38.

Repetition 8, outer split 3:
Beginning of grid search at 17.09.2022_08-25-38.
End of grid search at 17.09.2022_08-26-51.

Repetition 8, outer split 4:
Beginning of grid search at 17.09.2022_08-26-51.
End of grid search at 17.09.2022_08-28-10.

Repetition 9, outer split 0:
Beginning of grid search at 17.09.2022_08-28-10.
End of grid search at 17.09.2022_08-29-27.

Repetition 9, outer split 1:
Beginning of grid search at 17.09.2022_08-29-27.
End of grid search at 17.09.2022_08-30-44.

Repetition 9, outer split 2:
Beginning of grid search at 17.09.2022_08-30-44.
End of grid search at 17.09.2022_08-31-58.

Repetition 9, outer split 3:
Beginning of grid search at 17.09.2022_08-31-58.
