========================================
numpy version: 1.21.2
pandas version: 1.3.5
scikit-learn version: 1.0.2
scipy version: 1.7.3
========================================

data file: /home/breuter/MalariaVaccineEfficacyPrediction/data/proteome_data/correlationFiltering/preprocessed_whole_data_spearman_filtered_threshold0.5.csv

singleTime start time: 14.09.2023_03-22-24

++++++++++++++++++++++++++++++++++++++++
III14 start: 14.09.2023_03-22-24

estimator: <class 'sklearn.pipeline.Pipeline'>
parameter grid: {'randomforestclassifier__n_estimators': [100, 500, 1000], 'randomforestclassifier__max_features': ['sqrt', 0.1, 0.333]}

shape of binary response array: 80
number of positives: 36
number of positives divided by total number of samples: 0.45

----------------------------------------
Predefined CV folds:

CV folds for repetition 0:
train_fold: [0 2 1 4 4 4 0 2 2 3 3 4 3 1 2 0 0 1 0 4 4 3 2 2 3 2 1 1 3 2 4 3 1 1 0 0 0
 1 4 3 0 2 1 4 4 4 0 2 2 3 3 4 3 1 2 0 0 1 0 4 4 3 2 2 3 2 1 1 3 2 4 3 1 1
 0 0 0 1 4 3] test_fold: [ 0  2  1  4  4  4  0  2  2  3  3  4  3  1  2  0  0  1  0  4  4  3  2  2
  3  2  1  1  3  2  4  3  1  1  0  0  0  1  4  3 -1 -1 -1 -1 -1 -1 -1 -1
 -1 -1 -1 -1 -1 -1 -1 -1 -1 -1 -1 -1 -1 -1 -1 -1 -1 -1 -1 -1 -1 -1 -1 -1
 -1 -1 -1 -1 -1 -1 -1 -1]
TRAIN (len=64): [ 1  2  3  4  5  7  8  9 10 11 12 13 14 17 19 20 21 22 23 24 25 26 27 28
 29 30 31 32 33 37 38 39 41 42 43 44 45 47 48 49 50 51 52 53 54 57 59 60
 61 62 63 64 65 66 67 68 69 70 71 72 73 77 78 79] TEST (len=8): [ 0  6 15 16 18 34 35 36]
TRAIN (len=64): [ 0  1  3  4  5  6  7  8  9 10 11 12 14 15 16 18 19 20 21 22 23 24 25 28
 29 30 31 34 35 36 38 39 40 41 43 44 45 46 47 48 49 50 51 52 54 55 56 58
 59 60 61 62 63 64 65 68 69 70 71 74 75 76 78 79] TEST (len=8): [ 2 13 17 26 27 32 33 37]
TRAIN (len=64): [ 0  2  3  4  5  6  9 10 11 12 13 15 16 17 18 19 20 21 24 26 27 28 30 31
 32 33 34 35 36 37 38 39 40 42 43 44 45 46 49 50 51 52 53 55 56 57 58 59
 60 61 64 66 67 68 70 71 72 73 74 75 76 77 78 79] TEST (len=8): [ 1  7  8 14 22 23 25 29]
TRAIN (len=64): [ 0  1  2  3  4  5  6  7  8 11 13 14 15 16 17 18 19 20 22 23 25 26 27 29
 30 32 33 34 35 36 37 38 40 41 42 43 44 45 46 47 48 51 53 54 55 56 57 58
 59 60 62 63 65 66 67 69 70 72 73 74 75 76 77 78] TEST (len=8): [ 9 10 12 21 24 28 31 39]
TRAIN (len=64): [ 0  1  2  6  7  8  9 10 12 13 14 15 16 17 18 21 22 23 24 25 26 27 28 29
 31 32 33 34 35 36 37 39 40 41 42 46 47 48 49 50 52 53 54 55 56 57 58 61
 62 63 64 65 66 67 68 69 71 72 73 74 75 76 77 79] TEST (len=8): [ 3  4  5 11 19 20 30 38]

CV folds for repetition 1:
train_fold: [1 0 0 3 0 4 3 3 0 3 3 4 2 1 4 1 0 4 4 1 0 0 2 2 3 1 0 1 4 4 3 2 2 4 2 2 1
 3 2 1 1 0 0 3 0 4 3 3 0 3 3 4 2 1 4 1 0 4 4 1 0 0 2 2 3 1 0 1 4 4 3 2 2 4
 2 2 1 3 2 1] test_fold: [ 1  0  0  3  0  4  3  3  0  3  3  4  2  1  4  1  0  4  4  1  0  0  2  2
  3  1  0  1  4  4  3  2  2  4  2  2  1  3  2  1 -1 -1 -1 -1 -1 -1 -1 -1
 -1 -1 -1 -1 -1 -1 -1 -1 -1 -1 -1 -1 -1 -1 -1 -1 -1 -1 -1 -1 -1 -1 -1 -1
 -1 -1 -1 -1 -1 -1 -1 -1]
TRAIN (len=64): [ 0  3  5  6  7  9 10 11 12 13 14 15 17 18 19 22 23 24 25 27 28 29 30 31
 32 33 34 35 36 37 38 39 40 43 45 46 47 49 50 51 52 53 54 55 57 58 59 62
 63 64 65 67 68 69 70 71 72 73 74 75 76 77 78 79] TEST (len=8): [ 1  2  4  8 16 20 21 26]
TRAIN (len=64): [ 1  2  3  4  5  6  7  8  9 10 11 12 14 16 17 18 20 21 22 23 24 26 28 29
 30 31 32 33 34 35 37 38 41 42 43 44 45 46 47 48 49 50 51 52 54 56 57 58
 60 61 62 63 64 66 68 69 70 71 72 73 74 75 77 78] TEST (len=8): [ 0 13 15 19 25 27 36 39]
TRAIN (len=64): [ 0  1  2  3  4  5  6  7  8  9 10 11 13 14 15 16 17 18 19 20 21 24 25 26
 27 28 29 30 33 36 37 39 40 41 42 43 44 45 46 47 48 49 50 51 53 54 55 56
 57 58 59 60 61 64 65 66 67 68 69 70 73 76 77 79] TEST (len=8): [12 22 23 31 32 34 35 38]
TRAIN (len=64): [ 0  1  2  4  5  8 11 12 13 14 15 16 17 18 19 20 21 22 23 25 26 27 28 29
 31 32 33 34 35 36 38 39 40 41 42 44 45 48 51 52 53 54 55 56 57 58 59 60
 61 62 63 65 66 67 68 69 71 72 73 74 75 76 78 79] TEST (len=8): [ 3  6  7  9 10 24 30 37]
TRAIN (len=64): [ 0  1  2  3  4  6  7  8  9 10 12 13 15 16 19 20 21 22 23 24 25 26 27 30
 31 32 34 35 36 37 38 39 40 41 42 43 44 46 47 48 49 50 52 53 55 56 59 60
 61 62 63 64 65 66 67 70 71 72 74 75 76 77 78 79] TEST (len=8): [ 5 11 14 17 18 28 29 33]

CV folds for repetition 2:
train_fold: [2 3 1 3 0 2 3 4 0 2 2 4 0 1 4 3 0 3 0 0 3 4 1 4 4 2 3 2 0 2 1 1 0 1 1 4 1
 3 4 2 2 3 1 3 0 2 3 4 0 2 2 4 0 1 4 3 0 3 0 0 3 4 1 4 4 2 3 2 0 2 1 1 0 1
 1 4 1 3 4 2] test_fold: [ 2  3  1  3  0  2  3  4  0  2  2  4  0  1  4  3  0  3  0  0  3  4  1  4
  4  2  3  2  0  2  1  1  0  1  1  4  1  3  4  2 -1 -1 -1 -1 -1 -1 -1 -1
 -1 -1 -1 -1 -1 -1 -1 -1 -1 -1 -1 -1 -1 -1 -1 -1 -1 -1 -1 -1 -1 -1 -1 -1
 -1 -1 -1 -1 -1 -1 -1 -1]
TRAIN (len=64): [ 0  1  2  3  5  6  7  9 10 11 13 14 15 17 20 21 22 23 24 25 26 27 29 30
 31 33 34 35 36 37 38 39 40 41 42 43 45 46 47 49 50 51 53 54 55 57 60 61
 62 63 64 65 66 67 69 70 71 73 74 75 76 77 78 79] TEST (len=8): [ 4  8 12 16 18 19 28 32]
TRAIN (len=64): [ 0  1  3  4  5  6  7  8  9 10 11 12 14 15 16 17 18 19 20 21 23 24 25 26
 27 28 29 32 35 37 38 39 40 41 43 44 45 46 47 48 49 50 51 52 54 55 56 57
 58 59 60 61 63 64 65 66 67 68 69 72 75 77 78 79] TEST (len=8): [ 2 13 22 30 31 33 34 36]
TRAIN (len=64): [ 1  2  3  4  6  7  8 11 12 13 14 15 16 17 18 19 20 21 22 23 24 26 28 30
 31 32 33 34 35 36 37 38 41 42 43 44 46 47 48 51 52 53 54 55 56 57 58 59
 60 61 62 63 64 66 68 70 71 72 73 74 75 76 77 78] TEST (len=8): [ 0  5  9 10 25 27 29 39]
TRAIN (len=64): [ 0  2  4  5  7  8  9 10 11 12 13 14 16 18 19 21 22 23 24 25 27 28 29 30
 31 32 33 34 35 36 38 39 40 42 44 45 47 48 49 50 51 52 53 54 56 58 59 61
 62 63 64 65 67 68 69 70 71 72 73 74 75 76 78 79] TEST (len=8): [ 1  3  6 15 17 20 26 37]
TRAIN (len=64): [ 0  1  2  3  4  5  6  8  9 10 12 13 15 16 17 18 19 20 22 25 26 27 28 29
 30 31 32 33 34 36 37 39 40 41 42 43 44 45 46 48 49 50 52 53 55 56 57 58
 59 60 62 65 66 67 68 69 70 71 72 73 74 76 77 79] TEST (len=8): [ 7 11 14 21 23 24 35 38]

CV folds for repetition 3:
train_fold: [2 1 0 3 2 4 1 0 3 1 3 0 0 3 3 2 1 3 1 1 3 2 2 4 4 2 4 1 4 1 0 4 0 4 0 4 3
 2 0 2 2 1 0 3 2 4 1 0 3 1 3 0 0 3 3 2 1 3 1 1 3 2 2 4 4 2 4 1 4 1 0 4 0 4
 0 4 3 2 0 2] test_fold: [ 2  1  0  3  2  4  1  0  3  1  3  0  0  3  3  2  1  3  1  1  3  2  2  4
  4  2  4  1  4  1  0  4  0  4  0  4  3  2  0  2 -1 -1 -1 -1 -1 -1 -1 -1
 -1 -1 -1 -1 -1 -1 -1 -1 -1 -1 -1 -1 -1 -1 -1 -1 -1 -1 -1 -1 -1 -1 -1 -1
 -1 -1 -1 -1 -1 -1 -1 -1]
TRAIN (len=64): [ 0  1  3  4  5  6  8  9 10 13 14 15 16 17 18 19 20 21 22 23 24 25 26 27
 28 29 31 33 35 36 37 39 40 41 43 44 45 46 48 49 50 53 54 55 56 57 58 59
 60 61 62 63 64 65 66 67 68 69 71 73 75 76 77 79] TEST (len=8): [ 2  7 11 12 30 32 34 38]
TRAIN (len=64): [ 0  2  3  4  5  7  8 10 11 12 13 14 15 17 20 21 22 23 24 25 26 28 30 31
 32 33 34 35 36 37 38 39 40 42 43 44 45 47 48 50 51 52 53 54 55 57 60 61
 62 63 64 65 66 68 70 71 72 73 74 75 76 77 78 79] TEST (len=8): [ 1  6  9 16 18 19 27 29]
TRAIN (len=64): [ 1  2  3  5  6  7  8  9 10 11 12 13 14 16 17 18 19 20 23 24 26 27 28 29
 30 31 32 33 34 35 36 38 41 42 43 45 46 47 48 49 50 51 52 53 54 56 57 58
 59 60 63 64 66 67 68 69 70 71 72 73 74 75 76 78] TEST (len=8): [ 0  4 15 21 22 25 37 39]
TRAIN (len=64): [ 0  1  2  4  5  6  7  9 11 12 15 16 18 19 21 22 23 24 25 26 27 28 29 30
 31 32 33 34 35 37 38 39 40 41 42 44 45 46 47 49 51 52 55 56 58 59 61 62
 63 64 65 66 67 68 69 70 71 72 73 74 75 77 78 79] TEST (len=8): [ 3  8 10 13 14 17 20 36]
TRAIN (len=64): [ 0  1  2  3  4  6  7  8  9 10 11 12 13 14 15 16 17 18 19 20 21 22 25 27
 29 30 32 34 36 37 38 39 40 41 42 43 44 46 47 48 49 50 51 52 53 54 55 56
 57 58 59 60 61 62 65 67 69 70 72 74 76 77 78 79] TEST (len=8): [ 5 23 24 26 28 31 33 35]

CV folds for repetition 4:
train_fold: [1 2 0 1 4 1 4 4 2 1 3 4 4 0 3 0 3 1 4 3 2 0 3 2 3 3 2 1 0 4 2 0 0 4 1 2 2
 0 1 3 1 2 0 1 4 1 4 4 2 1 3 4 4 0 3 0 3 1 4 3 2 0 3 2 3 3 2 1 0 4 2 0 0 4
 1 2 2 0 1 3] test_fold: [ 1  2  0  1  4  1  4  4  2  1  3  4  4  0  3  0  3  1  4  3  2  0  3  2
  3  3  2  1  0  4  2  0  0  4  1  2  2  0  1  3 -1 -1 -1 -1 -1 -1 -1 -1
 -1 -1 -1 -1 -1 -1 -1 -1 -1 -1 -1 -1 -1 -1 -1 -1 -1 -1 -1 -1 -1 -1 -1 -1
 -1 -1 -1 -1 -1 -1 -1 -1]
TRAIN (len=64): [ 0  1  3  4  5  6  7  8  9 10 11 12 14 16 17 18 19 20 22 23 24 25 26 27
 29 30 33 34 35 36 38 39 40 41 43 44 45 46 47 48 49 50 51 52 54 56 57 58
 59 60 62 63 64 65 66 67 69 70 73 74 75 76 78 79] TEST (len=8): [ 2 13 15 21 28 31 32 37]
TRAIN (len=64): [ 1  2  4  6  7  8 10 11 12 13 14 15 16 18 19 20 21 22 23 24 25 26 28 29
 30 31 32 33 35 36 37 39 41 42 44 46 47 48 50 51 52 53 54 55 56 58 59 60
 61 62 63 64 65 66 68 69 70 71 72 73 75 76 77 79] TEST (len=8): [ 0  3  5  9 17 27 34 38]
TRAIN (len=64): [ 0  2  3  4  5  6  7  9 10 11 12 13 14 15 16 17 18 19 21 22 24 25 27 28
 29 31 32 33 34 37 38 39 40 42 43 44 45 46 47 49 50 51 52 53 54 55 56 57
 58 59 61 62 64 65 67 68 69 71 72 73 74 77 78 79] TEST (len=8): [ 1  8 20 23 26 30 35 36]
TRAIN (len=64): [ 0  1  2  3  4  5  6  7  8  9 11 12 13 15 17 18 20 21 23 26 27 28 29 30
 31 32 33 34 35 36 37 38 40 41 42 43 44 45 46 47 48 49 51 52 53 55 57 58
 60 61 63 66 67 68 69 70 71 72 73 74 75 76 77 78] TEST (len=8): [10 14 16 19 22 24 25 39]
TRAIN (len=64): [ 0  1  2  3  5  8  9 10 13 14 15 16 17 19 20 21 22 23 24 25 26 27 28 30
 31 32 34 35 36 37 38 39 40 41 42 43 45 48 49 50 53 54 55 56 57 59 60 61
 62 63 64 65 66 67 68 70 71 72 74 75 76 77 78 79] TEST (len=8): [ 4  6  7 11 12 18 29 33]

CV folds for repetition 5:
train_fold: [1 2 0 4 0 3 4 2 0 2 1 0 2 4 4 2 0 1 3 1 1 1 2 0 2 3 2 4 0 4 3 1 4 3 1 3 3
 4 3 0 1 2 0 4 0 3 4 2 0 2 1 0 2 4 4 2 0 1 3 1 1 1 2 0 2 3 2 4 0 4 3 1 4 3
 1 3 3 4 3 0] test_fold: [ 1  2  0  4  0  3  4  2  0  2  1  0  2  4  4  2  0  1  3  1  1  1  2  0
  2  3  2  4  0  4  3  1  4  3  1  3  3  4  3  0 -1 -1 -1 -1 -1 -1 -1 -1
 -1 -1 -1 -1 -1 -1 -1 -1 -1 -1 -1 -1 -1 -1 -1 -1 -1 -1 -1 -1 -1 -1 -1 -1
 -1 -1 -1 -1 -1 -1 -1 -1]
TRAIN (len=64): [ 0  1  3  5  6  7  9 10 12 13 14 15 17 18 19 20 21 22 24 25 26 27 29 30
 31 32 33 34 35 36 37 38 40 41 43 45 46 47 49 50 52 53 54 55 57 58 59 60
 61 62 64 65 66 67 69 70 71 72 73 74 75 76 77 78] TEST (len=8): [ 2  4  8 11 16 23 28 39]
TRAIN (len=64): [ 1  2  3  4  5  6  7  8  9 11 12 13 14 15 16 18 22 23 24 25 26 27 28 29
 30 32 33 35 36 37 38 39 41 42 43 44 45 46 47 48 49 51 52 53 54 55 56 58
 62 63 64 65 66 67 68 69 70 72 73 75 76 77 78 79] TEST (len=8): [ 0 10 17 19 20 21 31 34]
TRAIN (len=64): [ 0  2  3  4  5  6  8 10 11 13 14 16 17 18 19 20 21 23 25 27 28 29 30 31
 32 33 34 35 36 37 38 39 40 42 43 44 45 46 48 50 51 53 54 56 57 58 59 60
 61 63 65 67 68 69 70 71 72 73 74 75 76 77 78 79] TEST (len=8): [ 1  7  9 12 15 22 24 26]
TRAIN (len=64): [ 0  1  2  3  4  6  7  8  9 10 11 12 13 14 15 16 17 19 20 21 22 23 24 26
 27 28 29 31 32 34 37 39 40 41 42 43 44 46 47 48 49 50 51 52 53 54 55 56
 57 59 60 61 62 63 64 66 67 68 69 71 72 74 77 79] TEST (len=8): [ 5 18 25 30 33 35 36 38]
TRAIN (len=64): [ 0  1  2  4  5  7  8  9 10 11 12 15 16 17 18 19 20 21 22 23 24 25 26 28
 30 31 33 34 35 36 38 39 40 41 42 44 45 47 48 49 50 51 52 55 56 57 58 59
 60 61 62 63 64 65 66 68 70 71 73 74 75 76 78 79] TEST (len=8): [ 3  6 13 14 27 29 32 37]

CV folds for repetition 6:
train_fold: [1 2 4 4 1 3 2 0 2 2 1 3 3 1 0 2 4 0 1 3 3 4 0 1 0 3 4 4 0 3 2 3 1 0 4 1 4
 0 2 2 1 2 4 4 1 3 2 0 2 2 1 3 3 1 0 2 4 0 1 3 3 4 0 1 0 3 4 4 0 3 2 3 1 0
 4 1 4 0 2 2] test_fold: [ 1  2  4  4  1  3  2  0  2  2  1  3  3  1  0  2  4  0  1  3  3  4  0  1
  0  3  4  4  0  3  2  3  1  0  4  1  4  0  2  2 -1 -1 -1 -1 -1 -1 -1 -1
 -1 -1 -1 -1 -1 -1 -1 -1 -1 -1 -1 -1 -1 -1 -1 -1 -1 -1 -1 -1 -1 -1 -1 -1
 -1 -1 -1 -1 -1 -1 -1 -1]
TRAIN (len=64): [ 0  1  2  3  4  5  6  8  9 10 11 12 13 15 16 18 19 20 21 23 25 26 27 29
 30 31 32 34 35 36 38 39 40 41 42 43 44 45 46 48 49 50 51 52 53 55 56 58
 59 60 61 63 65 66 67 69 70 71 72 74 75 76 78 79] TEST (len=8): [ 7 14 17 22 24 28 33 37]
TRAIN (len=64): [ 1  2  3  5  6  7  8  9 11 12 14 15 16 17 19 20 21 22 24 25 26 27 28 29
 30 31 33 34 36 37 38 39 41 42 43 45 46 47 48 49 51 52 54 55 56 57 59 60
 61 62 64 65 66 67 68 69 70 71 73 74 76 77 78 79] TEST (len=8): [ 0  4 10 13 18 23 32 35]
TRAIN (len=64): [ 0  2  3  4  5  7 10 11 12 13 14 16 17 18 19 20 21 22 23 24 25 26 27 28
 29 31 32 33 34 35 36 37 40 42 43 44 45 47 50 51 52 53 54 56 57 58 59 60
 61 62 63 64 65 66 67 68 69 71 72 73 74 75 76 77] TEST (len=8): [ 1  6  8  9 15 30 38 39]
TRAIN (len=64): [ 0  1  2  3  4  6  7  8  9 10 13 14 15 16 17 18 21 22 23 24 26 27 28 30
 32 33 34 35 36 37 38 39 40 41 42 43 44 46 47 48 49 50 53 54 55 56 57 58
 61 62 63 64 66 67 68 70 72 73 74 75 76 77 78 79] TEST (len=8): [ 5 11 12 19 20 25 29 31]
TRAIN (len=64): [ 0  1  4  5  6  7  8  9 10 11 12 13 14 15 17 18 19 20 22 23 24 25 28 29
 30 31 32 33 35 37 38 39 40 41 44 45 46 47 48 49 50 51 52 53 54 55 57 58
 59 60 62 63 64 65 68 69 70 71 72 73 75 77 78 79] TEST (len=8): [ 2  3 16 21 26 27 34 36]

CV folds for repetition 7:
train_fold: [3 4 3 0 1 0 2 4 2 1 2 3 4 0 3 4 4 2 0 0 2 1 4 3 4 0 2 1 1 3 2 0 3 1 0 1 3
 2 1 4 3 4 3 0 1 0 2 4 2 1 2 3 4 0 3 4 4 2 0 0 2 1 4 3 4 0 2 1 1 3 2 0 3 1
 0 1 3 2 1 4] test_fold: [ 3  4  3  0  1  0  2  4  2  1  2  3  4  0  3  4  4  2  0  0  2  1  4  3
  4  0  2  1  1  3  2  0  3  1  0  1  3  2  1  4 -1 -1 -1 -1 -1 -1 -1 -1
 -1 -1 -1 -1 -1 -1 -1 -1 -1 -1 -1 -1 -1 -1 -1 -1 -1 -1 -1 -1 -1 -1 -1 -1
 -1 -1 -1 -1 -1 -1 -1 -1]
TRAIN (len=64): [ 0  1  2  4  6  7  8  9 10 11 12 14 15 16 17 20 21 22 23 24 26 27 28 29
 30 32 33 35 36 37 38 39 40 41 42 44 46 47 48 49 50 51 52 54 55 56 57 60
 61 62 63 64 66 67 68 69 70 72 73 75 76 77 78 79] TEST (len=8): [ 3  5 13 18 19 25 31 34]
TRAIN (len=64): [ 0  1  2  3  5  6  7  8 10 11 12 13 14 15 16 17 18 19 20 22 23 24 25 26
 29 30 31 32 34 36 37 39 40 41 42 43 45 46 47 48 50 51 52 53 54 55 56 57
 58 59 60 62 63 64 65 66 69 70 71 72 74 76 77 79] TEST (len=8): [ 4  9 21 27 28 33 35 38]
TRAIN (len=64): [ 0  1  2  3  4  5  7  9 11 12 13 14 15 16 18 19 21 22 23 24 25 27 28 29
 31 32 33 34 35 36 38 39 40 41 42 43 44 45 47 49 51 52 53 54 55 56 58 59
 61 62 63 64 65 67 68 69 71 72 73 74 75 76 78 79] TEST (len=8): [ 6  8 10 17 20 26 30 37]
TRAIN (len=64): [ 1  3  4  5  6  7  8  9 10 12 13 15 16 17 18 19 20 21 22 24 25 26 27 28
 30 31 33 34 35 37 38 39 41 43 44 45 46 47 48 49 50 52 53 55 56 57 58 59
 60 61 62 64 65 66 67 68 70 71 73 74 75 77 78 79] TEST (len=8): [ 0  2 11 14 23 29 32 36]
TRAIN (len=64): [ 0  2  3  4  5  6  8  9 10 11 13 14 17 18 19 20 21 23 25 26 27 28 29 30
 31 32 33 34 35 36 37 38 40 42 43 44 45 46 48 49 50 51 53 54 57 58 59 60
 61 63 65 66 67 68 69 70 71 72 73 74 75 76 77 78] TEST (len=8): [ 1  7 12 15 16 22 24 39]

CV folds for repetition 8:
train_fold: [3 2 1 4 0 4 2 4 2 1 3 0 4 1 4 3 2 1 0 3 0 3 4 1 1 0 0 2 3 4 1 3 4 0 2 2 3
 1 2 0 3 2 1 4 0 4 2 4 2 1 3 0 4 1 4 3 2 1 0 3 0 3 4 1 1 0 0 2 3 4 1 3 4 0
 2 2 3 1 2 0] test_fold: [ 3  2  1  4  0  4  2  4  2  1  3  0  4  1  4  3  2  1  0  3  0  3  4  1
  1  0  0  2  3  4  1  3  4  0  2  2  3  1  2  0 -1 -1 -1 -1 -1 -1 -1 -1
 -1 -1 -1 -1 -1 -1 -1 -1 -1 -1 -1 -1 -1 -1 -1 -1 -1 -1 -1 -1 -1 -1 -1 -1
 -1 -1 -1 -1 -1 -1 -1 -1]
TRAIN (len=64): [ 0  1  2  3  5  6  7  8  9 10 12 13 14 15 16 17 19 21 22 23 24 27 28 29
 30 31 32 34 35 36 37 38 40 41 42 43 45 46 47 48 49 50 52 53 54 55 56 57
 59 61 62 63 64 67 68 69 70 71 72 74 75 76 77 78] TEST (len=8): [ 4 11 18 20 25 26 33 39]
TRAIN (len=64): [ 0  1  3  4  5  6  7  8 10 11 12 14 15 16 18 19 20 21 22 25 26 27 28 29
 31 32 33 34 35 36 38 39 40 41 43 44 45 46 47 48 50 51 52 54 55 56 58 59
 60 61 62 65 66 67 68 69 71 72 73 74 75 76 78 79] TEST (len=8): [ 2  9 13 17 23 24 30 37]
TRAIN (len=64): [ 0  2  3  4  5  7  9 10 11 12 13 14 15 17 18 19 20 21 22 23 24 25 26 28
 29 30 31 32 33 36 37 39 40 42 43 44 45 47 49 50 51 52 53 54 55 57 58 59
 60 61 62 63 64 65 66 68 69 70 71 72 73 76 77 79] TEST (len=8): [ 1  6  8 16 27 34 35 38]
TRAIN (len=64): [ 1  2  3  4  5  6  7  8  9 11 12 13 14 16 17 18 20 22 23 24 25 26 27 29
 30 32 33 34 35 37 38 39 41 42 43 44 45 46 47 48 49 51 52 53 54 56 57 58
 60 62 63 64 65 66 67 69 70 72 73 74 75 77 78 79] TEST (len=8): [ 0 10 15 19 21 28 31 36]
TRAIN (len=64): [ 0  1  2  4  6  8  9 10 11 13 15 16 17 18 19 20 21 23 24 25 26 27 28 30
 31 33 34 35 36 37 38 39 40 41 42 44 46 48 49 50 51 53 55 56 57 58 59 60
 61 63 64 65 66 67 68 70 71 73 74 75 76 77 78 79] TEST (len=8): [ 3  5  7 12 14 22 29 32]

CV folds for repetition 9:
train_fold: [4 4 1 4 3 1 3 0 1 1 0 2 3 3 3 4 3 4 2 0 3 2 0 0 2 1 3 1 2 1 1 2 0 0 4 4 4
 2 2 0 4 4 1 4 3 1 3 0 1 1 0 2 3 3 3 4 3 4 2 0 3 2 0 0 2 1 3 1 2 1 1 2 0 0
 4 4 4 2 2 0] test_fold: [ 4  4  1  4  3  1  3  0  1  1  0  2  3  3  3  4  3  4  2  0  3  2  0  0
  2  1  3  1  2  1  1  2  0  0  4  4  4  2  2  0 -1 -1 -1 -1 -1 -1 -1 -1
 -1 -1 -1 -1 -1 -1 -1 -1 -1 -1 -1 -1 -1 -1 -1 -1 -1 -1 -1 -1 -1 -1 -1 -1
 -1 -1 -1 -1 -1 -1 -1 -1]
TRAIN (len=64): [ 0  1  2  3  4  5  6  8  9 11 12 13 14 15 16 17 18 20 21 24 25 26 27 28
 29 30 31 34 35 36 37 38 40 41 42 43 44 45 46 48 49 51 52 53 54 55 56 57
 58 60 61 64 65 66 67 68 69 70 71 74 75 76 77 78] TEST (len=8): [ 7 10 19 22 23 32 33 39]
TRAIN (len=64): [ 0  1  3  4  6  7 10 11 12 13 14 15 16 17 18 19 20 21 22 23 24 26 28 31
 32 33 34 35 36 37 38 39 40 41 43 44 46 47 50 51 52 53 54 55 56 57 58 59
 60 61 62 63 64 66 68 71 72 73 74 75 76 77 78 79] TEST (len=8): [ 2  5  8  9 25 27 29 30]
TRAIN (len=64): [ 0  1  2  3  4  5  6  7  8  9 10 12 13 14 15 16 17 19 20 22 23 25 26 27
 29 30 32 33 34 35 36 39 40 41 42 43 44 45 46 47 48 49 50 52 53 54 55 56
 57 59 60 62 63 65 66 67 69 70 72 73 74 75 76 79] TEST (len=8): [11 18 21 24 28 31 37 38]
TRAIN (len=64): [ 0  1  2  3  5  7  8  9 10 11 15 17 18 19 21 22 23 24 25 27 28 29 30 31
 32 33 34 35 36 37 38 39 40 41 42 43 45 47 48 49 50 51 55 57 58 59 61 62
 63 64 65 67 68 69 70 71 72 73 74 75 76 77 78 79] TEST (len=8): [ 4  6 12 13 14 16 20 26]
TRAIN (len=64): [ 2  4  5  6  7  8  9 10 11 12 13 14 16 18 19 20 21 22 23 24 25 26 27 28
 29 30 31 32 33 37 38 39 42 44 45 46 47 48 49 50 51 52 53 54 56 58 59 60
 61 62 63 64 65 66 67 68 69 70 71 72 73 77 78 79] TEST (len=8): [ 0  1  3 15 17 34 35 36]

----------------------------------------

III14 opt_params:
{'mcc': {'randomforestclassifier__max_features': 0.333,
         'randomforestclassifier__n_estimators': 1000},
 'precision_recall_auc': {'randomforestclassifier__max_features': 'sqrt',
                          'randomforestclassifier__n_estimators': 100},
 'roc_auc': {'randomforestclassifier__max_features': 0.333,
             'randomforestclassifier__n_estimators': 1000}}

III14 opt_scores:
{'mcc': 0.5916002126139671,
 'precision_recall_auc': 0.8390592593141161,
 'roc_auc': 0.8512626262626263}

III14 end: 14.09.2023_03-23-11
++++++++++++++++++++++++++++++++++++++++

++++++++++++++++++++++++++++++++++++++++
C-1 start: 14.09.2023_03-23-11

estimator: <class 'sklearn.pipeline.Pipeline'>
parameter grid: {'randomforestclassifier__n_estimators': [100, 500, 1000], 'randomforestclassifier__max_features': ['sqrt', 0.1, 0.333]}

shape of binary response array: 80
number of positives: 36
number of positives divided by total number of samples: 0.45

----------------------------------------
Predefined CV folds:

CV folds for repetition 0:
train_fold: [0 2 1 4 4 4 0 2 2 3 3 4 3 1 2 0 0 1 0 4 4 3 2 2 3 2 1 1 3 2 4 3 1 1 0 0 0
 1 4 3 0 2 1 4 4 4 0 2 2 3 3 4 3 1 2 0 0 1 0 4 4 3 2 2 3 2 1 1 3 2 4 3 1 1
 0 0 0 1 4 3] test_fold: [-1 -1 -1 -1 -1 -1 -1 -1 -1 -1 -1 -1 -1 -1 -1 -1 -1 -1 -1 -1 -1 -1 -1 -1
 -1 -1 -1 -1 -1 -1 -1 -1 -1 -1 -1 -1 -1 -1 -1 -1  0  2  1  4  4  4  0  2
  2  3  3  4  3  1  2  0  0  1  0  4  4  3  2  2  3  2  1  1  3  2  4  3
  1  1  0  0  0  1  4  3]
TRAIN (len=64): [ 1  2  3  4  5  7  8  9 10 11 12 13 14 17 19 20 21 22 23 24 25 26 27 28
 29 30 31 32 33 37 38 39 41 42 43 44 45 47 48 49 50 51 52 53 54 57 59 60
 61 62 63 64 65 66 67 68 69 70 71 72 73 77 78 79] TEST (len=8): [40 46 55 56 58 74 75 76]
TRAIN (len=64): [ 0  1  3  4  5  6  7  8  9 10 11 12 14 15 16 18 19 20 21 22 23 24 25 28
 29 30 31 34 35 36 38 39 40 41 43 44 45 46 47 48 49 50 51 52 54 55 56 58
 59 60 61 62 63 64 65 68 69 70 71 74 75 76 78 79] TEST (len=8): [42 53 57 66 67 72 73 77]
TRAIN (len=64): [ 0  2  3  4  5  6  9 10 11 12 13 15 16 17 18 19 20 21 24 26 27 28 30 31
 32 33 34 35 36 37 38 39 40 42 43 44 45 46 49 50 51 52 53 55 56 57 58 59
 60 61 64 66 67 68 70 71 72 73 74 75 76 77 78 79] TEST (len=8): [41 47 48 54 62 63 65 69]
TRAIN (len=64): [ 0  1  2  3  4  5  6  7  8 11 13 14 15 16 17 18 19 20 22 23 25 26 27 29
 30 32 33 34 35 36 37 38 40 41 42 43 44 45 46 47 48 51 53 54 55 56 57 58
 59 60 62 63 65 66 67 69 70 72 73 74 75 76 77 78] TEST (len=8): [49 50 52 61 64 68 71 79]
TRAIN (len=64): [ 0  1  2  6  7  8  9 10 12 13 14 15 16 17 18 21 22 23 24 25 26 27 28 29
 31 32 33 34 35 36 37 39 40 41 42 46 47 48 49 50 52 53 54 55 56 57 58 61
 62 63 64 65 66 67 68 69 71 72 73 74 75 76 77 79] TEST (len=8): [43 44 45 51 59 60 70 78]

CV folds for repetition 1:
train_fold: [1 0 0 3 0 4 3 3 0 3 3 4 2 1 4 1 0 4 4 1 0 0 2 2 3 1 0 1 4 4 3 2 2 4 2 2 1
 3 2 1 1 0 0 3 0 4 3 3 0 3 3 4 2 1 4 1 0 4 4 1 0 0 2 2 3 1 0 1 4 4 3 2 2 4
 2 2 1 3 2 1] test_fold: [-1 -1 -1 -1 -1 -1 -1 -1 -1 -1 -1 -1 -1 -1 -1 -1 -1 -1 -1 -1 -1 -1 -1 -1
 -1 -1 -1 -1 -1 -1 -1 -1 -1 -1 -1 -1 -1 -1 -1 -1  1  0  0  3  0  4  3  3
  0  3  3  4  2  1  4  1  0  4  4  1  0  0  2  2  3  1  0  1  4  4  3  2
  2  4  2  2  1  3  2  1]
TRAIN (len=64): [ 0  3  5  6  7  9 10 11 12 13 14 15 17 18 19 22 23 24 25 27 28 29 30 31
 32 33 34 35 36 37 38 39 40 43 45 46 47 49 50 51 52 53 54 55 57 58 59 62
 63 64 65 67 68 69 70 71 72 73 74 75 76 77 78 79] TEST (len=8): [41 42 44 48 56 60 61 66]
TRAIN (len=64): [ 1  2  3  4  5  6  7  8  9 10 11 12 14 16 17 18 20 21 22 23 24 26 28 29
 30 31 32 33 34 35 37 38 41 42 43 44 45 46 47 48 49 50 51 52 54 56 57 58
 60 61 62 63 64 66 68 69 70 71 72 73 74 75 77 78] TEST (len=8): [40 53 55 59 65 67 76 79]
TRAIN (len=64): [ 0  1  2  3  4  5  6  7  8  9 10 11 13 14 15 16 17 18 19 20 21 24 25 26
 27 28 29 30 33 36 37 39 40 41 42 43 44 45 46 47 48 49 50 51 53 54 55 56
 57 58 59 60 61 64 65 66 67 68 69 70 73 76 77 79] TEST (len=8): [52 62 63 71 72 74 75 78]
TRAIN (len=64): [ 0  1  2  4  5  8 11 12 13 14 15 16 17 18 19 20 21 22 23 25 26 27 28 29
 31 32 33 34 35 36 38 39 40 41 42 44 45 48 51 52 53 54 55 56 57 58 59 60
 61 62 63 65 66 67 68 69 71 72 73 74 75 76 78 79] TEST (len=8): [43 46 47 49 50 64 70 77]
TRAIN (len=64): [ 0  1  2  3  4  6  7  8  9 10 12 13 15 16 19 20 21 22 23 24 25 26 27 30
 31 32 34 35 36 37 38 39 40 41 42 43 44 46 47 48 49 50 52 53 55 56 59 60
 61 62 63 64 65 66 67 70 71 72 74 75 76 77 78 79] TEST (len=8): [45 51 54 57 58 68 69 73]

CV folds for repetition 2:
train_fold: [2 3 1 3 0 2 3 4 0 2 2 4 0 1 4 3 0 3 0 0 3 4 1 4 4 2 3 2 0 2 1 1 0 1 1 4 1
 3 4 2 2 3 1 3 0 2 3 4 0 2 2 4 0 1 4 3 0 3 0 0 3 4 1 4 4 2 3 2 0 2 1 1 0 1
 1 4 1 3 4 2] test_fold: [-1 -1 -1 -1 -1 -1 -1 -1 -1 -1 -1 -1 -1 -1 -1 -1 -1 -1 -1 -1 -1 -1 -1 -1
 -1 -1 -1 -1 -1 -1 -1 -1 -1 -1 -1 -1 -1 -1 -1 -1  2  3  1  3  0  2  3  4
  0  2  2  4  0  1  4  3  0  3  0  0  3  4  1  4  4  2  3  2  0  2  1  1
  0  1  1  4  1  3  4  2]
TRAIN (len=64): [ 0  1  2  3  5  6  7  9 10 11 13 14 15 17 20 21 22 23 24 25 26 27 29 30
 31 33 34 35 36 37 38 39 40 41 42 43 45 46 47 49 50 51 53 54 55 57 60 61
 62 63 64 65 66 67 69 70 71 73 74 75 76 77 78 79] TEST (len=8): [44 48 52 56 58 59 68 72]
TRAIN (len=64): [ 0  1  3  4  5  6  7  8  9 10 11 12 14 15 16 17 18 19 20 21 23 24 25 26
 27 28 29 32 35 37 38 39 40 41 43 44 45 46 47 48 49 50 51 52 54 55 56 57
 58 59 60 61 63 64 65 66 67 68 69 72 75 77 78 79] TEST (len=8): [42 53 62 70 71 73 74 76]
TRAIN (len=64): [ 1  2  3  4  6  7  8 11 12 13 14 15 16 17 18 19 20 21 22 23 24 26 28 30
 31 32 33 34 35 36 37 38 41 42 43 44 46 47 48 51 52 53 54 55 56 57 58 59
 60 61 62 63 64 66 68 70 71 72 73 74 75 76 77 78] TEST (len=8): [40 45 49 50 65 67 69 79]
TRAIN (len=64): [ 0  2  4  5  7  8  9 10 11 12 13 14 16 18 19 21 22 23 24 25 27 28 29 30
 31 32 33 34 35 36 38 39 40 42 44 45 47 48 49 50 51 52 53 54 56 58 59 61
 62 63 64 65 67 68 69 70 71 72 73 74 75 76 78 79] TEST (len=8): [41 43 46 55 57 60 66 77]
TRAIN (len=64): [ 0  1  2  3  4  5  6  8  9 10 12 13 15 16 17 18 19 20 22 25 26 27 28 29
 30 31 32 33 34 36 37 39 40 41 42 43 44 45 46 48 49 50 52 53 55 56 57 58
 59 60 62 65 66 67 68 69 70 71 72 73 74 76 77 79] TEST (len=8): [47 51 54 61 63 64 75 78]

CV folds for repetition 3:
train_fold: [2 1 0 3 2 4 1 0 3 1 3 0 0 3 3 2 1 3 1 1 3 2 2 4 4 2 4 1 4 1 0 4 0 4 0 4 3
 2 0 2 2 1 0 3 2 4 1 0 3 1 3 0 0 3 3 2 1 3 1 1 3 2 2 4 4 2 4 1 4 1 0 4 0 4
 0 4 3 2 0 2] test_fold: [-1 -1 -1 -1 -1 -1 -1 -1 -1 -1 -1 -1 -1 -1 -1 -1 -1 -1 -1 -1 -1 -1 -1 -1
 -1 -1 -1 -1 -1 -1 -1 -1 -1 -1 -1 -1 -1 -1 -1 -1  2  1  0  3  2  4  1  0
  3  1  3  0  0  3  3  2  1  3  1  1  3  2  2  4  4  2  4  1  4  1  0  4
  0  4  0  4  3  2  0  2]
TRAIN (len=64): [ 0  1  3  4  5  6  8  9 10 13 14 15 16 17 18 19 20 21 22 23 24 25 26 27
 28 29 31 33 35 36 37 39 40 41 43 44 45 46 48 49 50 53 54 55 56 57 58 59
 60 61 62 63 64 65 66 67 68 69 71 73 75 76 77 79] TEST (len=8): [42 47 51 52 70 72 74 78]
TRAIN (len=64): [ 0  2  3  4  5  7  8 10 11 12 13 14 15 17 20 21 22 23 24 25 26 28 30 31
 32 33 34 35 36 37 38 39 40 42 43 44 45 47 48 50 51 52 53 54 55 57 60 61
 62 63 64 65 66 68 70 71 72 73 74 75 76 77 78 79] TEST (len=8): [41 46 49 56 58 59 67 69]
TRAIN (len=64): [ 1  2  3  5  6  7  8  9 10 11 12 13 14 16 17 18 19 20 23 24 26 27 28 29
 30 31 32 33 34 35 36 38 41 42 43 45 46 47 48 49 50 51 52 53 54 56 57 58
 59 60 63 64 66 67 68 69 70 71 72 73 74 75 76 78] TEST (len=8): [40 44 55 61 62 65 77 79]
TRAIN (len=64): [ 0  1  2  4  5  6  7  9 11 12 15 16 18 19 21 22 23 24 25 26 27 28 29 30
 31 32 33 34 35 37 38 39 40 41 42 44 45 46 47 49 51 52 55 56 58 59 61 62
 63 64 65 66 67 68 69 70 71 72 73 74 75 77 78 79] TEST (len=8): [43 48 50 53 54 57 60 76]
TRAIN (len=64): [ 0  1  2  3  4  6  7  8  9 10 11 12 13 14 15 16 17 18 19 20 21 22 25 27
 29 30 32 34 36 37 38 39 40 41 42 43 44 46 47 48 49 50 51 52 53 54 55 56
 57 58 59 60 61 62 65 67 69 70 72 74 76 77 78 79] TEST (len=8): [45 63 64 66 68 71 73 75]

CV folds for repetition 4:
train_fold: [1 2 0 1 4 1 4 4 2 1 3 4 4 0 3 0 3 1 4 3 2 0 3 2 3 3 2 1 0 4 2 0 0 4 1 2 2
 0 1 3 1 2 0 1 4 1 4 4 2 1 3 4 4 0 3 0 3 1 4 3 2 0 3 2 3 3 2 1 0 4 2 0 0 4
 1 2 2 0 1 3] test_fold: [-1 -1 -1 -1 -1 -1 -1 -1 -1 -1 -1 -1 -1 -1 -1 -1 -1 -1 -1 -1 -1 -1 -1 -1
 -1 -1 -1 -1 -1 -1 -1 -1 -1 -1 -1 -1 -1 -1 -1 -1  1  2  0  1  4  1  4  4
  2  1  3  4  4  0  3  0  3  1  4  3  2  0  3  2  3  3  2  1  0  4  2  0
  0  4  1  2  2  0  1  3]
TRAIN (len=64): [ 0  1  3  4  5  6  7  8  9 10 11 12 14 16 17 18 19 20 22 23 24 25 26 27
 29 30 33 34 35 36 38 39 40 41 43 44 45 46 47 48 49 50 51 52 54 56 57 58
 59 60 62 63 64 65 66 67 69 70 73 74 75 76 78 79] TEST (len=8): [42 53 55 61 68 71 72 77]
TRAIN (len=64): [ 1  2  4  6  7  8 10 11 12 13 14 15 16 18 19 20 21 22 23 24 25 26 28 29
 30 31 32 33 35 36 37 39 41 42 44 46 47 48 50 51 52 53 54 55 56 58 59 60
 61 62 63 64 65 66 68 69 70 71 72 73 75 76 77 79] TEST (len=8): [40 43 45 49 57 67 74 78]
TRAIN (len=64): [ 0  2  3  4  5  6  7  9 10 11 12 13 14 15 16 17 18 19 21 22 24 25 27 28
 29 31 32 33 34 37 38 39 40 42 43 44 45 46 47 49 50 51 52 53 54 55 56 57
 58 59 61 62 64 65 67 68 69 71 72 73 74 77 78 79] TEST (len=8): [41 48 60 63 66 70 75 76]
TRAIN (len=64): [ 0  1  2  3  4  5  6  7  8  9 11 12 13 15 17 18 20 21 23 26 27 28 29 30
 31 32 33 34 35 36 37 38 40 41 42 43 44 45 46 47 48 49 51 52 53 55 57 58
 60 61 63 66 67 68 69 70 71 72 73 74 75 76 77 78] TEST (len=8): [50 54 56 59 62 64 65 79]
TRAIN (len=64): [ 0  1  2  3  5  8  9 10 13 14 15 16 17 19 20 21 22 23 24 25 26 27 28 30
 31 32 34 35 36 37 38 39 40 41 42 43 45 48 49 50 53 54 55 56 57 59 60 61
 62 63 64 65 66 67 68 70 71 72 74 75 76 77 78 79] TEST (len=8): [44 46 47 51 52 58 69 73]

CV folds for repetition 5:
train_fold: [1 2 0 4 0 3 4 2 0 2 1 0 2 4 4 2 0 1 3 1 1 1 2 0 2 3 2 4 0 4 3 1 4 3 1 3 3
 4 3 0 1 2 0 4 0 3 4 2 0 2 1 0 2 4 4 2 0 1 3 1 1 1 2 0 2 3 2 4 0 4 3 1 4 3
 1 3 3 4 3 0] test_fold: [-1 -1 -1 -1 -1 -1 -1 -1 -1 -1 -1 -1 -1 -1 -1 -1 -1 -1 -1 -1 -1 -1 -1 -1
 -1 -1 -1 -1 -1 -1 -1 -1 -1 -1 -1 -1 -1 -1 -1 -1  1  2  0  4  0  3  4  2
  0  2  1  0  2  4  4  2  0  1  3  1  1  1  2  0  2  3  2  4  0  4  3  1
  4  3  1  3  3  4  3  0]
TRAIN (len=64): [ 0  1  3  5  6  7  9 10 12 13 14 15 17 18 19 20 21 22 24 25 26 27 29 30
 31 32 33 34 35 36 37 38 40 41 43 45 46 47 49 50 52 53 54 55 57 58 59 60
 61 62 64 65 66 67 69 70 71 72 73 74 75 76 77 78] TEST (len=8): [42 44 48 51 56 63 68 79]
TRAIN (len=64): [ 1  2  3  4  5  6  7  8  9 11 12 13 14 15 16 18 22 23 24 25 26 27 28 29
 30 32 33 35 36 37 38 39 41 42 43 44 45 46 47 48 49 51 52 53 54 55 56 58
 62 63 64 65 66 67 68 69 70 72 73 75 76 77 78 79] TEST (len=8): [40 50 57 59 60 61 71 74]
TRAIN (len=64): [ 0  2  3  4  5  6  8 10 11 13 14 16 17 18 19 20 21 23 25 27 28 29 30 31
 32 33 34 35 36 37 38 39 40 42 43 44 45 46 48 50 51 53 54 56 57 58 59 60
 61 63 65 67 68 69 70 71 72 73 74 75 76 77 78 79] TEST (len=8): [41 47 49 52 55 62 64 66]
TRAIN (len=64): [ 0  1  2  3  4  6  7  8  9 10 11 12 13 14 15 16 17 19 20 21 22 23 24 26
 27 28 29 31 32 34 37 39 40 41 42 43 44 46 47 48 49 50 51 52 53 54 55 56
 57 59 60 61 62 63 64 66 67 68 69 71 72 74 77 79] TEST (len=8): [45 58 65 70 73 75 76 78]
TRAIN (len=64): [ 0  1  2  4  5  7  8  9 10 11 12 15 16 17 18 19 20 21 22 23 24 25 26 28
 30 31 33 34 35 36 38 39 40 41 42 44 45 47 48 49 50 51 52 55 56 57 58 59
 60 61 62 63 64 65 66 68 70 71 73 74 75 76 78 79] TEST (len=8): [43 46 53 54 67 69 72 77]

CV folds for repetition 6:
train_fold: [1 2 4 4 1 3 2 0 2 2 1 3 3 1 0 2 4 0 1 3 3 4 0 1 0 3 4 4 0 3 2 3 1 0 4 1 4
 0 2 2 1 2 4 4 1 3 2 0 2 2 1 3 3 1 0 2 4 0 1 3 3 4 0 1 0 3 4 4 0 3 2 3 1 0
 4 1 4 0 2 2] test_fold: [-1 -1 -1 -1 -1 -1 -1 -1 -1 -1 -1 -1 -1 -1 -1 -1 -1 -1 -1 -1 -1 -1 -1 -1
 -1 -1 -1 -1 -1 -1 -1 -1 -1 -1 -1 -1 -1 -1 -1 -1  1  2  4  4  1  3  2  0
  2  2  1  3  3  1  0  2  4  0  1  3  3  4  0  1  0  3  4  4  0  3  2  3
  1  0  4  1  4  0  2  2]
TRAIN (len=64): [ 0  1  2  3  4  5  6  8  9 10 11 12 13 15 16 18 19 20 21 23 25 26 27 29
 30 31 32 34 35 36 38 39 40 41 42 43 44 45 46 48 49 50 51 52 53 55 56 58
 59 60 61 63 65 66 67 69 70 71 72 74 75 76 78 79] TEST (len=8): [47 54 57 62 64 68 73 77]
TRAIN (len=64): [ 1  2  3  5  6  7  8  9 11 12 14 15 16 17 19 20 21 22 24 25 26 27 28 29
 30 31 33 34 36 37 38 39 41 42 43 45 46 47 48 49 51 52 54 55 56 57 59 60
 61 62 64 65 66 67 68 69 70 71 73 74 76 77 78 79] TEST (len=8): [40 44 50 53 58 63 72 75]
TRAIN (len=64): [ 0  2  3  4  5  7 10 11 12 13 14 16 17 18 19 20 21 22 23 24 25 26 27 28
 29 31 32 33 34 35 36 37 40 42 43 44 45 47 50 51 52 53 54 56 57 58 59 60
 61 62 63 64 65 66 67 68 69 71 72 73 74 75 76 77] TEST (len=8): [41 46 48 49 55 70 78 79]
TRAIN (len=64): [ 0  1  2  3  4  6  7  8  9 10 13 14 15 16 17 18 21 22 23 24 26 27 28 30
 32 33 34 35 36 37 38 39 40 41 42 43 44 46 47 48 49 50 53 54 55 56 57 58
 61 62 63 64 66 67 68 70 72 73 74 75 76 77 78 79] TEST (len=8): [45 51 52 59 60 65 69 71]
TRAIN (len=64): [ 0  1  4  5  6  7  8  9 10 11 12 13 14 15 17 18 19 20 22 23 24 25 28 29
 30 31 32 33 35 37 38 39 40 41 44 45 46 47 48 49 50 51 52 53 54 55 57 58
 59 60 62 63 64 65 68 69 70 71 72 73 75 77 78 79] TEST (len=8): [42 43 56 61 66 67 74 76]

CV folds for repetition 7:
train_fold: [3 4 3 0 1 0 2 4 2 1 2 3 4 0 3 4 4 2 0 0 2 1 4 3 4 0 2 1 1 3 2 0 3 1 0 1 3
 2 1 4 3 4 3 0 1 0 2 4 2 1 2 3 4 0 3 4 4 2 0 0 2 1 4 3 4 0 2 1 1 3 2 0 3 1
 0 1 3 2 1 4] test_fold: [-1 -1 -1 -1 -1 -1 -1 -1 -1 -1 -1 -1 -1 -1 -1 -1 -1 -1 -1 -1 -1 -1 -1 -1
 -1 -1 -1 -1 -1 -1 -1 -1 -1 -1 -1 -1 -1 -1 -1 -1  3  4  3  0  1  0  2  4
  2  1  2  3  4  0  3  4  4  2  0  0  2  1  4  3  4  0  2  1  1  3  2  0
  3  1  0  1  3  2  1  4]
TRAIN (len=64): [ 0  1  2  4  6  7  8  9 10 11 12 14 15 16 17 20 21 22 23 24 26 27 28 29
 30 32 33 35 36 37 38 39 40 41 42 44 46 47 48 49 50 51 52 54 55 56 57 60
 61 62 63 64 66 67 68 69 70 72 73 75 76 77 78 79] TEST (len=8): [43 45 53 58 59 65 71 74]
TRAIN (len=64): [ 0  1  2  3  5  6  7  8 10 11 12 13 14 15 16 17 18 19 20 22 23 24 25 26
 29 30 31 32 34 36 37 39 40 41 42 43 45 46 47 48 50 51 52 53 54 55 56 57
 58 59 60 62 63 64 65 66 69 70 71 72 74 76 77 79] TEST (len=8): [44 49 61 67 68 73 75 78]
TRAIN (len=64): [ 0  1  2  3  4  5  7  9 11 12 13 14 15 16 18 19 21 22 23 24 25 27 28 29
 31 32 33 34 35 36 38 39 40 41 42 43 44 45 47 49 51 52 53 54 55 56 58 59
 61 62 63 64 65 67 68 69 71 72 73 74 75 76 78 79] TEST (len=8): [46 48 50 57 60 66 70 77]
TRAIN (len=64): [ 1  3  4  5  6  7  8  9 10 12 13 15 16 17 18 19 20 21 22 24 25 26 27 28
 30 31 33 34 35 37 38 39 41 43 44 45 46 47 48 49 50 52 53 55 56 57 58 59
 60 61 62 64 65 66 67 68 70 71 73 74 75 77 78 79] TEST (len=8): [40 42 51 54 63 69 72 76]
TRAIN (len=64): [ 0  2  3  4  5  6  8  9 10 11 13 14 17 18 19 20 21 23 25 26 27 28 29 30
 31 32 33 34 35 36 37 38 40 42 43 44 45 46 48 49 50 51 53 54 57 58 59 60
 61 63 65 66 67 68 69 70 71 72 73 74 75 76 77 78] TEST (len=8): [41 47 52 55 56 62 64 79]

CV folds for repetition 8:
train_fold: [3 2 1 4 0 4 2 4 2 1 3 0 4 1 4 3 2 1 0 3 0 3 4 1 1 0 0 2 3 4 1 3 4 0 2 2 3
 1 2 0 3 2 1 4 0 4 2 4 2 1 3 0 4 1 4 3 2 1 0 3 0 3 4 1 1 0 0 2 3 4 1 3 4 0
 2 2 3 1 2 0] test_fold: [-1 -1 -1 -1 -1 -1 -1 -1 -1 -1 -1 -1 -1 -1 -1 -1 -1 -1 -1 -1 -1 -1 -1 -1
 -1 -1 -1 -1 -1 -1 -1 -1 -1 -1 -1 -1 -1 -1 -1 -1  3  2  1  4  0  4  2  4
  2  1  3  0  4  1  4  3  2  1  0  3  0  3  4  1  1  0  0  2  3  4  1  3
  4  0  2  2  3  1  2  0]
TRAIN (len=64): [ 0  1  2  3  5  6  7  8  9 10 12 13 14 15 16 17 19 21 22 23 24 27 28 29
 30 31 32 34 35 36 37 38 40 41 42 43 45 46 47 48 49 50 52 53 54 55 56 57
 59 61 62 63 64 67 68 69 70 71 72 74 75 76 77 78] TEST (len=8): [44 51 58 60 65 66 73 79]
TRAIN (len=64): [ 0  1  3  4  5  6  7  8 10 11 12 14 15 16 18 19 20 21 22 25 26 27 28 29
 31 32 33 34 35 36 38 39 40 41 43 44 45 46 47 48 50 51 52 54 55 56 58 59
 60 61 62 65 66 67 68 69 71 72 73 74 75 76 78 79] TEST (len=8): [42 49 53 57 63 64 70 77]
TRAIN (len=64): [ 0  2  3  4  5  7  9 10 11 12 13 14 15 17 18 19 20 21 22 23 24 25 26 28
 29 30 31 32 33 36 37 39 40 42 43 44 45 47 49 50 51 52 53 54 55 57 58 59
 60 61 62 63 64 65 66 68 69 70 71 72 73 76 77 79] TEST (len=8): [41 46 48 56 67 74 75 78]
TRAIN (len=64): [ 1  2  3  4  5  6  7  8  9 11 12 13 14 16 17 18 20 22 23 24 25 26 27 29
 30 32 33 34 35 37 38 39 41 42 43 44 45 46 47 48 49 51 52 53 54 56 57 58
 60 62 63 64 65 66 67 69 70 72 73 74 75 77 78 79] TEST (len=8): [40 50 55 59 61 68 71 76]
TRAIN (len=64): [ 0  1  2  4  6  8  9 10 11 13 15 16 17 18 19 20 21 23 24 25 26 27 28 30
 31 33 34 35 36 37 38 39 40 41 42 44 46 48 49 50 51 53 55 56 57 58 59 60
 61 63 64 65 66 67 68 70 71 73 74 75 76 77 78 79] TEST (len=8): [43 45 47 52 54 62 69 72]

CV folds for repetition 9:
train_fold: [4 4 1 4 3 1 3 0 1 1 0 2 3 3 3 4 3 4 2 0 3 2 0 0 2 1 3 1 2 1 1 2 0 0 4 4 4
 2 2 0 4 4 1 4 3 1 3 0 1 1 0 2 3 3 3 4 3 4 2 0 3 2 0 0 2 1 3 1 2 1 1 2 0 0
 4 4 4 2 2 0] test_fold: [-1 -1 -1 -1 -1 -1 -1 -1 -1 -1 -1 -1 -1 -1 -1 -1 -1 -1 -1 -1 -1 -1 -1 -1
 -1 -1 -1 -1 -1 -1 -1 -1 -1 -1 -1 -1 -1 -1 -1 -1  4  4  1  4  3  1  3  0
  1  1  0  2  3  3  3  4  3  4  2  0  3  2  0  0  2  1  3  1  2  1  1  2
  0  0  4  4  4  2  2  0]
TRAIN (len=64): [ 0  1  2  3  4  5  6  8  9 11 12 13 14 15 16 17 18 20 21 24 25 26 27 28
 29 30 31 34 35 36 37 38 40 41 42 43 44 45 46 48 49 51 52 53 54 55 56 57
 58 60 61 64 65 66 67 68 69 70 71 74 75 76 77 78] TEST (len=8): [47 50 59 62 63 72 73 79]
TRAIN (len=64): [ 0  1  3  4  6  7 10 11 12 13 14 15 16 17 18 19 20 21 22 23 24 26 28 31
 32 33 34 35 36 37 38 39 40 41 43 44 46 47 50 51 52 53 54 55 56 57 58 59
 60 61 62 63 64 66 68 71 72 73 74 75 76 77 78 79] TEST (len=8): [42 45 48 49 65 67 69 70]
TRAIN (len=64): [ 0  1  2  3  4  5  6  7  8  9 10 12 13 14 15 16 17 19 20 22 23 25 26 27
 29 30 32 33 34 35 36 39 40 41 42 43 44 45 46 47 48 49 50 52 53 54 55 56
 57 59 60 62 63 65 66 67 69 70 72 73 74 75 76 79] TEST (len=8): [51 58 61 64 68 71 77 78]
TRAIN (len=64): [ 0  1  2  3  5  7  8  9 10 11 15 17 18 19 21 22 23 24 25 27 28 29 30 31
 32 33 34 35 36 37 38 39 40 41 42 43 45 47 48 49 50 51 55 57 58 59 61 62
 63 64 65 67 68 69 70 71 72 73 74 75 76 77 78 79] TEST (len=8): [44 46 52 53 54 56 60 66]
TRAIN (len=64): [ 2  4  5  6  7  8  9 10 11 12 13 14 16 18 19 20 21 22 23 24 25 26 27 28
 29 30 31 32 33 37 38 39 42 44 45 46 47 48 49 50 51 52 53 54 56 58 59 60
 61 62 63 64 65 66 67 68 69 70 71 72 73 77 78 79] TEST (len=8): [40 41 43 55 57 74 75 76]

----------------------------------------

C-1 opt_params:
{'mcc': {'randomforestclassifier__max_features': 0.333,
         'randomforestclassifier__n_estimators': 100},
 'precision_recall_auc': {'randomforestclassifier__max_features': 0.333,
                          'randomforestclassifier__n_estimators': 100},
 'roc_auc': {'randomforestclassifier__max_features': 0.333,
             'randomforestclassifier__n_estimators': 100}}

C-1 opt_scores:
{'mcc': 0.6385553959077542,
 'precision_recall_auc': 0.8637841942580835,
 'roc_auc': 0.872979797979798}

C-1 end: 14.09.2023_03-23-57
++++++++++++++++++++++++++++++++++++++++

results:
{'best_params': [{'randomforestclassifier__max_features': 0.333,
                  'randomforestclassifier__n_estimators': 1000},
                 {'randomforestclassifier__max_features': 'sqrt',
                  'randomforestclassifier__n_estimators': 100},
                 {'randomforestclassifier__max_features': 0.333,
                  'randomforestclassifier__n_estimators': 1000},
                 {'randomforestclassifier__max_features': 0.333,
                  'randomforestclassifier__n_estimators': 100},
                 {'randomforestclassifier__max_features': 0.333,
                  'randomforestclassifier__n_estimators': 100},
                 {'randomforestclassifier__max_features': 0.333,
                  'randomforestclassifier__n_estimators': 100}],
 'best_score': [0.5916002126139671,
                0.8390592593141161,
                0.8512626262626263,
                0.6385553959077542,
                0.8637841942580835,
                0.872979797979798],
 'scoring': ['mcc',
             'precision_recall_auc',
             'roc_auc',
             'mcc',
             'precision_recall_auc',
             'roc_auc'],
 'time': ['III14', 'III14', 'III14', 'C-1', 'C-1', 'C-1']}

end time: 14.09.2023_03-23-57
========================================

