The best parameters are {'C': 10.0, 'gamma': 0.001} with a mean AUC score of 0.9232175955860166.
AUC score on unseen data: 0.8095238095238095
ESPY value measurement started at 20.12.2023_16-44-23.
Statistics of features:
                    0         1         2    ...       997       998       999
Median        -0.570315 -0.439246  0.016268  ... -0.111085  0.179166  0.166204
UpperQuantile  0.909220  1.001284  1.782455  ...  0.594674  0.725124  0.725445
LowerQuantile -2.265011 -1.866798 -1.297617  ... -0.611780 -0.397891 -0.697978

[3 rows x 1000 columns]

Number of evaluated features:
1000
Dimension of distance matrix:
(8, 1000)

end of computation after: 2.081138849258423 seconds.

                         8         13        2    ...       852       930       996
UpperQuantile [d]  -0.861509  -0.39506 -0.420138  ... -0.590092 -0.589837 -0.589931
LowerQuantile [d]  -0.258138 -0.696471   -0.7138  ... -0.589807 -0.590203 -0.590416
consensus [d]      -0.590429 -0.590429 -0.590429  ... -0.590429 -0.590429 -0.590429
UQ - consensus [d]  -0.27108  0.195369  0.170291  ...  0.000337  0.000593  0.000499
LQ - consensus [d]  0.332292 -0.106041  -0.12337  ...  0.000622  0.000226  0.000013
|d|                 0.603372  0.301411  0.293662  ...       NaN       NaN       NaN
effect                     -         +         +  ...       NAN       NAN       NAN
|d_norm|            0.040875  0.020419  0.019894  ...       NaN       NaN       NaN

[8 rows x 1000 columns]
ESPY evaluation has terminated at 20.12.2023_16-44-29 and results are saved in /home/breuter/MalariaVaccineEfficacyPrediction/results/simulated

Evaluation of informative features based on SHAP values started at 20.12.2023_16-44-29.
