sys.path: ['/home/breuter/MalariaVaccineEfficacyPrediction/results/RLR/whole', '/home/breuter/anaconda3/envs/malaria_env/lib/python37.zip', '/home/breuter/anaconda3/envs/malaria_env/lib/python3.7', '/home/breuter/anaconda3/envs/malaria_env/lib/python3.7/lib-dynload', '/home/breuter/anaconda3/envs/malaria_env/lib/python3.7/site-packages', '/home/breuter/NestedGridSearchCV', '/home/breuter/MalariaVaccineEfficacyPrediction']
scikit-learn version: 1.0.2
pandas version: 1.3.5
numpy version: 1.21.2
scipy version: 1.7.3
Start: 23.03.2022_18-49-35

Identifier: whole
parameter grid:
{'logisticregression__l1_ratio': [0.0, 0.1, 0.2, 0.3, 0.4, 0.5, 0.6, 0.7, 0.8, 0.9, 1.0], 'logisticregression__C': [0.0001, 0.001, 0.01, 0.1, 1.0, 10.0, 100.0, 1000.0, 10000.0]}

Start: 23.03.2022_18-49-35

=================================================================================
III14 start: 23.03.2022_18-49-35

shape of binary response array: 40
number of positives: 18
number of positives divided by total number of samples: 0.45

Predefined CV folds:
---------------------------------------------------------------------------------
CV folds for repetition 0:
train_fold: [0 2 1 4 4 4 0 2 2 3 3 4 3 1 2 0 0 1 0 4 4 3 2 2 3 2 1 1 3 2 4 3 1 1 0 0 0
 1 4 3] test_fold: [0 2 1 4 4 4 0 2 2 3 3 4 3 1 2 0 0 1 0 4 4 3 2 2 3 2 1 1 3 2 4 3 1 1 0 0 0
 1 4 3]
TRAIN (len=32): [ 1  2  3  4  5  7  8  9 10 11 12 13 14 17 19 20 21 22 23 24 25 26 27 28
 29 30 31 32 33 37 38 39] TEST (len=8): [ 0  6 15 16 18 34 35 36]
TRAIN (len=32): [ 0  1  3  4  5  6  7  8  9 10 11 12 14 15 16 18 19 20 21 22 23 24 25 28
 29 30 31 34 35 36 38 39] TEST (len=8): [ 2 13 17 26 27 32 33 37]
TRAIN (len=32): [ 0  2  3  4  5  6  9 10 11 12 13 15 16 17 18 19 20 21 24 26 27 28 30 31
 32 33 34 35 36 37 38 39] TEST (len=8): [ 1  7  8 14 22 23 25 29]
TRAIN (len=32): [ 0  1  2  3  4  5  6  7  8 11 13 14 15 16 17 18 19 20 22 23 25 26 27 29
 30 32 33 34 35 36 37 38] TEST (len=8): [ 9 10 12 21 24 28 31 39]
TRAIN (len=32): [ 0  1  2  6  7  8  9 10 12 13 14 15 16 17 18 21 22 23 24 25 26 27 28 29
 31 32 33 34 35 36 37 39] TEST (len=8): [ 3  4  5 11 19 20 30 38]

CV folds for repetition 1:
train_fold: [1 0 0 3 0 4 3 3 0 3 3 4 2 1 4 1 0 4 4 1 0 0 2 2 3 1 0 1 4 4 3 2 2 4 2 2 1
 3 2 1] test_fold: [1 0 0 3 0 4 3 3 0 3 3 4 2 1 4 1 0 4 4 1 0 0 2 2 3 1 0 1 4 4 3 2 2 4 2 2 1
 3 2 1]
TRAIN (len=32): [ 0  3  5  6  7  9 10 11 12 13 14 15 17 18 19 22 23 24 25 27 28 29 30 31
 32 33 34 35 36 37 38 39] TEST (len=8): [ 1  2  4  8 16 20 21 26]
TRAIN (len=32): [ 1  2  3  4  5  6  7  8  9 10 11 12 14 16 17 18 20 21 22 23 24 26 28 29
 30 31 32 33 34 35 37 38] TEST (len=8): [ 0 13 15 19 25 27 36 39]
TRAIN (len=32): [ 0  1  2  3  4  5  6  7  8  9 10 11 13 14 15 16 17 18 19 20 21 24 25 26
 27 28 29 30 33 36 37 39] TEST (len=8): [12 22 23 31 32 34 35 38]
TRAIN (len=32): [ 0  1  2  4  5  8 11 12 13 14 15 16 17 18 19 20 21 22 23 25 26 27 28 29
 31 32 33 34 35 36 38 39] TEST (len=8): [ 3  6  7  9 10 24 30 37]
TRAIN (len=32): [ 0  1  2  3  4  6  7  8  9 10 12 13 15 16 19 20 21 22 23 24 25 26 27 30
 31 32 34 35 36 37 38 39] TEST (len=8): [ 5 11 14 17 18 28 29 33]

CV folds for repetition 2:
train_fold: [2 3 1 3 0 2 3 4 0 2 2 4 0 1 4 3 0 3 0 0 3 4 1 4 4 2 3 2 0 2 1 1 0 1 1 4 1
 3 4 2] test_fold: [2 3 1 3 0 2 3 4 0 2 2 4 0 1 4 3 0 3 0 0 3 4 1 4 4 2 3 2 0 2 1 1 0 1 1 4 1
 3 4 2]
TRAIN (len=32): [ 0  1  2  3  5  6  7  9 10 11 13 14 15 17 20 21 22 23 24 25 26 27 29 30
 31 33 34 35 36 37 38 39] TEST (len=8): [ 4  8 12 16 18 19 28 32]
TRAIN (len=32): [ 0  1  3  4  5  6  7  8  9 10 11 12 14 15 16 17 18 19 20 21 23 24 25 26
 27 28 29 32 35 37 38 39] TEST (len=8): [ 2 13 22 30 31 33 34 36]
TRAIN (len=32): [ 1  2  3  4  6  7  8 11 12 13 14 15 16 17 18 19 20 21 22 23 24 26 28 30
 31 32 33 34 35 36 37 38] TEST (len=8): [ 0  5  9 10 25 27 29 39]
TRAIN (len=32): [ 0  2  4  5  7  8  9 10 11 12 13 14 16 18 19 21 22 23 24 25 27 28 29 30
 31 32 33 34 35 36 38 39] TEST (len=8): [ 1  3  6 15 17 20 26 37]
TRAIN (len=32): [ 0  1  2  3  4  5  6  8  9 10 12 13 15 16 17 18 19 20 22 25 26 27 28 29
 30 31 32 33 34 36 37 39] TEST (len=8): [ 7 11 14 21 23 24 35 38]

CV folds for repetition 3:
train_fold: [2 1 0 3 2 4 1 0 3 1 3 0 0 3 3 2 1 3 1 1 3 2 2 4 4 2 4 1 4 1 0 4 0 4 0 4 3
 2 0 2] test_fold: [2 1 0 3 2 4 1 0 3 1 3 0 0 3 3 2 1 3 1 1 3 2 2 4 4 2 4 1 4 1 0 4 0 4 0 4 3
 2 0 2]
TRAIN (len=32): [ 0  1  3  4  5  6  8  9 10 13 14 15 16 17 18 19 20 21 22 23 24 25 26 27
 28 29 31 33 35 36 37 39] TEST (len=8): [ 2  7 11 12 30 32 34 38]
TRAIN (len=32): [ 0  2  3  4  5  7  8 10 11 12 13 14 15 17 20 21 22 23 24 25 26 28 30 31
 32 33 34 35 36 37 38 39] TEST (len=8): [ 1  6  9 16 18 19 27 29]
TRAIN (len=32): [ 1  2  3  5  6  7  8  9 10 11 12 13 14 16 17 18 19 20 23 24 26 27 28 29
 30 31 32 33 34 35 36 38] TEST (len=8): [ 0  4 15 21 22 25 37 39]
TRAIN (len=32): [ 0  1  2  4  5  6  7  9 11 12 15 16 18 19 21 22 23 24 25 26 27 28 29 30
 31 32 33 34 35 37 38 39] TEST (len=8): [ 3  8 10 13 14 17 20 36]
TRAIN (len=32): [ 0  1  2  3  4  6  7  8  9 10 11 12 13 14 15 16 17 18 19 20 21 22 25 27
 29 30 32 34 36 37 38 39] TEST (len=8): [ 5 23 24 26 28 31 33 35]

CV folds for repetition 4:
train_fold: [1 2 0 1 4 1 4 4 2 1 3 4 4 0 3 0 3 1 4 3 2 0 3 2 3 3 2 1 0 4 2 0 0 4 1 2 2
 0 1 3] test_fold: [1 2 0 1 4 1 4 4 2 1 3 4 4 0 3 0 3 1 4 3 2 0 3 2 3 3 2 1 0 4 2 0 0 4 1 2 2
 0 1 3]
TRAIN (len=32): [ 0  1  3  4  5  6  7  8  9 10 11 12 14 16 17 18 19 20 22 23 24 25 26 27
 29 30 33 34 35 36 38 39] TEST (len=8): [ 2 13 15 21 28 31 32 37]
TRAIN (len=32): [ 1  2  4  6  7  8 10 11 12 13 14 15 16 18 19 20 21 22 23 24 25 26 28 29
 30 31 32 33 35 36 37 39] TEST (len=8): [ 0  3  5  9 17 27 34 38]
TRAIN (len=32): [ 0  2  3  4  5  6  7  9 10 11 12 13 14 15 16 17 18 19 21 22 24 25 27 28
 29 31 32 33 34 37 38 39] TEST (len=8): [ 1  8 20 23 26 30 35 36]
TRAIN (len=32): [ 0  1  2  3  4  5  6  7  8  9 11 12 13 15 17 18 20 21 23 26 27 28 29 30
 31 32 33 34 35 36 37 38] TEST (len=8): [10 14 16 19 22 24 25 39]
TRAIN (len=32): [ 0  1  2  3  5  8  9 10 13 14 15 16 17 19 20 21 22 23 24 25 26 27 28 30
 31 32 34 35 36 37 38 39] TEST (len=8): [ 4  6  7 11 12 18 29 33]

CV folds for repetition 5:
train_fold: [1 2 0 4 0 3 4 2 0 2 1 0 2 4 4 2 0 1 3 1 1 1 2 0 2 3 2 4 0 4 3 1 4 3 1 3 3
 4 3 0] test_fold: [1 2 0 4 0 3 4 2 0 2 1 0 2 4 4 2 0 1 3 1 1 1 2 0 2 3 2 4 0 4 3 1 4 3 1 3 3
 4 3 0]
TRAIN (len=32): [ 0  1  3  5  6  7  9 10 12 13 14 15 17 18 19 20 21 22 24 25 26 27 29 30
 31 32 33 34 35 36 37 38] TEST (len=8): [ 2  4  8 11 16 23 28 39]
TRAIN (len=32): [ 1  2  3  4  5  6  7  8  9 11 12 13 14 15 16 18 22 23 24 25 26 27 28 29
 30 32 33 35 36 37 38 39] TEST (len=8): [ 0 10 17 19 20 21 31 34]
TRAIN (len=32): [ 0  2  3  4  5  6  8 10 11 13 14 16 17 18 19 20 21 23 25 27 28 29 30 31
 32 33 34 35 36 37 38 39] TEST (len=8): [ 1  7  9 12 15 22 24 26]
TRAIN (len=32): [ 0  1  2  3  4  6  7  8  9 10 11 12 13 14 15 16 17 19 20 21 22 23 24 26
 27 28 29 31 32 34 37 39] TEST (len=8): [ 5 18 25 30 33 35 36 38]
TRAIN (len=32): [ 0  1  2  4  5  7  8  9 10 11 12 15 16 17 18 19 20 21 22 23 24 25 26 28
 30 31 33 34 35 36 38 39] TEST (len=8): [ 3  6 13 14 27 29 32 37]

CV folds for repetition 6:
train_fold: [1 2 4 4 1 3 2 0 2 2 1 3 3 1 0 2 4 0 1 3 3 4 0 1 0 3 4 4 0 3 2 3 1 0 4 1 4
 0 2 2] test_fold: [1 2 4 4 1 3 2 0 2 2 1 3 3 1 0 2 4 0 1 3 3 4 0 1 0 3 4 4 0 3 2 3 1 0 4 1 4
 0 2 2]
TRAIN (len=32): [ 0  1  2  3  4  5  6  8  9 10 11 12 13 15 16 18 19 20 21 23 25 26 27 29
 30 31 32 34 35 36 38 39] TEST (len=8): [ 7 14 17 22 24 28 33 37]
TRAIN (len=32): [ 1  2  3  5  6  7  8  9 11 12 14 15 16 17 19 20 21 22 24 25 26 27 28 29
 30 31 33 34 36 37 38 39] TEST (len=8): [ 0  4 10 13 18 23 32 35]
TRAIN (len=32): [ 0  2  3  4  5  7 10 11 12 13 14 16 17 18 19 20 21 22 23 24 25 26 27 28
 29 31 32 33 34 35 36 37] TEST (len=8): [ 1  6  8  9 15 30 38 39]
TRAIN (len=32): [ 0  1  2  3  4  6  7  8  9 10 13 14 15 16 17 18 21 22 23 24 26 27 28 30
 32 33 34 35 36 37 38 39] TEST (len=8): [ 5 11 12 19 20 25 29 31]
TRAIN (len=32): [ 0  1  4  5  6  7  8  9 10 11 12 13 14 15 17 18 19 20 22 23 24 25 28 29
 30 31 32 33 35 37 38 39] TEST (len=8): [ 2  3 16 21 26 27 34 36]

CV folds for repetition 7:
train_fold: [3 4 3 0 1 0 2 4 2 1 2 3 4 0 3 4 4 2 0 0 2 1 4 3 4 0 2 1 1 3 2 0 3 1 0 1 3
 2 1 4] test_fold: [3 4 3 0 1 0 2 4 2 1 2 3 4 0 3 4 4 2 0 0 2 1 4 3 4 0 2 1 1 3 2 0 3 1 0 1 3
 2 1 4]
TRAIN (len=32): [ 0  1  2  4  6  7  8  9 10 11 12 14 15 16 17 20 21 22 23 24 26 27 28 29
 30 32 33 35 36 37 38 39] TEST (len=8): [ 3  5 13 18 19 25 31 34]
TRAIN (len=32): [ 0  1  2  3  5  6  7  8 10 11 12 13 14 15 16 17 18 19 20 22 23 24 25 26
 29 30 31 32 34 36 37 39] TEST (len=8): [ 4  9 21 27 28 33 35 38]
TRAIN (len=32): [ 0  1  2  3  4  5  7  9 11 12 13 14 15 16 18 19 21 22 23 24 25 27 28 29
 31 32 33 34 35 36 38 39] TEST (len=8): [ 6  8 10 17 20 26 30 37]
TRAIN (len=32): [ 1  3  4  5  6  7  8  9 10 12 13 15 16 17 18 19 20 21 22 24 25 26 27 28
 30 31 33 34 35 37 38 39] TEST (len=8): [ 0  2 11 14 23 29 32 36]
TRAIN (len=32): [ 0  2  3  4  5  6  8  9 10 11 13 14 17 18 19 20 21 23 25 26 27 28 29 30
 31 32 33 34 35 36 37 38] TEST (len=8): [ 1  7 12 15 16 22 24 39]

CV folds for repetition 8:
train_fold: [3 2 1 4 0 4 2 4 2 1 3 0 4 1 4 3 2 1 0 3 0 3 4 1 1 0 0 2 3 4 1 3 4 0 2 2 3
 1 2 0] test_fold: [3 2 1 4 0 4 2 4 2 1 3 0 4 1 4 3 2 1 0 3 0 3 4 1 1 0 0 2 3 4 1 3 4 0 2 2 3
 1 2 0]
TRAIN (len=32): [ 0  1  2  3  5  6  7  8  9 10 12 13 14 15 16 17 19 21 22 23 24 27 28 29
 30 31 32 34 35 36 37 38] TEST (len=8): [ 4 11 18 20 25 26 33 39]
TRAIN (len=32): [ 0  1  3  4  5  6  7  8 10 11 12 14 15 16 18 19 20 21 22 25 26 27 28 29
 31 32 33 34 35 36 38 39] TEST (len=8): [ 2  9 13 17 23 24 30 37]
TRAIN (len=32): [ 0  2  3  4  5  7  9 10 11 12 13 14 15 17 18 19 20 21 22 23 24 25 26 28
 29 30 31 32 33 36 37 39] TEST (len=8): [ 1  6  8 16 27 34 35 38]
TRAIN (len=32): [ 1  2  3  4  5  6  7  8  9 11 12 13 14 16 17 18 20 22 23 24 25 26 27 29
 30 32 33 34 35 37 38 39] TEST (len=8): [ 0 10 15 19 21 28 31 36]
TRAIN (len=32): [ 0  1  2  4  6  8  9 10 11 13 15 16 17 18 19 20 21 23 24 25 26 27 28 30
 31 33 34 35 36 37 38 39] TEST (len=8): [ 3  5  7 12 14 22 29 32]

CV folds for repetition 9:
train_fold: [4 4 1 4 3 1 3 0 1 1 0 2 3 3 3 4 3 4 2 0 3 2 0 0 2 1 3 1 2 1 1 2 0 0 4 4 4
 2 2 0] test_fold: [4 4 1 4 3 1 3 0 1 1 0 2 3 3 3 4 3 4 2 0 3 2 0 0 2 1 3 1 2 1 1 2 0 0 4 4 4
 2 2 0]
TRAIN (len=32): [ 0  1  2  3  4  5  6  8  9 11 12 13 14 15 16 17 18 20 21 24 25 26 27 28
 29 30 31 34 35 36 37 38] TEST (len=8): [ 7 10 19 22 23 32 33 39]
TRAIN (len=32): [ 0  1  3  4  6  7 10 11 12 13 14 15 16 17 18 19 20 21 22 23 24 26 28 31
 32 33 34 35 36 37 38 39] TEST (len=8): [ 2  5  8  9 25 27 29 30]
TRAIN (len=32): [ 0  1  2  3  4  5  6  7  8  9 10 12 13 14 15 16 17 19 20 22 23 25 26 27
 29 30 32 33 34 35 36 39] TEST (len=8): [11 18 21 24 28 31 37 38]
TRAIN (len=32): [ 0  1  2  3  5  7  8  9 10 11 15 17 18 19 21 22 23 24 25 27 28 29 30 31
 32 33 34 35 36 37 38 39] TEST (len=8): [ 4  6 12 13 14 16 20 26]
TRAIN (len=32): [ 2  4  5  6  7  8  9 10 11 12 13 14 16 18 19 20 21 22 23 24 25 26 27 28
 29 30 31 32 33 37 38 39] TEST (len=8): [ 0  1  3 15 17 34 35 36]

---------------------------------------------------------------------------------

III14 opt_params:
{'mcc': {'logisticregression__C': 0.1, 'logisticregression__l1_ratio': 0.8},
 'precision_recall_auc': {'logisticregression__C': 0.1,
                          'logisticregression__l1_ratio': 0.9},
 'roc_auc': {'logisticregression__C': 0.1, 'logisticregression__l1_ratio': 1.0}}

III14 opt_scores:
{'mcc': 0.6519757976812599,
 'precision_recall_auc': 0.8703781003332048,
 'roc_auc': 0.8746212121212121}

=================================================================================
C-1 start: 23.03.2022_19-13-33

shape of binary response array: 40
number of positives: 18
number of positives divided by total number of samples: 0.45

Predefined CV folds:
---------------------------------------------------------------------------------
CV folds for repetition 0:
train_fold: [0 2 1 4 4 4 0 2 2 3 3 4 3 1 2 0 0 1 0 4 4 3 2 2 3 2 1 1 3 2 4 3 1 1 0 0 0
 1 4 3] test_fold: [0 2 1 4 4 4 0 2 2 3 3 4 3 1 2 0 0 1 0 4 4 3 2 2 3 2 1 1 3 2 4 3 1 1 0 0 0
 1 4 3]
TRAIN (len=32): [ 1  2  3  4  5  7  8  9 10 11 12 13 14 17 19 20 21 22 23 24 25 26 27 28
 29 30 31 32 33 37 38 39] TEST (len=8): [ 0  6 15 16 18 34 35 36]
TRAIN (len=32): [ 0  1  3  4  5  6  7  8  9 10 11 12 14 15 16 18 19 20 21 22 23 24 25 28
 29 30 31 34 35 36 38 39] TEST (len=8): [ 2 13 17 26 27 32 33 37]
TRAIN (len=32): [ 0  2  3  4  5  6  9 10 11 12 13 15 16 17 18 19 20 21 24 26 27 28 30 31
 32 33 34 35 36 37 38 39] TEST (len=8): [ 1  7  8 14 22 23 25 29]
TRAIN (len=32): [ 0  1  2  3  4  5  6  7  8 11 13 14 15 16 17 18 19 20 22 23 25 26 27 29
 30 32 33 34 35 36 37 38] TEST (len=8): [ 9 10 12 21 24 28 31 39]
TRAIN (len=32): [ 0  1  2  6  7  8  9 10 12 13 14 15 16 17 18 21 22 23 24 25 26 27 28 29
 31 32 33 34 35 36 37 39] TEST (len=8): [ 3  4  5 11 19 20 30 38]

CV folds for repetition 1:
train_fold: [1 0 0 3 0 4 3 3 0 3 3 4 2 1 4 1 0 4 4 1 0 0 2 2 3 1 0 1 4 4 3 2 2 4 2 2 1
 3 2 1] test_fold: [1 0 0 3 0 4 3 3 0 3 3 4 2 1 4 1 0 4 4 1 0 0 2 2 3 1 0 1 4 4 3 2 2 4 2 2 1
 3 2 1]
TRAIN (len=32): [ 0  3  5  6  7  9 10 11 12 13 14 15 17 18 19 22 23 24 25 27 28 29 30 31
 32 33 34 35 36 37 38 39] TEST (len=8): [ 1  2  4  8 16 20 21 26]
TRAIN (len=32): [ 1  2  3  4  5  6  7  8  9 10 11 12 14 16 17 18 20 21 22 23 24 26 28 29
 30 31 32 33 34 35 37 38] TEST (len=8): [ 0 13 15 19 25 27 36 39]
TRAIN (len=32): [ 0  1  2  3  4  5  6  7  8  9 10 11 13 14 15 16 17 18 19 20 21 24 25 26
 27 28 29 30 33 36 37 39] TEST (len=8): [12 22 23 31 32 34 35 38]
TRAIN (len=32): [ 0  1  2  4  5  8 11 12 13 14 15 16 17 18 19 20 21 22 23 25 26 27 28 29
 31 32 33 34 35 36 38 39] TEST (len=8): [ 3  6  7  9 10 24 30 37]
TRAIN (len=32): [ 0  1  2  3  4  6  7  8  9 10 12 13 15 16 19 20 21 22 23 24 25 26 27 30
 31 32 34 35 36 37 38 39] TEST (len=8): [ 5 11 14 17 18 28 29 33]

CV folds for repetition 2:
train_fold: [2 3 1 3 0 2 3 4 0 2 2 4 0 1 4 3 0 3 0 0 3 4 1 4 4 2 3 2 0 2 1 1 0 1 1 4 1
 3 4 2] test_fold: [2 3 1 3 0 2 3 4 0 2 2 4 0 1 4 3 0 3 0 0 3 4 1 4 4 2 3 2 0 2 1 1 0 1 1 4 1
 3 4 2]
TRAIN (len=32): [ 0  1  2  3  5  6  7  9 10 11 13 14 15 17 20 21 22 23 24 25 26 27 29 30
 31 33 34 35 36 37 38 39] TEST (len=8): [ 4  8 12 16 18 19 28 32]
TRAIN (len=32): [ 0  1  3  4  5  6  7  8  9 10 11 12 14 15 16 17 18 19 20 21 23 24 25 26
 27 28 29 32 35 37 38 39] TEST (len=8): [ 2 13 22 30 31 33 34 36]
TRAIN (len=32): [ 1  2  3  4  6  7  8 11 12 13 14 15 16 17 18 19 20 21 22 23 24 26 28 30
 31 32 33 34 35 36 37 38] TEST (len=8): [ 0  5  9 10 25 27 29 39]
TRAIN (len=32): [ 0  2  4  5  7  8  9 10 11 12 13 14 16 18 19 21 22 23 24 25 27 28 29 30
 31 32 33 34 35 36 38 39] TEST (len=8): [ 1  3  6 15 17 20 26 37]
TRAIN (len=32): [ 0  1  2  3  4  5  6  8  9 10 12 13 15 16 17 18 19 20 22 25 26 27 28 29
 30 31 32 33 34 36 37 39] TEST (len=8): [ 7 11 14 21 23 24 35 38]

CV folds for repetition 3:
train_fold: [2 1 0 3 2 4 1 0 3 1 3 0 0 3 3 2 1 3 1 1 3 2 2 4 4 2 4 1 4 1 0 4 0 4 0 4 3
 2 0 2] test_fold: [2 1 0 3 2 4 1 0 3 1 3 0 0 3 3 2 1 3 1 1 3 2 2 4 4 2 4 1 4 1 0 4 0 4 0 4 3
 2 0 2]
TRAIN (len=32): [ 0  1  3  4  5  6  8  9 10 13 14 15 16 17 18 19 20 21 22 23 24 25 26 27
 28 29 31 33 35 36 37 39] TEST (len=8): [ 2  7 11 12 30 32 34 38]
TRAIN (len=32): [ 0  2  3  4  5  7  8 10 11 12 13 14 15 17 20 21 22 23 24 25 26 28 30 31
 32 33 34 35 36 37 38 39] TEST (len=8): [ 1  6  9 16 18 19 27 29]
TRAIN (len=32): [ 1  2  3  5  6  7  8  9 10 11 12 13 14 16 17 18 19 20 23 24 26 27 28 29
 30 31 32 33 34 35 36 38] TEST (len=8): [ 0  4 15 21 22 25 37 39]
TRAIN (len=32): [ 0  1  2  4  5  6  7  9 11 12 15 16 18 19 21 22 23 24 25 26 27 28 29 30
 31 32 33 34 35 37 38 39] TEST (len=8): [ 3  8 10 13 14 17 20 36]
TRAIN (len=32): [ 0  1  2  3  4  6  7  8  9 10 11 12 13 14 15 16 17 18 19 20 21 22 25 27
 29 30 32 34 36 37 38 39] TEST (len=8): [ 5 23 24 26 28 31 33 35]

CV folds for repetition 4:
train_fold: [1 2 0 1 4 1 4 4 2 1 3 4 4 0 3 0 3 1 4 3 2 0 3 2 3 3 2 1 0 4 2 0 0 4 1 2 2
 0 1 3] test_fold: [1 2 0 1 4 1 4 4 2 1 3 4 4 0 3 0 3 1 4 3 2 0 3 2 3 3 2 1 0 4 2 0 0 4 1 2 2
 0 1 3]
TRAIN (len=32): [ 0  1  3  4  5  6  7  8  9 10 11 12 14 16 17 18 19 20 22 23 24 25 26 27
 29 30 33 34 35 36 38 39] TEST (len=8): [ 2 13 15 21 28 31 32 37]
TRAIN (len=32): [ 1  2  4  6  7  8 10 11 12 13 14 15 16 18 19 20 21 22 23 24 25 26 28 29
 30 31 32 33 35 36 37 39] TEST (len=8): [ 0  3  5  9 17 27 34 38]
TRAIN (len=32): [ 0  2  3  4  5  6  7  9 10 11 12 13 14 15 16 17 18 19 21 22 24 25 27 28
 29 31 32 33 34 37 38 39] TEST (len=8): [ 1  8 20 23 26 30 35 36]
TRAIN (len=32): [ 0  1  2  3  4  5  6  7  8  9 11 12 13 15 17 18 20 21 23 26 27 28 29 30
 31 32 33 34 35 36 37 38] TEST (len=8): [10 14 16 19 22 24 25 39]
TRAIN (len=32): [ 0  1  2  3  5  8  9 10 13 14 15 16 17 19 20 21 22 23 24 25 26 27 28 30
 31 32 34 35 36 37 38 39] TEST (len=8): [ 4  6  7 11 12 18 29 33]

CV folds for repetition 5:
train_fold: [1 2 0 4 0 3 4 2 0 2 1 0 2 4 4 2 0 1 3 1 1 1 2 0 2 3 2 4 0 4 3 1 4 3 1 3 3
 4 3 0] test_fold: [1 2 0 4 0 3 4 2 0 2 1 0 2 4 4 2 0 1 3 1 1 1 2 0 2 3 2 4 0 4 3 1 4 3 1 3 3
 4 3 0]
TRAIN (len=32): [ 0  1  3  5  6  7  9 10 12 13 14 15 17 18 19 20 21 22 24 25 26 27 29 30
 31 32 33 34 35 36 37 38] TEST (len=8): [ 2  4  8 11 16 23 28 39]
TRAIN (len=32): [ 1  2  3  4  5  6  7  8  9 11 12 13 14 15 16 18 22 23 24 25 26 27 28 29
 30 32 33 35 36 37 38 39] TEST (len=8): [ 0 10 17 19 20 21 31 34]
TRAIN (len=32): [ 0  2  3  4  5  6  8 10 11 13 14 16 17 18 19 20 21 23 25 27 28 29 30 31
 32 33 34 35 36 37 38 39] TEST (len=8): [ 1  7  9 12 15 22 24 26]
TRAIN (len=32): [ 0  1  2  3  4  6  7  8  9 10 11 12 13 14 15 16 17 19 20 21 22 23 24 26
 27 28 29 31 32 34 37 39] TEST (len=8): [ 5 18 25 30 33 35 36 38]
TRAIN (len=32): [ 0  1  2  4  5  7  8  9 10 11 12 15 16 17 18 19 20 21 22 23 24 25 26 28
 30 31 33 34 35 36 38 39] TEST (len=8): [ 3  6 13 14 27 29 32 37]

CV folds for repetition 6:
train_fold: [1 2 4 4 1 3 2 0 2 2 1 3 3 1 0 2 4 0 1 3 3 4 0 1 0 3 4 4 0 3 2 3 1 0 4 1 4
 0 2 2] test_fold: [1 2 4 4 1 3 2 0 2 2 1 3 3 1 0 2 4 0 1 3 3 4 0 1 0 3 4 4 0 3 2 3 1 0 4 1 4
 0 2 2]
TRAIN (len=32): [ 0  1  2  3  4  5  6  8  9 10 11 12 13 15 16 18 19 20 21 23 25 26 27 29
 30 31 32 34 35 36 38 39] TEST (len=8): [ 7 14 17 22 24 28 33 37]
TRAIN (len=32): [ 1  2  3  5  6  7  8  9 11 12 14 15 16 17 19 20 21 22 24 25 26 27 28 29
 30 31 33 34 36 37 38 39] TEST (len=8): [ 0  4 10 13 18 23 32 35]
TRAIN (len=32): [ 0  2  3  4  5  7 10 11 12 13 14 16 17 18 19 20 21 22 23 24 25 26 27 28
 29 31 32 33 34 35 36 37] TEST (len=8): [ 1  6  8  9 15 30 38 39]
TRAIN (len=32): [ 0  1  2  3  4  6  7  8  9 10 13 14 15 16 17 18 21 22 23 24 26 27 28 30
 32 33 34 35 36 37 38 39] TEST (len=8): [ 5 11 12 19 20 25 29 31]
TRAIN (len=32): [ 0  1  4  5  6  7  8  9 10 11 12 13 14 15 17 18 19 20 22 23 24 25 28 29
 30 31 32 33 35 37 38 39] TEST (len=8): [ 2  3 16 21 26 27 34 36]

CV folds for repetition 7:
train_fold: [3 4 3 0 1 0 2 4 2 1 2 3 4 0 3 4 4 2 0 0 2 1 4 3 4 0 2 1 1 3 2 0 3 1 0 1 3
 2 1 4] test_fold: [3 4 3 0 1 0 2 4 2 1 2 3 4 0 3 4 4 2 0 0 2 1 4 3 4 0 2 1 1 3 2 0 3 1 0 1 3
 2 1 4]
TRAIN (len=32): [ 0  1  2  4  6  7  8  9 10 11 12 14 15 16 17 20 21 22 23 24 26 27 28 29
 30 32 33 35 36 37 38 39] TEST (len=8): [ 3  5 13 18 19 25 31 34]
TRAIN (len=32): [ 0  1  2  3  5  6  7  8 10 11 12 13 14 15 16 17 18 19 20 22 23 24 25 26
 29 30 31 32 34 36 37 39] TEST (len=8): [ 4  9 21 27 28 33 35 38]
TRAIN (len=32): [ 0  1  2  3  4  5  7  9 11 12 13 14 15 16 18 19 21 22 23 24 25 27 28 29
 31 32 33 34 35 36 38 39] TEST (len=8): [ 6  8 10 17 20 26 30 37]
TRAIN (len=32): [ 1  3  4  5  6  7  8  9 10 12 13 15 16 17 18 19 20 21 22 24 25 26 27 28
 30 31 33 34 35 37 38 39] TEST (len=8): [ 0  2 11 14 23 29 32 36]
TRAIN (len=32): [ 0  2  3  4  5  6  8  9 10 11 13 14 17 18 19 20 21 23 25 26 27 28 29 30
 31 32 33 34 35 36 37 38] TEST (len=8): [ 1  7 12 15 16 22 24 39]

CV folds for repetition 8:
train_fold: [3 2 1 4 0 4 2 4 2 1 3 0 4 1 4 3 2 1 0 3 0 3 4 1 1 0 0 2 3 4 1 3 4 0 2 2 3
 1 2 0] test_fold: [3 2 1 4 0 4 2 4 2 1 3 0 4 1 4 3 2 1 0 3 0 3 4 1 1 0 0 2 3 4 1 3 4 0 2 2 3
 1 2 0]
TRAIN (len=32): [ 0  1  2  3  5  6  7  8  9 10 12 13 14 15 16 17 19 21 22 23 24 27 28 29
 30 31 32 34 35 36 37 38] TEST (len=8): [ 4 11 18 20 25 26 33 39]
TRAIN (len=32): [ 0  1  3  4  5  6  7  8 10 11 12 14 15 16 18 19 20 21 22 25 26 27 28 29
 31 32 33 34 35 36 38 39] TEST (len=8): [ 2  9 13 17 23 24 30 37]
TRAIN (len=32): [ 0  2  3  4  5  7  9 10 11 12 13 14 15 17 18 19 20 21 22 23 24 25 26 28
 29 30 31 32 33 36 37 39] TEST (len=8): [ 1  6  8 16 27 34 35 38]
TRAIN (len=32): [ 1  2  3  4  5  6  7  8  9 11 12 13 14 16 17 18 20 22 23 24 25 26 27 29
 30 32 33 34 35 37 38 39] TEST (len=8): [ 0 10 15 19 21 28 31 36]
TRAIN (len=32): [ 0  1  2  4  6  8  9 10 11 13 15 16 17 18 19 20 21 23 24 25 26 27 28 30
 31 33 34 35 36 37 38 39] TEST (len=8): [ 3  5  7 12 14 22 29 32]

CV folds for repetition 9:
train_fold: [4 4 1 4 3 1 3 0 1 1 0 2 3 3 3 4 3 4 2 0 3 2 0 0 2 1 3 1 2 1 1 2 0 0 4 4 4
 2 2 0] test_fold: [4 4 1 4 3 1 3 0 1 1 0 2 3 3 3 4 3 4 2 0 3 2 0 0 2 1 3 1 2 1 1 2 0 0 4 4 4
 2 2 0]
TRAIN (len=32): [ 0  1  2  3  4  5  6  8  9 11 12 13 14 15 16 17 18 20 21 24 25 26 27 28
 29 30 31 34 35 36 37 38] TEST (len=8): [ 7 10 19 22 23 32 33 39]
TRAIN (len=32): [ 0  1  3  4  6  7 10 11 12 13 14 15 16 17 18 19 20 21 22 23 24 26 28 31
 32 33 34 35 36 37 38 39] TEST (len=8): [ 2  5  8  9 25 27 29 30]
TRAIN (len=32): [ 0  1  2  3  4  5  6  7  8  9 10 12 13 14 15 16 17 19 20 22 23 25 26 27
 29 30 32 33 34 35 36 39] TEST (len=8): [11 18 21 24 28 31 37 38]
TRAIN (len=32): [ 0  1  2  3  5  7  8  9 10 11 15 17 18 19 21 22 23 24 25 27 28 29 30 31
 32 33 34 35 36 37 38 39] TEST (len=8): [ 4  6 12 13 14 16 20 26]
TRAIN (len=32): [ 2  4  5  6  7  8  9 10 11 12 13 14 16 18 19 20 21 22 23 24 25 26 27 28
 29 30 31 32 33 37 38 39] TEST (len=8): [ 0  1  3 15 17 34 35 36]

---------------------------------------------------------------------------------

C-1 opt_params:
{'mcc': {'logisticregression__C': 0.1, 'logisticregression__l1_ratio': 0.4},
 'precision_recall_auc': {'logisticregression__C': 0.1,
                          'logisticregression__l1_ratio': 0.6},
 'roc_auc': {'logisticregression__C': 0.1, 'logisticregression__l1_ratio': 0.8}}

C-1 opt_scores:
{'mcc': 0.7358415518759351,
 'precision_recall_auc': 0.88582703528492,
 'roc_auc': 0.8890151515151514}

=================================================================================
C28 start: 23.03.2022_19-37-08

shape of binary response array: 40
number of positives: 18
number of positives divided by total number of samples: 0.45

Predefined CV folds:
---------------------------------------------------------------------------------
CV folds for repetition 0:
train_fold: [0 2 1 4 4 4 0 2 2 3 3 4 3 1 2 0 0 1 0 4 4 3 2 2 3 2 1 1 3 2 4 3 1 1 0 0 0
 1 4 3] test_fold: [0 2 1 4 4 4 0 2 2 3 3 4 3 1 2 0 0 1 0 4 4 3 2 2 3 2 1 1 3 2 4 3 1 1 0 0 0
 1 4 3]
TRAIN (len=32): [ 1  2  3  4  5  7  8  9 10 11 12 13 14 17 19 20 21 22 23 24 25 26 27 28
 29 30 31 32 33 37 38 39] TEST (len=8): [ 0  6 15 16 18 34 35 36]
TRAIN (len=32): [ 0  1  3  4  5  6  7  8  9 10 11 12 14 15 16 18 19 20 21 22 23 24 25 28
 29 30 31 34 35 36 38 39] TEST (len=8): [ 2 13 17 26 27 32 33 37]
TRAIN (len=32): [ 0  2  3  4  5  6  9 10 11 12 13 15 16 17 18 19 20 21 24 26 27 28 30 31
 32 33 34 35 36 37 38 39] TEST (len=8): [ 1  7  8 14 22 23 25 29]
TRAIN (len=32): [ 0  1  2  3  4  5  6  7  8 11 13 14 15 16 17 18 19 20 22 23 25 26 27 29
 30 32 33 34 35 36 37 38] TEST (len=8): [ 9 10 12 21 24 28 31 39]
TRAIN (len=32): [ 0  1  2  6  7  8  9 10 12 13 14 15 16 17 18 21 22 23 24 25 26 27 28 29
 31 32 33 34 35 36 37 39] TEST (len=8): [ 3  4  5 11 19 20 30 38]

CV folds for repetition 1:
train_fold: [1 0 0 3 0 4 3 3 0 3 3 4 2 1 4 1 0 4 4 1 0 0 2 2 3 1 0 1 4 4 3 2 2 4 2 2 1
 3 2 1] test_fold: [1 0 0 3 0 4 3 3 0 3 3 4 2 1 4 1 0 4 4 1 0 0 2 2 3 1 0 1 4 4 3 2 2 4 2 2 1
 3 2 1]
TRAIN (len=32): [ 0  3  5  6  7  9 10 11 12 13 14 15 17 18 19 22 23 24 25 27 28 29 30 31
 32 33 34 35 36 37 38 39] TEST (len=8): [ 1  2  4  8 16 20 21 26]
TRAIN (len=32): [ 1  2  3  4  5  6  7  8  9 10 11 12 14 16 17 18 20 21 22 23 24 26 28 29
 30 31 32 33 34 35 37 38] TEST (len=8): [ 0 13 15 19 25 27 36 39]
TRAIN (len=32): [ 0  1  2  3  4  5  6  7  8  9 10 11 13 14 15 16 17 18 19 20 21 24 25 26
 27 28 29 30 33 36 37 39] TEST (len=8): [12 22 23 31 32 34 35 38]
TRAIN (len=32): [ 0  1  2  4  5  8 11 12 13 14 15 16 17 18 19 20 21 22 23 25 26 27 28 29
 31 32 33 34 35 36 38 39] TEST (len=8): [ 3  6  7  9 10 24 30 37]
TRAIN (len=32): [ 0  1  2  3  4  6  7  8  9 10 12 13 15 16 19 20 21 22 23 24 25 26 27 30
 31 32 34 35 36 37 38 39] TEST (len=8): [ 5 11 14 17 18 28 29 33]

CV folds for repetition 2:
train_fold: [2 3 1 3 0 2 3 4 0 2 2 4 0 1 4 3 0 3 0 0 3 4 1 4 4 2 3 2 0 2 1 1 0 1 1 4 1
 3 4 2] test_fold: [2 3 1 3 0 2 3 4 0 2 2 4 0 1 4 3 0 3 0 0 3 4 1 4 4 2 3 2 0 2 1 1 0 1 1 4 1
 3 4 2]
TRAIN (len=32): [ 0  1  2  3  5  6  7  9 10 11 13 14 15 17 20 21 22 23 24 25 26 27 29 30
 31 33 34 35 36 37 38 39] TEST (len=8): [ 4  8 12 16 18 19 28 32]
TRAIN (len=32): [ 0  1  3  4  5  6  7  8  9 10 11 12 14 15 16 17 18 19 20 21 23 24 25 26
 27 28 29 32 35 37 38 39] TEST (len=8): [ 2 13 22 30 31 33 34 36]
TRAIN (len=32): [ 1  2  3  4  6  7  8 11 12 13 14 15 16 17 18 19 20 21 22 23 24 26 28 30
 31 32 33 34 35 36 37 38] TEST (len=8): [ 0  5  9 10 25 27 29 39]
TRAIN (len=32): [ 0  2  4  5  7  8  9 10 11 12 13 14 16 18 19 21 22 23 24 25 27 28 29 30
 31 32 33 34 35 36 38 39] TEST (len=8): [ 1  3  6 15 17 20 26 37]
TRAIN (len=32): [ 0  1  2  3  4  5  6  8  9 10 12 13 15 16 17 18 19 20 22 25 26 27 28 29
 30 31 32 33 34 36 37 39] TEST (len=8): [ 7 11 14 21 23 24 35 38]

CV folds for repetition 3:
train_fold: [2 1 0 3 2 4 1 0 3 1 3 0 0 3 3 2 1 3 1 1 3 2 2 4 4 2 4 1 4 1 0 4 0 4 0 4 3
 2 0 2] test_fold: [2 1 0 3 2 4 1 0 3 1 3 0 0 3 3 2 1 3 1 1 3 2 2 4 4 2 4 1 4 1 0 4 0 4 0 4 3
 2 0 2]
TRAIN (len=32): [ 0  1  3  4  5  6  8  9 10 13 14 15 16 17 18 19 20 21 22 23 24 25 26 27
 28 29 31 33 35 36 37 39] TEST (len=8): [ 2  7 11 12 30 32 34 38]
TRAIN (len=32): [ 0  2  3  4  5  7  8 10 11 12 13 14 15 17 20 21 22 23 24 25 26 28 30 31
 32 33 34 35 36 37 38 39] TEST (len=8): [ 1  6  9 16 18 19 27 29]
TRAIN (len=32): [ 1  2  3  5  6  7  8  9 10 11 12 13 14 16 17 18 19 20 23 24 26 27 28 29
 30 31 32 33 34 35 36 38] TEST (len=8): [ 0  4 15 21 22 25 37 39]
TRAIN (len=32): [ 0  1  2  4  5  6  7  9 11 12 15 16 18 19 21 22 23 24 25 26 27 28 29 30
 31 32 33 34 35 37 38 39] TEST (len=8): [ 3  8 10 13 14 17 20 36]
TRAIN (len=32): [ 0  1  2  3  4  6  7  8  9 10 11 12 13 14 15 16 17 18 19 20 21 22 25 27
 29 30 32 34 36 37 38 39] TEST (len=8): [ 5 23 24 26 28 31 33 35]

CV folds for repetition 4:
train_fold: [1 2 0 1 4 1 4 4 2 1 3 4 4 0 3 0 3 1 4 3 2 0 3 2 3 3 2 1 0 4 2 0 0 4 1 2 2
 0 1 3] test_fold: [1 2 0 1 4 1 4 4 2 1 3 4 4 0 3 0 3 1 4 3 2 0 3 2 3 3 2 1 0 4 2 0 0 4 1 2 2
 0 1 3]
TRAIN (len=32): [ 0  1  3  4  5  6  7  8  9 10 11 12 14 16 17 18 19 20 22 23 24 25 26 27
 29 30 33 34 35 36 38 39] TEST (len=8): [ 2 13 15 21 28 31 32 37]
TRAIN (len=32): [ 1  2  4  6  7  8 10 11 12 13 14 15 16 18 19 20 21 22 23 24 25 26 28 29
 30 31 32 33 35 36 37 39] TEST (len=8): [ 0  3  5  9 17 27 34 38]
TRAIN (len=32): [ 0  2  3  4  5  6  7  9 10 11 12 13 14 15 16 17 18 19 21 22 24 25 27 28
 29 31 32 33 34 37 38 39] TEST (len=8): [ 1  8 20 23 26 30 35 36]
TRAIN (len=32): [ 0  1  2  3  4  5  6  7  8  9 11 12 13 15 17 18 20 21 23 26 27 28 29 30
 31 32 33 34 35 36 37 38] TEST (len=8): [10 14 16 19 22 24 25 39]
TRAIN (len=32): [ 0  1  2  3  5  8  9 10 13 14 15 16 17 19 20 21 22 23 24 25 26 27 28 30
 31 32 34 35 36 37 38 39] TEST (len=8): [ 4  6  7 11 12 18 29 33]

CV folds for repetition 5:
train_fold: [1 2 0 4 0 3 4 2 0 2 1 0 2 4 4 2 0 1 3 1 1 1 2 0 2 3 2 4 0 4 3 1 4 3 1 3 3
 4 3 0] test_fold: [1 2 0 4 0 3 4 2 0 2 1 0 2 4 4 2 0 1 3 1 1 1 2 0 2 3 2 4 0 4 3 1 4 3 1 3 3
 4 3 0]
TRAIN (len=32): [ 0  1  3  5  6  7  9 10 12 13 14 15 17 18 19 20 21 22 24 25 26 27 29 30
 31 32 33 34 35 36 37 38] TEST (len=8): [ 2  4  8 11 16 23 28 39]
TRAIN (len=32): [ 1  2  3  4  5  6  7  8  9 11 12 13 14 15 16 18 22 23 24 25 26 27 28 29
 30 32 33 35 36 37 38 39] TEST (len=8): [ 0 10 17 19 20 21 31 34]
TRAIN (len=32): [ 0  2  3  4  5  6  8 10 11 13 14 16 17 18 19 20 21 23 25 27 28 29 30 31
 32 33 34 35 36 37 38 39] TEST (len=8): [ 1  7  9 12 15 22 24 26]
TRAIN (len=32): [ 0  1  2  3  4  6  7  8  9 10 11 12 13 14 15 16 17 19 20 21 22 23 24 26
 27 28 29 31 32 34 37 39] TEST (len=8): [ 5 18 25 30 33 35 36 38]
TRAIN (len=32): [ 0  1  2  4  5  7  8  9 10 11 12 15 16 17 18 19 20 21 22 23 24 25 26 28
 30 31 33 34 35 36 38 39] TEST (len=8): [ 3  6 13 14 27 29 32 37]

CV folds for repetition 6:
train_fold: [1 2 4 4 1 3 2 0 2 2 1 3 3 1 0 2 4 0 1 3 3 4 0 1 0 3 4 4 0 3 2 3 1 0 4 1 4
 0 2 2] test_fold: [1 2 4 4 1 3 2 0 2 2 1 3 3 1 0 2 4 0 1 3 3 4 0 1 0 3 4 4 0 3 2 3 1 0 4 1 4
 0 2 2]
TRAIN (len=32): [ 0  1  2  3  4  5  6  8  9 10 11 12 13 15 16 18 19 20 21 23 25 26 27 29
 30 31 32 34 35 36 38 39] TEST (len=8): [ 7 14 17 22 24 28 33 37]
TRAIN (len=32): [ 1  2  3  5  6  7  8  9 11 12 14 15 16 17 19 20 21 22 24 25 26 27 28 29
 30 31 33 34 36 37 38 39] TEST (len=8): [ 0  4 10 13 18 23 32 35]
TRAIN (len=32): [ 0  2  3  4  5  7 10 11 12 13 14 16 17 18 19 20 21 22 23 24 25 26 27 28
 29 31 32 33 34 35 36 37] TEST (len=8): [ 1  6  8  9 15 30 38 39]
TRAIN (len=32): [ 0  1  2  3  4  6  7  8  9 10 13 14 15 16 17 18 21 22 23 24 26 27 28 30
 32 33 34 35 36 37 38 39] TEST (len=8): [ 5 11 12 19 20 25 29 31]
TRAIN (len=32): [ 0  1  4  5  6  7  8  9 10 11 12 13 14 15 17 18 19 20 22 23 24 25 28 29
 30 31 32 33 35 37 38 39] TEST (len=8): [ 2  3 16 21 26 27 34 36]

CV folds for repetition 7:
train_fold: [3 4 3 0 1 0 2 4 2 1 2 3 4 0 3 4 4 2 0 0 2 1 4 3 4 0 2 1 1 3 2 0 3 1 0 1 3
 2 1 4] test_fold: [3 4 3 0 1 0 2 4 2 1 2 3 4 0 3 4 4 2 0 0 2 1 4 3 4 0 2 1 1 3 2 0 3 1 0 1 3
 2 1 4]
TRAIN (len=32): [ 0  1  2  4  6  7  8  9 10 11 12 14 15 16 17 20 21 22 23 24 26 27 28 29
 30 32 33 35 36 37 38 39] TEST (len=8): [ 3  5 13 18 19 25 31 34]
TRAIN (len=32): [ 0  1  2  3  5  6  7  8 10 11 12 13 14 15 16 17 18 19 20 22 23 24 25 26
 29 30 31 32 34 36 37 39] TEST (len=8): [ 4  9 21 27 28 33 35 38]
TRAIN (len=32): [ 0  1  2  3  4  5  7  9 11 12 13 14 15 16 18 19 21 22 23 24 25 27 28 29
 31 32 33 34 35 36 38 39] TEST (len=8): [ 6  8 10 17 20 26 30 37]
TRAIN (len=32): [ 1  3  4  5  6  7  8  9 10 12 13 15 16 17 18 19 20 21 22 24 25 26 27 28
 30 31 33 34 35 37 38 39] TEST (len=8): [ 0  2 11 14 23 29 32 36]
TRAIN (len=32): [ 0  2  3  4  5  6  8  9 10 11 13 14 17 18 19 20 21 23 25 26 27 28 29 30
 31 32 33 34 35 36 37 38] TEST (len=8): [ 1  7 12 15 16 22 24 39]

CV folds for repetition 8:
train_fold: [3 2 1 4 0 4 2 4 2 1 3 0 4 1 4 3 2 1 0 3 0 3 4 1 1 0 0 2 3 4 1 3 4 0 2 2 3
 1 2 0] test_fold: [3 2 1 4 0 4 2 4 2 1 3 0 4 1 4 3 2 1 0 3 0 3 4 1 1 0 0 2 3 4 1 3 4 0 2 2 3
 1 2 0]
TRAIN (len=32): [ 0  1  2  3  5  6  7  8  9 10 12 13 14 15 16 17 19 21 22 23 24 27 28 29
 30 31 32 34 35 36 37 38] TEST (len=8): [ 4 11 18 20 25 26 33 39]
TRAIN (len=32): [ 0  1  3  4  5  6  7  8 10 11 12 14 15 16 18 19 20 21 22 25 26 27 28 29
 31 32 33 34 35 36 38 39] TEST (len=8): [ 2  9 13 17 23 24 30 37]
TRAIN (len=32): [ 0  2  3  4  5  7  9 10 11 12 13 14 15 17 18 19 20 21 22 23 24 25 26 28
 29 30 31 32 33 36 37 39] TEST (len=8): [ 1  6  8 16 27 34 35 38]
TRAIN (len=32): [ 1  2  3  4  5  6  7  8  9 11 12 13 14 16 17 18 20 22 23 24 25 26 27 29
 30 32 33 34 35 37 38 39] TEST (len=8): [ 0 10 15 19 21 28 31 36]
TRAIN (len=32): [ 0  1  2  4  6  8  9 10 11 13 15 16 17 18 19 20 21 23 24 25 26 27 28 30
 31 33 34 35 36 37 38 39] TEST (len=8): [ 3  5  7 12 14 22 29 32]

CV folds for repetition 9:
train_fold: [4 4 1 4 3 1 3 0 1 1 0 2 3 3 3 4 3 4 2 0 3 2 0 0 2 1 3 1 2 1 1 2 0 0 4 4 4
 2 2 0] test_fold: [4 4 1 4 3 1 3 0 1 1 0 2 3 3 3 4 3 4 2 0 3 2 0 0 2 1 3 1 2 1 1 2 0 0 4 4 4
 2 2 0]
TRAIN (len=32): [ 0  1  2  3  4  5  6  8  9 11 12 13 14 15 16 17 18 20 21 24 25 26 27 28
 29 30 31 34 35 36 37 38] TEST (len=8): [ 7 10 19 22 23 32 33 39]
TRAIN (len=32): [ 0  1  3  4  6  7 10 11 12 13 14 15 16 17 18 19 20 21 22 23 24 26 28 31
 32 33 34 35 36 37 38 39] TEST (len=8): [ 2  5  8  9 25 27 29 30]
TRAIN (len=32): [ 0  1  2  3  4  5  6  7  8  9 10 12 13 14 15 16 17 19 20 22 23 25 26 27
 29 30 32 33 34 35 36 39] TEST (len=8): [11 18 21 24 28 31 37 38]
TRAIN (len=32): [ 0  1  2  3  5  7  8  9 10 11 15 17 18 19 21 22 23 24 25 27 28 29 30 31
 32 33 34 35 36 37 38 39] TEST (len=8): [ 4  6 12 13 14 16 20 26]
TRAIN (len=32): [ 2  4  5  6  7  8  9 10 11 12 13 14 16 18 19 20 21 22 23 24 25 26 27 28
 29 30 31 32 33 37 38 39] TEST (len=8): [ 0  1  3 15 17 34 35 36]

---------------------------------------------------------------------------------

C28 opt_params:
{'mcc': {'logisticregression__C': 1.0, 'logisticregression__l1_ratio': 1.0},
 'precision_recall_auc': {'logisticregression__C': 1.0,
                          'logisticregression__l1_ratio': 0.9},
 'roc_auc': {'logisticregression__C': 1.0, 'logisticregression__l1_ratio': 0.9}}

C28 opt_scores:
{'mcc': 0.6870686237785858,
 'precision_recall_auc': 0.8868823414542527,
 'roc_auc': 0.9002525252525251}

results:
{'best_params': [{'logisticregression__C': 0.1,
                  'logisticregression__l1_ratio': 0.8},
                 {'logisticregression__C': 0.1,
                  'logisticregression__l1_ratio': 0.9},
                 {'logisticregression__C': 0.1,
                  'logisticregression__l1_ratio': 1.0},
                 {'logisticregression__C': 0.1,
                  'logisticregression__l1_ratio': 0.4},
                 {'logisticregression__C': 0.1,
                  'logisticregression__l1_ratio': 0.6},
                 {'logisticregression__C': 0.1,
                  'logisticregression__l1_ratio': 0.8},
                 {'logisticregression__C': 1.0,
                  'logisticregression__l1_ratio': 1.0},
                 {'logisticregression__C': 1.0,
                  'logisticregression__l1_ratio': 0.9},
                 {'logisticregression__C': 1.0,
                  'logisticregression__l1_ratio': 0.9}],
 'best_score': [0.6519757976812599,
                0.8703781003332048,
                0.8746212121212121,
                0.7358415518759351,
                0.88582703528492,
                0.8890151515151514,
                0.6870686237785858,
                0.8868823414542527,
                0.9002525252525251],
 'scoring': ['mcc',
             'precision_recall_auc',
             'roc_auc',
             'mcc',
             'precision_recall_auc',
             'roc_auc',
             'mcc',
             'precision_recall_auc',
             'roc_auc'],
 'time': ['III14', 'III14', 'III14', 'C-1', 'C-1', 'C-1', 'C28', 'C28', 'C28']}

End: 23.03.2022_20-00-41
