/home/breuter/NestedCV/nestedcv/_nestedcv.py:814: DeprecationWarning: `np.object` is a deprecated alias for the builtin `object`. To silence this warning, use `object` by itself. Doing this will not modify any behavior and is safe. 
Deprecated in NumPy 1.20; for more details and guidance: https://numpy.org/devdocs/release/1.20.0-notes.html#deprecations
  np.full(len(grid), np.nan, dtype=np.object), mask=True
  File "rgscv_RF.py", line 252, in <module>
    args.identifier,
  File "rgscv_RF.py", line 167, in main
    gs.fit(X, y, groups)
  File "/home/breuter/NestedCV/nestedcv/_nestedcv.py", line 814, in fit
    np.full(len(grid), np.nan, dtype=np.object), mask=True
  File "/home/breuter/anaconda3/envs/malaria_env/lib/python3.7/site-packages/numpy/__init__.py", line 297, in __getattr__
    warnings.warn(msg, DeprecationWarning, stacklevel=2)
  File "/home/breuter/anaconda3/envs/malaria_env/lib/python3.7/warnings.py", line 110, in _showwarnmsg
    msg.file, msg.line)
  File "rgscv_RF.py", line 220, in warn_with_traceback
    traceback.print_stack(file=warning_file)
/home/breuter/NestedCV/nestedcv/_nestedcv.py:814: DeprecationWarning: `np.object` is a deprecated alias for the builtin `object`. To silence this warning, use `object` by itself. Doing this will not modify any behavior and is safe. 
Deprecated in NumPy 1.20; for more details and guidance: https://numpy.org/devdocs/release/1.20.0-notes.html#deprecations
  np.full(len(grid), np.nan, dtype=np.object), mask=True
  File "rgscv_RF.py", line 252, in <module>
    args.identifier,
  File "rgscv_RF.py", line 167, in main
    gs.fit(X, y, groups)
  File "/home/breuter/NestedCV/nestedcv/_nestedcv.py", line 814, in fit
    np.full(len(grid), np.nan, dtype=np.object), mask=True
  File "/home/breuter/anaconda3/envs/malaria_env/lib/python3.7/site-packages/numpy/__init__.py", line 297, in __getattr__
    warnings.warn(msg, DeprecationWarning, stacklevel=2)
  File "/home/breuter/anaconda3/envs/malaria_env/lib/python3.7/warnings.py", line 110, in _showwarnmsg
    msg.file, msg.line)
  File "rgscv_RF.py", line 220, in warn_with_traceback
    traceback.print_stack(file=warning_file)
/home/breuter/NestedCV/nestedcv/_nestedcv.py:814: DeprecationWarning: `np.object` is a deprecated alias for the builtin `object`. To silence this warning, use `object` by itself. Doing this will not modify any behavior and is safe. 
Deprecated in NumPy 1.20; for more details and guidance: https://numpy.org/devdocs/release/1.20.0-notes.html#deprecations
  np.full(len(grid), np.nan, dtype=np.object), mask=True
  File "rgscv_RF.py", line 252, in <module>
    args.identifier,
  File "rgscv_RF.py", line 167, in main
    gs.fit(X, y, groups)
  File "/home/breuter/NestedCV/nestedcv/_nestedcv.py", line 814, in fit
    np.full(len(grid), np.nan, dtype=np.object), mask=True
  File "/home/breuter/anaconda3/envs/malaria_env/lib/python3.7/site-packages/numpy/__init__.py", line 297, in __getattr__
    warnings.warn(msg, DeprecationWarning, stacklevel=2)
  File "/home/breuter/anaconda3/envs/malaria_env/lib/python3.7/warnings.py", line 110, in _showwarnmsg
    msg.file, msg.line)
  File "rgscv_RF.py", line 220, in warn_with_traceback
    traceback.print_stack(file=warning_file)
